
16735 : 0x2be6f9094965e : 1 : spill_jit_data :  Jit agent is not initialized
16735 : 0x2be6f9099170a : 2 : ittapi_config_mask_get :  --itt-config mask to be applied: 5
16735 : 0x2be6f90997f30 : 2 : ittapi_config_apply_per_lib :  ITTAPI function instrumented: __itt_domain_create
16735 : 0x2be6f90998e38 : 2 : ittapi_config_apply_per_lib :  ITTAPI function instrumented: __itt_string_handle_create
16735 : 0x2be6f90999a78 : 2 : ittapi_config_apply_per_lib :  ITTAPI function instrumented: __itt_counter_create
16735 : 0x2be6f9099a40e : 2 : ittapi_config_apply_per_lib :  ITTAPI function instrumented: __itt_counter_create_typed
16735 : 0x2be6f9099b056 : 2 : ittapi_config_apply_per_lib :  ITTAPI function instrumented: __itt_pause
16735 : 0x2be6f9099bca4 : 2 : ittapi_config_apply_per_lib :  ITTAPI function instrumented: __itt_resume
16735 : 0x2be6f9099c842 : 2 : ittapi_config_apply_per_lib :  ITTAPI function instrumented: __itt_thread_set_name
16735 : 0x2be6f9099d54a : 2 : ittapi_config_apply_per_lib :  ITTAPI function instrumented: __itt_thread_ignore
16735 : 0x2be6f909a678e : 2 : ittapi_config_apply_per_lib :  ITTAPI function instrumented: __itt_thr_name_set
16735 : 0x2be6f909a75ae : 2 : ittapi_config_apply_per_lib :  ITTAPI function instrumented: __itt_thr_ignore
16735 : 0x2be6f909a8e4e : 2 : ittapi_config_apply_per_lib :  ITTAPI function not implemented: __itt_enable_attach
16735 : 0x2be6f909aaa7e : 2 : ittapi_config_apply_per_lib :  ITTAPI function instrumented: __itt_detach
16735 : 0x2be6f909ab366 : 2 : ittapi_config_apply_per_lib :  ITTAPI function NOT instrumented (not matched by --itt-config option): __itt_sync_create

16735 : 0x2be6f909abd32 : 2 : ittapi_config_apply_per_lib :  ITTAPI function NOT instrumented (not matched by --itt-config option): __itt_sync_rename

16735 : 0x2be6f909ac580 : 2 : ittapi_config_apply_per_lib :  ITTAPI function NOT instrumented (not matched by --itt-config option): __itt_sync_destroy

16735 : 0x2be6f909ace0c : 2 : ittapi_config_apply_per_lib :  ITTAPI function NOT instrumented (not matched by --itt-config option): __itt_sync_prepare

16735 : 0x2be6f909ad5e0 : 2 : ittapi_config_apply_per_lib :  ITTAPI function NOT instrumented (not matched by --itt-config option): __itt_sync_cancel

16735 : 0x2be6f909adcee : 2 : ittapi_config_apply_per_lib :  ITTAPI function NOT instrumented (not matched by --itt-config option): __itt_sync_acquired

16735 : 0x2be6f909b166e : 2 : ittapi_config_apply_per_lib :  ITTAPI function NOT instrumented (not matched by --itt-config option): __itt_sync_releasing

16735 : 0x2be6f909b2abc : 2 : ittapi_config_apply_per_lib :  ITTAPI function not implemented: __itt_suppress_push
16735 : 0x2be6f909b3c2e : 2 : ittapi_config_apply_per_lib :  ITTAPI function not implemented: __itt_suppress_pop
16735 : 0x2be6f909b4bd8 : 2 : ittapi_config_apply_per_lib :  ITTAPI function not implemented: __itt_suppress_mark_range
16735 : 0x2be6f909b5b34 : 2 : ittapi_config_apply_per_lib :  ITTAPI function not implemented: __itt_suppress_clear_range
16735 : 0x2be6f909b62d0 : 2 : ittapi_config_apply_per_lib :  ITTAPI function NOT instrumented (not matched by --itt-config option): __itt_sync_prepare

16735 : 0x2be6f909c6b18 : 2 : ittapi_config_apply_per_lib :  ITTAPI function NOT instrumented (not matched by --itt-config option): __itt_sync_cancel

16735 : 0x2be6f909c762e : 2 : ittapi_config_apply_per_lib :  ITTAPI function NOT instrumented (not matched by --itt-config option): __itt_sync_acquired

16735 : 0x2be6f909c7d70 : 2 : ittapi_config_apply_per_lib :  ITTAPI function NOT instrumented (not matched by --itt-config option): __itt_sync_releasing

16735 : 0x2be6f909c8dce : 2 : ittapi_config_apply_per_lib :  ITTAPI function not implemented: __itt_model_site_begin
16735 : 0x2be6f909cbc9a : 2 : ittapi_config_apply_per_lib :  ITTAPI function not implemented: __itt_model_site_end
16735 : 0x2be6f909ccb3c : 2 : ittapi_config_apply_per_lib :  ITTAPI function not implemented: __itt_model_task_begin
16735 : 0x2be6f909cd864 : 2 : ittapi_config_apply_per_lib :  ITTAPI function not implemented: __itt_model_task_end
16735 : 0x2be6f909ce4be : 2 : ittapi_config_apply_per_lib :  ITTAPI function not implemented: __itt_model_lock_acquire
16735 : 0x2be6f909cf13a : 2 : ittapi_config_apply_per_lib :  ITTAPI function not implemented: __itt_model_lock_release
16735 : 0x2be6f909cfe2c : 2 : ittapi_config_apply_per_lib :  ITTAPI function not implemented: __itt_model_record_allocation
16735 : 0x2be6f909d0c82 : 2 : ittapi_config_apply_per_lib :  ITTAPI function not implemented: __itt_model_record_deallocation
16735 : 0x2be6f909d1a7c : 2 : ittapi_config_apply_per_lib :  ITTAPI function not implemented: __itt_model_induction_uses
16735 : 0x2be6f909d270e : 2 : ittapi_config_apply_per_lib :  ITTAPI function not implemented: __itt_model_reduction_uses
16735 : 0x2be6f909d3464 : 2 : ittapi_config_apply_per_lib :  ITTAPI function not implemented: __itt_model_observe_uses
16735 : 0x2be6f909d7022 : 2 : ittapi_config_apply_per_lib :  ITTAPI function not implemented: __itt_model_clear_uses
16735 : 0x2be6f909d7fec : 2 : ittapi_config_apply_per_lib :  ITTAPI function not implemented: __itt_model_site_beginA
16735 : 0x2be6f909d8e9e : 2 : ittapi_config_apply_per_lib :  ITTAPI function not implemented: __itt_model_site_beginAL
16735 : 0x2be6f909d9ce0 : 2 : ittapi_config_apply_per_lib :  ITTAPI function not implemented: __itt_model_task_beginA
16735 : 0x2be6f909daafc : 2 : ittapi_config_apply_per_lib :  ITTAPI function not implemented: __itt_model_task_beginAL
16735 : 0x2be6f909db88c : 2 : ittapi_config_apply_per_lib :  ITTAPI function not implemented: __itt_model_iteration_taskA
16735 : 0x2be6f909dc5d0 : 2 : ittapi_config_apply_per_lib :  ITTAPI function not implemented: __itt_model_iteration_taskAL
16735 : 0x2be6f909dd1e8 : 2 : ittapi_config_apply_per_lib :  ITTAPI function not implemented: __itt_model_site_end_2
16735 : 0x2be6f909ddcfa : 2 : ittapi_config_apply_per_lib :  ITTAPI function not implemented: __itt_model_task_end_2
16735 : 0x2be6f909deaee : 2 : ittapi_config_apply_per_lib :  ITTAPI function not implemented: __itt_model_lock_acquire_2
16735 : 0x2be6f909e158c : 2 : ittapi_config_apply_per_lib :  ITTAPI function not implemented: __itt_model_lock_release_2
16735 : 0x2be6f909e2328 : 2 : ittapi_config_apply_per_lib :  ITTAPI function not implemented: __itt_model_aggregate_task
16735 : 0x2be6f909e2ecc : 2 : ittapi_config_apply_per_lib :  ITTAPI function not implemented: __itt_model_disable_push
16735 : 0x2be6f909e3b2a : 2 : ittapi_config_apply_per_lib :  ITTAPI function not implemented: __itt_model_disable_pop
16735 : 0x2be6f909e461a : 2 : ittapi_config_apply_per_lib :  ITTAPI function instrumented: __itt_heap_function_create
16735 : 0x2be6f909e512e : 2 : ittapi_config_apply_per_lib :  ITTAPI function instrumented: __itt_heap_allocate_begin
16735 : 0x2be6f909e5b4e : 2 : ittapi_config_apply_per_lib :  ITTAPI function instrumented: __itt_heap_allocate_end
16735 : 0x2be6f909e66fa : 2 : ittapi_config_apply_per_lib :  ITTAPI function instrumented: __itt_heap_free_begin
16735 : 0x2be6f909e70de : 2 : ittapi_config_apply_per_lib :  ITTAPI function instrumented: __itt_heap_free_end
16735 : 0x2be6f909e7bc0 : 2 : ittapi_config_apply_per_lib :  ITTAPI function instrumented: __itt_heap_reallocate_begin
16735 : 0x2be6f909ea0e4 : 2 : ittapi_config_apply_per_lib :  ITTAPI function instrumented: __itt_heap_reallocate_end
16735 : 0x2be6f909eb2d8 : 2 : ittapi_config_apply_per_lib :  ITTAPI function not implemented: __itt_heap_internal_access_begin
16735 : 0x2be6f909ec24c : 2 : ittapi_config_apply_per_lib :  ITTAPI function not implemented: __itt_heap_internal_access_end
16735 : 0x2be6f909ed452 : 2 : ittapi_config_apply_per_lib :  ITTAPI function not implemented: __itt_heap_record_memory_growth_begin
16735 : 0x2be6f909ee2f4 : 2 : ittapi_config_apply_per_lib :  ITTAPI function not implemented: __itt_heap_record_memory_growth_end
16735 : 0x2be6f909ef042 : 2 : ittapi_config_apply_per_lib :  ITTAPI function not implemented: __itt_heap_reset_detection
16735 : 0x2be6f909efd8c : 2 : ittapi_config_apply_per_lib :  ITTAPI function not implemented: __itt_heap_record
16735 : 0x2be6f909f0ade : 2 : ittapi_config_apply_per_lib :  ITTAPI function not implemented: __itt_id_create
16735 : 0x2be6f909f179a : 2 : ittapi_config_apply_per_lib :  ITTAPI function not implemented: __itt_id_destroy
16735 : 0x2be6f909f222a : 2 : ittapi_config_apply_per_lib :  ITTAPI function instrumented: __itt_get_timestamp
16735 : 0x2be6f909f5748 : 2 : ittapi_config_apply_per_lib :  ITTAPI function not implemented: __itt_region_begin
16735 : 0x2be6f909f6490 : 2 : ittapi_config_apply_per_lib :  ITTAPI function not implemented: __itt_region_end
16735 : 0x2be6f909f6ea8 : 2 : ittapi_config_apply_per_lib :  ITTAPI function instrumented: __itt_frame_begin_v3
16735 : 0x2be6f909f78c0 : 2 : ittapi_config_apply_per_lib :  ITTAPI function instrumented: __itt_frame_end_v3
16735 : 0x2be6f909f8402 : 2 : ittapi_config_apply_per_lib :  ITTAPI function instrumented: __itt_frame_submit_v3
16735 : 0x2be6f909f9174 : 2 : ittapi_config_apply_per_lib :  ITTAPI function not implemented: __itt_task_group
16735 : 0x2be6f909f9c1c : 2 : ittapi_config_apply_per_lib :  ITTAPI function instrumented: __itt_task_begin
16735 : 0x2be6f909fa770 : 2 : ittapi_config_apply_per_lib :  ITTAPI function instrumented: __itt_task_begin_fn
16735 : 0x2be6f909fb296 : 2 : ittapi_config_apply_per_lib :  ITTAPI function instrumented: __itt_task_end
16735 : 0x2be6f909fba72 : 2 : ittapi_config_apply_per_lib :  ITTAPI function NOT instrumented (not matched by --itt-config option): __itt_counter_inc_v3

16735 : 0x2be6f90a0f0fe : 2 : ittapi_config_apply_per_lib :  ITTAPI function NOT instrumented (not matched by --itt-config option): __itt_counter_inc_delta_v3

16735 : 0x2be6f90a0fa06 : 2 : ittapi_config_apply_per_lib :  ITTAPI function NOT instrumented (not matched by --itt-config option): __itt_counter_dec_v3

16735 : 0x2be6f90a101ac : 2 : ittapi_config_apply_per_lib :  ITTAPI function NOT instrumented (not matched by --itt-config option): __itt_counter_dec_delta_v3

16735 : 0x2be6f90a11176 : 2 : ittapi_config_apply_per_lib :  ITTAPI function not implemented: __itt_marker
16735 : 0x2be6f90a11d74 : 2 : ittapi_config_apply_per_lib :  ITTAPI function instrumented: __itt_metadata_add
16735 : 0x2be6f90a12aa4 : 2 : ittapi_config_apply_per_lib :  ITTAPI function not implemented: __itt_metadata_str_add
16735 : 0x2be6f90a13894 : 2 : ittapi_config_apply_per_lib :  ITTAPI function not implemented: __itt_relation_add_to_current
16735 : 0x2be6f90a14630 : 2 : ittapi_config_apply_per_lib :  ITTAPI function not implemented: __itt_relation_add
16735 : 0x2be6f90a15074 : 2 : ittapi_config_apply_per_lib :  ITTAPI function instrumented: __itt_event_create
16735 : 0x2be6f90a15782 : 2 : ittapi_config_apply_per_lib :  ITTAPI function NOT instrumented (not matched by --itt-config option): __itt_event_start

16735 : 0x2be6f90a17a06 : 2 : ittapi_config_apply_per_lib :  ITTAPI function NOT instrumented (not matched by --itt-config option): __itt_event_end

16735 : 0x2be6f90a18316 : 2 : ittapi_config_apply_per_lib :  ITTAPI function NOT instrumented (not matched by --itt-config option): __itt_sync_set_name

16735 : 0x2be6f90a18bcc : 2 : ittapi_config_apply_per_lib :  ITTAPI function NOT instrumented (not matched by --itt-config option): __itt_notify_sync_name

16735 : 0x2be6f90a193ac : 2 : ittapi_config_apply_per_lib :  ITTAPI function NOT instrumented (not matched by --itt-config option): __itt_notify_sync_prepare

16735 : 0x2be6f90a19ba2 : 2 : ittapi_config_apply_per_lib :  ITTAPI function NOT instrumented (not matched by --itt-config option): __itt_notify_sync_cancel

16735 : 0x2be6f90a1a324 : 2 : ittapi_config_apply_per_lib :  ITTAPI function NOT instrumented (not matched by --itt-config option): __itt_notify_sync_acquired

16735 : 0x2be6f90a1aa56 : 2 : ittapi_config_apply_per_lib :  ITTAPI function NOT instrumented (not matched by --itt-config option): __itt_notify_sync_releasing

16735 : 0x2be6f90a1b8c2 : 2 : ittapi_config_apply_per_lib :  ITTAPI function not implemented: __itt_memory_read
16735 : 0x2be6f90a1c584 : 2 : ittapi_config_apply_per_lib :  ITTAPI function not implemented: __itt_memory_write
16735 : 0x2be6f90a1d26c : 2 : ittapi_config_apply_per_lib :  ITTAPI function not implemented: __itt_memory_update
16735 : 0x2be6f90a20624 : 2 : ittapi_config_apply_per_lib :  ITTAPI function not implemented: __itt_state_get
16735 : 0x2be6f90a212fe : 2 : ittapi_config_apply_per_lib :  ITTAPI function not implemented: __itt_state_set
16735 : 0x2be6f90a21ee0 : 2 : ittapi_config_apply_per_lib :  ITTAPI function not implemented: __itt_obj_mode_set
16735 : 0x2be6f90a22b68 : 2 : ittapi_config_apply_per_lib :  ITTAPI function not implemented: __itt_thr_mode_set
16735 : 0x2be6f90a234b4 : 2 : ittapi_config_apply_per_lib :  ITTAPI function instrumented: __itt_frame_create
16735 : 0x2be6f90a23f96 : 2 : ittapi_config_apply_per_lib :  ITTAPI function instrumented: __itt_frame_begin
16735 : 0x2be6f90a249b8 : 2 : ittapi_config_apply_per_lib :  ITTAPI function instrumented: __itt_frame_end
16735 : 0x2be6f90a2512a : 2 : ittapi_config_apply_per_lib :  ITTAPI function NOT instrumented (not matched by --itt-config option): __itt_counter_destroy

16735 : 0x2be6f90a25906 : 2 : ittapi_config_apply_per_lib :  ITTAPI function NOT instrumented (not matched by --itt-config option): __itt_counter_inc

16735 : 0x2be6f90a2607e : 2 : ittapi_config_apply_per_lib :  ITTAPI function NOT instrumented (not matched by --itt-config option): __itt_counter_inc_delta

16735 : 0x2be6f90a28464 : 2 : ittapi_config_apply_per_lib :  ITTAPI function NOT instrumented (not matched by --itt-config option): __itt_counter_dec

16735 : 0x2be6f90a28ca8 : 2 : ittapi_config_apply_per_lib :  ITTAPI function NOT instrumented (not matched by --itt-config option): __itt_counter_dec_delta

16735 : 0x2be6f90a2941e : 2 : ittapi_config_apply_per_lib :  ITTAPI function NOT instrumented (not matched by --itt-config option): __itt_counter_set_value

16735 : 0x2be6f90a29b40 : 2 : ittapi_config_apply_per_lib :  ITTAPI function NOT instrumented (not matched by --itt-config option): __itt_counter_set_value_ex

16735 : 0x2be6f90a2a920 : 2 : ittapi_config_apply_per_lib :  ITTAPI function not implemented: __itt_mark_create
16735 : 0x2be6f90a2b65c : 2 : ittapi_config_apply_per_lib :  ITTAPI function not implemented: __itt_mark
16735 : 0x2be6f90a2c46a : 2 : ittapi_config_apply_per_lib :  ITTAPI function not implemented: __itt_mark_off
16735 : 0x2be6f90a2d0bc : 2 : ittapi_config_apply_per_lib :  ITTAPI function not implemented: __itt_mark_global
16735 : 0x2be6f90a2ddb8 : 2 : ittapi_config_apply_per_lib :  ITTAPI function not implemented: __itt_mark_global_off
16735 : 0x2be6f90a2e744 : 2 : ittapi_config_apply_per_lib :  ITTAPI function NOT instrumented (not matched by --itt-config option): __itt_stack_caller_create

16735 : 0x2be6f90a30812 : 2 : ittapi_config_apply_per_lib :  ITTAPI function NOT instrumented (not matched by --itt-config option): __itt_stack_caller_destroy

16735 : 0x2be6f90a3113e : 2 : ittapi_config_apply_per_lib :  ITTAPI function NOT instrumented (not matched by --itt-config option): __itt_stack_callee_enter

16735 : 0x2be6f90a31984 : 2 : ittapi_config_apply_per_lib :  ITTAPI function NOT instrumented (not matched by --itt-config option): __itt_stack_callee_leave

16735 : 0x2be6f90a3287a : 2 : ittapi_config_apply_per_lib :  ITTAPI function not implemented: __itt_clock_domain_create
16735 : 0x2be6f90a335e8 : 2 : ittapi_config_apply_per_lib :  ITTAPI function not implemented: __itt_clock_domain_reset
16735 : 0x2be6f90a341c0 : 2 : ittapi_config_apply_per_lib :  ITTAPI function not implemented: __itt_id_create_ex
16735 : 0x2be6f90a34e58 : 2 : ittapi_config_apply_per_lib :  ITTAPI function not implemented: __itt_id_destroy_ex
16735 : 0x2be6f90a35cb6 : 2 : ittapi_config_apply_per_lib :  ITTAPI function not implemented: __itt_task_begin_ex
16735 : 0x2be6f90a3695c : 2 : ittapi_config_apply_per_lib :  ITTAPI function not implemented: __itt_task_begin_fn_ex
16735 : 0x2be6f90a3771a : 2 : ittapi_config_apply_per_lib :  ITTAPI function not implemented: __itt_task_end_ex
16735 : 0x2be6f90a39c34 : 2 : ittapi_config_apply_per_lib :  ITTAPI function instrumented: __itt_task_begin_overlapped
16735 : 0x2be6f90a3ab60 : 2 : ittapi_config_apply_per_lib :  ITTAPI function not implemented: __itt_task_begin_overlapped_ex
16735 : 0x2be6f90a3b630 : 2 : ittapi_config_apply_per_lib :  ITTAPI function instrumented: __itt_task_end_overlapped
16735 : 0x2be6f90a3c582 : 2 : ittapi_config_apply_per_lib :  ITTAPI function not implemented: __itt_task_end_overlapped_ex
16735 : 0x2be6f90a3d324 : 2 : ittapi_config_apply_per_lib :  ITTAPI function not implemented: __itt_marker_ex
16735 : 0x2be6f90a3e0b4 : 2 : ittapi_config_apply_per_lib :  ITTAPI function not implemented: __itt_metadata_add_with_scope
16735 : 0x2be6f90a3eefa : 2 : ittapi_config_apply_per_lib :  ITTAPI function not implemented: __itt_metadata_str_add_with_scope
16735 : 0x2be6f90a3fe20 : 2 : ittapi_config_apply_per_lib :  ITTAPI function not implemented: __itt_relation_add_to_current_ex
16735 : 0x2be6f90a40a9c : 2 : ittapi_config_apply_per_lib :  ITTAPI function not implemented: __itt_relation_add_ex
16735 : 0x2be6f90a41802 : 2 : ittapi_config_apply_per_lib :  ITTAPI function not implemented: __itt_track_group_create
16735 : 0x2be6f90a44c72 : 2 : ittapi_config_apply_per_lib :  ITTAPI function not implemented: __itt_track_create
16735 : 0x2be6f90a45a10 : 2 : ittapi_config_apply_per_lib :  ITTAPI function not implemented: __itt_set_track
16735 : 0x2be6f90a4bd76 : 2 : ittapi_config_apply_per_lib :  ITTAPI function instrumented: __itt_api_version
16735 : 0x2be6f90a4ca74 : 2 : ittapi_config_apply_per_lib :  ITTAPI function not implemented: __itt_av_save
16735 : 0x2be6f90a4d4dc : 2 : ittapi_config_apply_per_lib :  ITTAPI function instrumented: __itt_module_load
16735 : 0x2be6f90b3dc76 : 2 : ittapi_config_mask_get :  --itt-config mask to be applied: 5
16735 : 0x2be6f90b3f6be : 2 : ittapi_config_apply_per_lib :  ITTAPI function instrumented: __itt_domain_create
16735 : 0x2be6f90b40178 : 2 : ittapi_config_apply_per_lib :  ITTAPI function instrumented: __itt_string_handle_create
16735 : 0x2be6f90b40ca6 : 2 : ittapi_config_apply_per_lib :  ITTAPI function instrumented: __itt_pause
16735 : 0x2be6f90b416ba : 2 : ittapi_config_apply_per_lib :  ITTAPI function instrumented: __itt_resume
16735 : 0x2be6f90b4625a : 2 : ittapi_config_apply_per_lib :  ITTAPI function instrumented: __itt_thread_set_name
16735 : 0x2be6f90b46eec : 2 : ittapi_config_apply_per_lib :  ITTAPI function instrumented: __itt_thread_ignore
16735 : 0x2be6f90b47998 : 2 : ittapi_config_apply_per_lib :  ITTAPI function instrumented: __itt_thr_name_set
16735 : 0x2be6f90b484a8 : 2 : ittapi_config_apply_per_lib :  ITTAPI function instrumented: __itt_thr_ignore
16735 : 0x2be6f90b495fc : 2 : ittapi_config_apply_per_lib :  ITTAPI function not implemented: __itt_enable_attach
16735 : 0x2be6f90b4a21a : 2 : ittapi_config_apply_per_lib :  ITTAPI function instrumented: __itt_detach
16735 : 0x2be6f90b4aa44 : 2 : ittapi_config_apply_per_lib :  ITTAPI function NOT instrumented (not matched by --itt-config option): __itt_sync_create

16735 : 0x2be6f90b4b2c6 : 2 : ittapi_config_apply_per_lib :  ITTAPI function NOT instrumented (not matched by --itt-config option): __itt_sync_rename

16735 : 0x2be6f90b4ba88 : 2 : ittapi_config_apply_per_lib :  ITTAPI function NOT instrumented (not matched by --itt-config option): __itt_sync_destroy

16735 : 0x2be6f90b4c1ae : 2 : ittapi_config_apply_per_lib :  ITTAPI function NOT instrumented (not matched by --itt-config option): __itt_sync_prepare

16735 : 0x2be6f90b4e3f4 : 2 : ittapi_config_apply_per_lib :  ITTAPI function NOT instrumented (not matched by --itt-config option): __itt_sync_cancel

16735 : 0x2be6f90b4eba8 : 2 : ittapi_config_apply_per_lib :  ITTAPI function NOT instrumented (not matched by --itt-config option): __itt_sync_acquired

16735 : 0x2be6f90b4f324 : 2 : ittapi_config_apply_per_lib :  ITTAPI function NOT instrumented (not matched by --itt-config option): __itt_sync_releasing

16735 : 0x2be6f90b50278 : 2 : ittapi_config_apply_per_lib :  ITTAPI function not implemented: __itt_suppress_push
16735 : 0x2be6f90b510c6 : 2 : ittapi_config_apply_per_lib :  ITTAPI function not implemented: __itt_suppress_pop
16735 : 0x2be6f90b51e10 : 2 : ittapi_config_apply_per_lib :  ITTAPI function not implemented: __itt_suppress_mark_range
16735 : 0x2be6f90b52bb8 : 2 : ittapi_config_apply_per_lib :  ITTAPI function not implemented: __itt_suppress_clear_range
16735 : 0x2be6f90b533e8 : 2 : ittapi_config_apply_per_lib :  ITTAPI function NOT instrumented (not matched by --itt-config option): __itt_sync_prepare

16735 : 0x2be6f90b53b3c : 2 : ittapi_config_apply_per_lib :  ITTAPI function NOT instrumented (not matched by --itt-config option): __itt_sync_cancel

16735 : 0x2be6f90b5422a : 2 : ittapi_config_apply_per_lib :  ITTAPI function NOT instrumented (not matched by --itt-config option): __itt_sync_acquired

16735 : 0x2be6f90b57718 : 2 : ittapi_config_apply_per_lib :  ITTAPI function NOT instrumented (not matched by --itt-config option): __itt_sync_releasing

16735 : 0x2be6f90b58898 : 2 : ittapi_config_apply_per_lib :  ITTAPI function not implemented: __itt_model_site_begin
16735 : 0x2be6f90b59766 : 2 : ittapi_config_apply_per_lib :  ITTAPI function not implemented: __itt_model_site_end
16735 : 0x2be6f90b5a448 : 2 : ittapi_config_apply_per_lib :  ITTAPI function not implemented: __itt_model_task_begin
16735 : 0x2be6f90b5b11a : 2 : ittapi_config_apply_per_lib :  ITTAPI function not implemented: __itt_model_task_end
16735 : 0x2be6f90b5be38 : 2 : ittapi_config_apply_per_lib :  ITTAPI function not implemented: __itt_model_lock_acquire
16735 : 0x2be6f90b5ca3c : 2 : ittapi_config_apply_per_lib :  ITTAPI function not implemented: __itt_model_lock_release
16735 : 0x2be6f90b5d6b4 : 2 : ittapi_config_apply_per_lib :  ITTAPI function not implemented: __itt_model_record_allocation
16735 : 0x2be6f90b5e476 : 2 : ittapi_config_apply_per_lib :  ITTAPI function not implemented: __itt_model_record_deallocation
16735 : 0x2be6f90b5f2de : 2 : ittapi_config_apply_per_lib :  ITTAPI function not implemented: __itt_model_induction_uses
16735 : 0x2be6f90b61b56 : 2 : ittapi_config_apply_per_lib :  ITTAPI function not implemented: __itt_model_reduction_uses
16735 : 0x2be6f90b62a66 : 2 : ittapi_config_apply_per_lib :  ITTAPI function not implemented: __itt_model_observe_uses
16735 : 0x2be6f90b636c8 : 2 : ittapi_config_apply_per_lib :  ITTAPI function not implemented: __itt_model_clear_uses
16735 : 0x2be6f90b64518 : 2 : ittapi_config_apply_per_lib :  ITTAPI function not implemented: __itt_model_site_beginA
16735 : 0x2be6f90b65296 : 2 : ittapi_config_apply_per_lib :  ITTAPI function not implemented: __itt_model_site_beginAL
16735 : 0x2be6f90b66122 : 2 : ittapi_config_apply_per_lib :  ITTAPI function not implemented: __itt_model_task_beginA
16735 : 0x2be6f90b66ede : 2 : ittapi_config_apply_per_lib :  ITTAPI function not implemented: __itt_model_task_beginAL
16735 : 0x2be6f90b67bf0 : 2 : ittapi_config_apply_per_lib :  ITTAPI function not implemented: __itt_model_iteration_taskA
16735 : 0x2be6f90b688ca : 2 : ittapi_config_apply_per_lib :  ITTAPI function not implemented: __itt_model_iteration_taskAL
16735 : 0x2be6f90b694bc : 2 : ittapi_config_apply_per_lib :  ITTAPI function not implemented: __itt_model_site_end_2
16735 : 0x2be6f90b6bc12 : 2 : ittapi_config_apply_per_lib :  ITTAPI function not implemented: __itt_model_task_end_2
16735 : 0x2be6f90b6cbc6 : 2 : ittapi_config_apply_per_lib :  ITTAPI function not implemented: __itt_model_lock_acquire_2
16735 : 0x2be6f90b6d7ea : 2 : ittapi_config_apply_per_lib :  ITTAPI function not implemented: __itt_model_lock_release_2
16735 : 0x2be6f90b6e444 : 2 : ittapi_config_apply_per_lib :  ITTAPI function not implemented: __itt_model_aggregate_task
16735 : 0x2be6f90b6efbe : 2 : ittapi_config_apply_per_lib :  ITTAPI function not implemented: __itt_model_disable_push
16735 : 0x2be6f90b6fbc2 : 2 : ittapi_config_apply_per_lib :  ITTAPI function not implemented: __itt_model_disable_pop
16735 : 0x2be6f90b705e6 : 2 : ittapi_config_apply_per_lib :  ITTAPI function instrumented: __itt_heap_function_create
16735 : 0x2be6f90b71114 : 2 : ittapi_config_apply_per_lib :  ITTAPI function instrumented: __itt_heap_allocate_begin
16735 : 0x2be6f90b71b62 : 2 : ittapi_config_apply_per_lib :  ITTAPI function instrumented: __itt_heap_allocate_end
16735 : 0x2be6f90b7262a : 2 : ittapi_config_apply_per_lib :  ITTAPI function instrumented: __itt_heap_free_begin
16735 : 0x2be6f90b754de : 2 : ittapi_config_apply_per_lib :  ITTAPI function instrumented: __itt_heap_free_end
16735 : 0x2be6f90b76036 : 2 : ittapi_config_apply_per_lib :  ITTAPI function instrumented: __itt_heap_reallocate_begin
16735 : 0x2be6f90b76b24 : 2 : ittapi_config_apply_per_lib :  ITTAPI function instrumented: __itt_heap_reallocate_end
16735 : 0x2be6f90b779c0 : 2 : ittapi_config_apply_per_lib :  ITTAPI function not implemented: __itt_heap_internal_access_begin
16735 : 0x2be6f90b78820 : 2 : ittapi_config_apply_per_lib :  ITTAPI function not implemented: __itt_heap_internal_access_end
16735 : 0x2be6f90b79624 : 2 : ittapi_config_apply_per_lib :  ITTAPI function not implemented: __itt_heap_record_memory_growth_begin
16735 : 0x2be6f90b7a422 : 2 : ittapi_config_apply_per_lib :  ITTAPI function not implemented: __itt_heap_record_memory_growth_end
16735 : 0x2be6f90b7b0e8 : 2 : ittapi_config_apply_per_lib :  ITTAPI function not implemented: __itt_heap_reset_detection
16735 : 0x2be6f90b7bd80 : 2 : ittapi_config_apply_per_lib :  ITTAPI function not implemented: __itt_heap_record
16735 : 0x2be6f90b7ca3a : 2 : ittapi_config_apply_per_lib :  ITTAPI function not implemented: __itt_id_create
16735 : 0x2be6f90b7f1ba : 2 : ittapi_config_apply_per_lib :  ITTAPI function not implemented: __itt_id_destroy
16735 : 0x2be6f90b7fd80 : 2 : ittapi_config_apply_per_lib :  ITTAPI function instrumented: __itt_get_timestamp
16735 : 0x2be6f90b80a72 : 2 : ittapi_config_apply_per_lib :  ITTAPI function not implemented: __itt_region_begin
16735 : 0x2be6f90b81640 : 2 : ittapi_config_apply_per_lib :  ITTAPI function not implemented: __itt_region_end
16735 : 0x2be6f90b82000 : 2 : ittapi_config_apply_per_lib :  ITTAPI function instrumented: __itt_frame_begin_v3
16735 : 0x2be6f90b829be : 2 : ittapi_config_apply_per_lib :  ITTAPI function instrumented: __itt_frame_end_v3
16735 : 0x2be6f90b834c4 : 2 : ittapi_config_apply_per_lib :  ITTAPI function instrumented: __itt_frame_submit_v3
16735 : 0x2be6f90b84198 : 2 : ittapi_config_apply_per_lib :  ITTAPI function not implemented: __itt_task_group
16735 : 0x2be6f90b84c22 : 2 : ittapi_config_apply_per_lib :  ITTAPI function instrumented: __itt_task_begin
16735 : 0x2be6f90b8575c : 2 : ittapi_config_apply_per_lib :  ITTAPI function instrumented: __itt_task_begin_fn
16735 : 0x2be6f90b87b1e : 2 : ittapi_config_apply_per_lib :  ITTAPI function instrumented: __itt_task_end
16735 : 0x2be6f90b88338 : 2 : ittapi_config_apply_per_lib :  ITTAPI function NOT instrumented (not matched by --itt-config option): __itt_counter_inc_v3

16735 : 0x2be6f90b88b0c : 2 : ittapi_config_apply_per_lib :  ITTAPI function NOT instrumented (not matched by --itt-config option): __itt_counter_inc_delta_v3

16735 : 0x2be6f90b897e4 : 2 : ittapi_config_apply_per_lib :  ITTAPI function not implemented: __itt_marker
16735 : 0x2be6f90b8a352 : 2 : ittapi_config_apply_per_lib :  ITTAPI function instrumented: __itt_metadata_add
16735 : 0x2be6f90b8afac : 2 : ittapi_config_apply_per_lib :  ITTAPI function not implemented: __itt_metadata_str_add
16735 : 0x2be6f90b8bd22 : 2 : ittapi_config_apply_per_lib :  ITTAPI function not implemented: __itt_relation_add_to_current
16735 : 0x2be6f90b8ca60 : 2 : ittapi_config_apply_per_lib :  ITTAPI function not implemented: __itt_relation_add
16735 : 0x2be6f90b8d3c6 : 2 : ittapi_config_apply_per_lib :  ITTAPI function instrumented: __itt_event_create
16735 : 0x2be6f90b8da96 : 2 : ittapi_config_apply_per_lib :  ITTAPI function NOT instrumented (not matched by --itt-config option): __itt_event_start

16735 : 0x2be6f90b8fa44 : 2 : ittapi_config_apply_per_lib :  ITTAPI function NOT instrumented (not matched by --itt-config option): __itt_event_end

16735 : 0x2be6f90b902a8 : 2 : ittapi_config_apply_per_lib :  ITTAPI function NOT instrumented (not matched by --itt-config option): __itt_sync_set_name

16735 : 0x2be6f90b90a4e : 2 : ittapi_config_apply_per_lib :  ITTAPI function NOT instrumented (not matched by --itt-config option): __itt_notify_sync_name

16735 : 0x2be6f90b91202 : 2 : ittapi_config_apply_per_lib :  ITTAPI function NOT instrumented (not matched by --itt-config option): __itt_notify_sync_prepare

16735 : 0x2be6f90b91956 : 2 : ittapi_config_apply_per_lib :  ITTAPI function NOT instrumented (not matched by --itt-config option): __itt_notify_sync_cancel

16735 : 0x2be6f90b920b4 : 2 : ittapi_config_apply_per_lib :  ITTAPI function NOT instrumented (not matched by --itt-config option): __itt_notify_sync_acquired

16735 : 0x2be6f90b927ec : 2 : ittapi_config_apply_per_lib :  ITTAPI function NOT instrumented (not matched by --itt-config option): __itt_notify_sync_releasing

16735 : 0x2be6f90b9366e : 2 : ittapi_config_apply_per_lib :  ITTAPI function not implemented: __itt_memory_read
16735 : 0x2be6f90b94330 : 2 : ittapi_config_apply_per_lib :  ITTAPI function not implemented: __itt_memory_write
16735 : 0x2be6f90b94fae : 2 : ittapi_config_apply_per_lib :  ITTAPI function not implemented: __itt_memory_update
16735 : 0x2be6f90b9819c : 2 : ittapi_config_apply_per_lib :  ITTAPI function not implemented: __itt_state_get
16735 : 0x2be6f90b98de0 : 2 : ittapi_config_apply_per_lib :  ITTAPI function not implemented: __itt_state_set
16735 : 0x2be6f90b99990 : 2 : ittapi_config_apply_per_lib :  ITTAPI function not implemented: __itt_obj_mode_set
16735 : 0x2be6f90b9a58a : 2 : ittapi_config_apply_per_lib :  ITTAPI function not implemented: __itt_thr_mode_set
16735 : 0x2be6f90b9ae8c : 2 : ittapi_config_apply_per_lib :  ITTAPI function instrumented: __itt_frame_create
16735 : 0x2be6f90b9b88e : 2 : ittapi_config_apply_per_lib :  ITTAPI function instrumented: __itt_frame_begin
16735 : 0x2be6f90b9c234 : 2 : ittapi_config_apply_per_lib :  ITTAPI function instrumented: __itt_frame_end
16735 : 0x2be6f90b9cd18 : 2 : ittapi_config_apply_per_lib :  ITTAPI function instrumented: __itt_counter_create
16735 : 0x2be6f90b9d3e4 : 2 : ittapi_config_apply_per_lib :  ITTAPI function NOT instrumented (not matched by --itt-config option): __itt_counter_destroy

16735 : 0x2be6f90b9db8e : 2 : ittapi_config_apply_per_lib :  ITTAPI function NOT instrumented (not matched by --itt-config option): __itt_counter_inc

16735 : 0x2be6f90b9fdc6 : 2 : ittapi_config_apply_per_lib :  ITTAPI function NOT instrumented (not matched by --itt-config option): __itt_counter_inc_delta

16735 : 0x2be6f90ba0c7a : 2 : ittapi_config_apply_per_lib :  ITTAPI function not implemented: __itt_mark_create
16735 : 0x2be6f90ba18c2 : 2 : ittapi_config_apply_per_lib :  ITTAPI function not implemented: __itt_mark
16735 : 0x2be6f90ba2662 : 2 : ittapi_config_apply_per_lib :  ITTAPI function not implemented: __itt_mark_off
16735 : 0x2be6f90ba325c : 2 : ittapi_config_apply_per_lib :  ITTAPI function not implemented: __itt_mark_global
16735 : 0x2be6f90ba3f3a : 2 : ittapi_config_apply_per_lib :  ITTAPI function not implemented: __itt_mark_global_off
16735 : 0x2be6f90ba474c : 2 : ittapi_config_apply_per_lib :  ITTAPI function NOT instrumented (not matched by --itt-config option): __itt_stack_caller_create

16735 : 0x2be6f90ba4f26 : 2 : ittapi_config_apply_per_lib :  ITTAPI function NOT instrumented (not matched by --itt-config option): __itt_stack_caller_destroy

16735 : 0x2be6f90ba570e : 2 : ittapi_config_apply_per_lib :  ITTAPI function NOT instrumented (not matched by --itt-config option): __itt_stack_callee_enter

16735 : 0x2be6f90ba5ed4 : 2 : ittapi_config_apply_per_lib :  ITTAPI function NOT instrumented (not matched by --itt-config option): __itt_stack_callee_leave

16735 : 0x2be6f90ba845c : 2 : ittapi_config_apply_per_lib :  ITTAPI function not implemented: __itt_clock_domain_create
16735 : 0x2be6f90ba923e : 2 : ittapi_config_apply_per_lib :  ITTAPI function not implemented: __itt_clock_domain_reset
16735 : 0x2be6f90ba9dd0 : 2 : ittapi_config_apply_per_lib :  ITTAPI function not implemented: __itt_id_create_ex
16735 : 0x2be6f90baa9d6 : 2 : ittapi_config_apply_per_lib :  ITTAPI function not implemented: __itt_id_destroy_ex
16735 : 0x2be6f90bab5c8 : 2 : ittapi_config_apply_per_lib :  ITTAPI function not implemented: __itt_task_begin_ex
16735 : 0x2be6f90bac1c6 : 2 : ittapi_config_apply_per_lib :  ITTAPI function not implemented: __itt_task_begin_fn_ex
16735 : 0x2be6f90bacec2 : 2 : ittapi_config_apply_per_lib :  ITTAPI function not implemented: __itt_task_end_ex
16735 : 0x2be6f90bad8ba : 2 : ittapi_config_apply_per_lib :  ITTAPI function instrumented: __itt_task_begin_overlapped
16735 : 0x2be6f90bae64c : 2 : ittapi_config_apply_per_lib :  ITTAPI function not implemented: __itt_task_begin_overlapped_ex
16735 : 0x2be6f90baf070 : 2 : ittapi_config_apply_per_lib :  ITTAPI function instrumented: __itt_task_end_overlapped
16735 : 0x2be6f90bb236a : 2 : ittapi_config_apply_per_lib :  ITTAPI function not implemented: __itt_task_end_overlapped_ex
16735 : 0x2be6f90bb3212 : 2 : ittapi_config_apply_per_lib :  ITTAPI function not implemented: __itt_marker_ex
16735 : 0x2be6f90bb3fb4 : 2 : ittapi_config_apply_per_lib :  ITTAPI function not implemented: __itt_metadata_add_with_scope
16735 : 0x2be6f90bb4e18 : 2 : ittapi_config_apply_per_lib :  ITTAPI function not implemented: __itt_metadata_str_add_with_scope
16735 : 0x2be6f90bb5c6c : 2 : ittapi_config_apply_per_lib :  ITTAPI function not implemented: __itt_relation_add_to_current_ex
16735 : 0x2be6f90bb697c : 2 : ittapi_config_apply_per_lib :  ITTAPI function not implemented: __itt_relation_add_ex
16735 : 0x2be6f90bb76aa : 2 : ittapi_config_apply_per_lib :  ITTAPI function not implemented: __itt_track_group_create
16735 : 0x2be6f90bb835a : 2 : ittapi_config_apply_per_lib :  ITTAPI function not implemented: __itt_track_create
16735 : 0x2be6f90bb8f62 : 2 : ittapi_config_apply_per_lib :  ITTAPI function not implemented: __itt_set_track
16735 : 0x2be6f90bb9948 : 2 : ittapi_config_apply_per_lib :  ITTAPI function instrumented: __itt_api_version
16735 : 0x2be6f90bbc034 : 2 : ittapi_config_apply_per_lib :  ITTAPI function not implemented: __itt_av_save
16735 : 0x2be71130b6d94 : 2 : ittapi_config_mask_get :  --itt-config mask to be applied: 5
16735 : 0x2be71130bb728 : 2 : ittapi_config_apply_per_lib :  ITTAPI function instrumented: __itt_domain_create
16735 : 0x2be71130bc854 : 2 : ittapi_config_apply_per_lib :  ITTAPI function instrumented: __itt_string_handle_create
16735 : 0x2be71130bd5a4 : 2 : ittapi_config_apply_per_lib :  ITTAPI function instrumented: __itt_pause
16735 : 0x2be71130be218 : 2 : ittapi_config_apply_per_lib :  ITTAPI function instrumented: __itt_resume
16735 : 0x2be71130bef68 : 2 : ittapi_config_apply_per_lib :  ITTAPI function instrumented: __itt_thread_set_name
16735 : 0x2be71130bfb06 : 2 : ittapi_config_apply_per_lib :  ITTAPI function instrumented: __itt_thread_ignore
16735 : 0x2be71130c04e4 : 2 : ittapi_config_apply_per_lib :  ITTAPI function instrumented: __itt_thr_name_set
16735 : 0x2be71130c0fe2 : 2 : ittapi_config_apply_per_lib :  ITTAPI function instrumented: __itt_thr_ignore
16735 : 0x2be71130ca38a : 2 : ittapi_config_apply_per_lib :  ITTAPI function not implemented: __itt_enable_attach
16735 : 0x2be71130cb54a : 2 : ittapi_config_apply_per_lib :  ITTAPI function instrumented: __itt_detach
16735 : 0x2be71130cbd90 : 2 : ittapi_config_apply_per_lib :  ITTAPI function NOT instrumented (not matched by --itt-config option): __itt_sync_create

16735 : 0x2be71130cc810 : 2 : ittapi_config_apply_per_lib :  ITTAPI function NOT instrumented (not matched by --itt-config option): __itt_sync_rename

16735 : 0x2be71130cd0d4 : 2 : ittapi_config_apply_per_lib :  ITTAPI function NOT instrumented (not matched by --itt-config option): __itt_sync_destroy

16735 : 0x2be71130cd89c : 2 : ittapi_config_apply_per_lib :  ITTAPI function NOT instrumented (not matched by --itt-config option): __itt_sync_prepare

16735 : 0x2be71130cdfb4 : 2 : ittapi_config_apply_per_lib :  ITTAPI function NOT instrumented (not matched by --itt-config option): __itt_sync_cancel

16735 : 0x2be71130ce6a0 : 2 : ittapi_config_apply_per_lib :  ITTAPI function NOT instrumented (not matched by --itt-config option): __itt_sync_acquired

16735 : 0x2be71130cee10 : 2 : ittapi_config_apply_per_lib :  ITTAPI function NOT instrumented (not matched by --itt-config option): __itt_sync_releasing

16735 : 0x2be71130cff3e : 2 : ittapi_config_apply_per_lib :  ITTAPI function not implemented: __itt_suppress_push
16735 : 0x2be71130d5136 : 2 : ittapi_config_apply_per_lib :  ITTAPI function not implemented: __itt_suppress_pop
16735 : 0x2be71130d61e8 : 2 : ittapi_config_apply_per_lib :  ITTAPI function not implemented: __itt_suppress_mark_range
16735 : 0x2be71130d7058 : 2 : ittapi_config_apply_per_lib :  ITTAPI function not implemented: __itt_suppress_clear_range
16735 : 0x2be71130d77c6 : 2 : ittapi_config_apply_per_lib :  ITTAPI function NOT instrumented (not matched by --itt-config option): __itt_sync_prepare

16735 : 0x2be71130d7f5a : 2 : ittapi_config_apply_per_lib :  ITTAPI function NOT instrumented (not matched by --itt-config option): __itt_sync_cancel

16735 : 0x2be71130d85f8 : 2 : ittapi_config_apply_per_lib :  ITTAPI function NOT instrumented (not matched by --itt-config option): __itt_sync_acquired

16735 : 0x2be71130d8d1c : 2 : ittapi_config_apply_per_lib :  ITTAPI function NOT instrumented (not matched by --itt-config option): __itt_sync_releasing

16735 : 0x2be71130d9c3e : 2 : ittapi_config_apply_per_lib :  ITTAPI function not implemented: __itt_model_site_begin
16735 : 0x2be71130daa3e : 2 : ittapi_config_apply_per_lib :  ITTAPI function not implemented: __itt_model_site_end
16735 : 0x2be71130db856 : 2 : ittapi_config_apply_per_lib :  ITTAPI function not implemented: __itt_model_task_begin
16735 : 0x2be71130de1d8 : 2 : ittapi_config_apply_per_lib :  ITTAPI function not implemented: __itt_model_task_end
16735 : 0x2be71130def6a : 2 : ittapi_config_apply_per_lib :  ITTAPI function not implemented: __itt_model_lock_acquire
16735 : 0x2be71130dfc30 : 2 : ittapi_config_apply_per_lib :  ITTAPI function not implemented: __itt_model_lock_release
16735 : 0x2be71130e0918 : 2 : ittapi_config_apply_per_lib :  ITTAPI function not implemented: __itt_model_record_allocation
16735 : 0x2be71130e174a : 2 : ittapi_config_apply_per_lib :  ITTAPI function not implemented: __itt_model_record_deallocation
16735 : 0x2be71130e2572 : 2 : ittapi_config_apply_per_lib :  ITTAPI function not implemented: __itt_model_induction_uses
16735 : 0x2be71130e3180 : 2 : ittapi_config_apply_per_lib :  ITTAPI function not implemented: __itt_model_reduction_uses
16735 : 0x2be71130e3ebc : 2 : ittapi_config_apply_per_lib :  ITTAPI function not implemented: __itt_model_observe_uses
16735 : 0x2be71130e4b18 : 2 : ittapi_config_apply_per_lib :  ITTAPI function not implemented: __itt_model_clear_uses
16735 : 0x2be71130e58e4 : 2 : ittapi_config_apply_per_lib :  ITTAPI function not implemented: __itt_model_site_beginA
16735 : 0x2be71130e817c : 2 : ittapi_config_apply_per_lib :  ITTAPI function not implemented: __itt_model_site_beginAL
16735 : 0x2be71130e8fba : 2 : ittapi_config_apply_per_lib :  ITTAPI function not implemented: __itt_model_task_beginA
16735 : 0x2be71130e9d28 : 2 : ittapi_config_apply_per_lib :  ITTAPI function not implemented: __itt_model_task_beginAL
16735 : 0x2be71130eaaea : 2 : ittapi_config_apply_per_lib :  ITTAPI function not implemented: __itt_model_iteration_taskA
16735 : 0x2be71130eb880 : 2 : ittapi_config_apply_per_lib :  ITTAPI function not implemented: __itt_model_iteration_taskAL
16735 : 0x2be71130ec3a4 : 2 : ittapi_config_apply_per_lib :  ITTAPI function not implemented: __itt_model_site_end_2
16735 : 0x2be71130ecee4 : 2 : ittapi_config_apply_per_lib :  ITTAPI function not implemented: __itt_model_task_end_2
16735 : 0x2be71130edb86 : 2 : ittapi_config_apply_per_lib :  ITTAPI function not implemented: __itt_model_lock_acquire_2
16735 : 0x2be71130ee79e : 2 : ittapi_config_apply_per_lib :  ITTAPI function not implemented: __itt_model_lock_release_2
16735 : 0x2be71130ef3c8 : 2 : ittapi_config_apply_per_lib :  ITTAPI function not implemented: __itt_model_aggregate_task
16735 : 0x2be71130f1994 : 2 : ittapi_config_apply_per_lib :  ITTAPI function not implemented: __itt_model_disable_push
16735 : 0x2be71130f26d6 : 2 : ittapi_config_apply_per_lib :  ITTAPI function not implemented: __itt_model_disable_pop
16735 : 0x2be71130f3150 : 2 : ittapi_config_apply_per_lib :  ITTAPI function instrumented: __itt_heap_function_create
16735 : 0x2be71130f3cae : 2 : ittapi_config_apply_per_lib :  ITTAPI function instrumented: __itt_heap_allocate_begin
16735 : 0x2be71130f4734 : 2 : ittapi_config_apply_per_lib :  ITTAPI function instrumented: __itt_heap_allocate_end
16735 : 0x2be71130f527a : 2 : ittapi_config_apply_per_lib :  ITTAPI function instrumented: __itt_heap_free_begin
16735 : 0x2be71130f5c2c : 2 : ittapi_config_apply_per_lib :  ITTAPI function instrumented: __itt_heap_free_end
16735 : 0x2be71130f6672 : 2 : ittapi_config_apply_per_lib :  ITTAPI function instrumented: __itt_heap_reallocate_begin
16735 : 0x2be71130f7088 : 2 : ittapi_config_apply_per_lib :  ITTAPI function instrumented: __itt_heap_reallocate_end
16735 : 0x2be71130f7df4 : 2 : ittapi_config_apply_per_lib :  ITTAPI function not implemented: __itt_heap_internal_access_begin
16735 : 0x2be71130fb3fe : 2 : ittapi_config_apply_per_lib :  ITTAPI function not implemented: __itt_heap_internal_access_end
16735 : 0x2be71130fc3d2 : 2 : ittapi_config_apply_per_lib :  ITTAPI function not implemented: __itt_heap_record_memory_growth_begin
16735 : 0x2be71130fd194 : 2 : ittapi_config_apply_per_lib :  ITTAPI function not implemented: __itt_heap_record_memory_growth_end
16735 : 0x2be71130fde04 : 2 : ittapi_config_apply_per_lib :  ITTAPI function not implemented: __itt_heap_reset_detection
16735 : 0x2be71130feba2 : 2 : ittapi_config_apply_per_lib :  ITTAPI function not implemented: __itt_heap_record
16735 : 0x2be71130ff852 : 2 : ittapi_config_apply_per_lib :  ITTAPI function not implemented: __itt_id_create
16735 : 0x2be71131004be : 2 : ittapi_config_apply_per_lib :  ITTAPI function not implemented: __itt_id_destroy
16735 : 0x2be7113100f5e : 2 : ittapi_config_apply_per_lib :  ITTAPI function instrumented: __itt_get_timestamp
16735 : 0x2be7113101cf8 : 2 : ittapi_config_apply_per_lib :  ITTAPI function not implemented: __itt_region_begin
16735 : 0x2be71131028a8 : 2 : ittapi_config_apply_per_lib :  ITTAPI function not implemented: __itt_region_end
16735 : 0x2be7113104dcc : 2 : ittapi_config_apply_per_lib :  ITTAPI function instrumented: __itt_frame_begin_v3
16735 : 0x2be7113105968 : 2 : ittapi_config_apply_per_lib :  ITTAPI function instrumented: __itt_frame_end_v3
16735 : 0x2be71131063d8 : 2 : ittapi_config_apply_per_lib :  ITTAPI function instrumented: __itt_frame_submit_v3
16735 : 0x2be7113107196 : 2 : ittapi_config_apply_per_lib :  ITTAPI function not implemented: __itt_task_group
16735 : 0x2be7113107c26 : 2 : ittapi_config_apply_per_lib :  ITTAPI function instrumented: __itt_task_begin
16735 : 0x2be71131086fc : 2 : ittapi_config_apply_per_lib :  ITTAPI function instrumented: __itt_task_begin_fn
16735 : 0x2be7113109102 : 2 : ittapi_config_apply_per_lib :  ITTAPI function instrumented: __itt_task_end
16735 : 0x2be711310984c : 2 : ittapi_config_apply_per_lib :  ITTAPI function NOT instrumented (not matched by --itt-config option): __itt_counter_inc_v3

16735 : 0x2be711310a052 : 2 : ittapi_config_apply_per_lib :  ITTAPI function NOT instrumented (not matched by --itt-config option): __itt_counter_inc_delta_v3

16735 : 0x2be711310adc6 : 2 : ittapi_config_apply_per_lib :  ITTAPI function not implemented: __itt_marker
16735 : 0x2be711310d2ac : 2 : ittapi_config_apply_per_lib :  ITTAPI function instrumented: __itt_metadata_add
16735 : 0x2be711310e074 : 2 : ittapi_config_apply_per_lib :  ITTAPI function not implemented: __itt_metadata_str_add
16735 : 0x2be711310ee32 : 2 : ittapi_config_apply_per_lib :  ITTAPI function not implemented: __itt_relation_add_to_current
16735 : 0x2be711310faa4 : 2 : ittapi_config_apply_per_lib :  ITTAPI function not implemented: __itt_relation_add
16735 : 0x2be711311043a : 2 : ittapi_config_apply_per_lib :  ITTAPI function instrumented: __itt_event_create
16735 : 0x2be7113110b18 : 2 : ittapi_config_apply_per_lib :  ITTAPI function NOT instrumented (not matched by --itt-config option): __itt_event_start

16735 : 0x2be7113111254 : 2 : ittapi_config_apply_per_lib :  ITTAPI function NOT instrumented (not matched by --itt-config option): __itt_event_end

16735 : 0x2be7113111a08 : 2 : ittapi_config_apply_per_lib :  ITTAPI function NOT instrumented (not matched by --itt-config option): __itt_sync_set_name

16735 : 0x2be7113112152 : 2 : ittapi_config_apply_per_lib :  ITTAPI function NOT instrumented (not matched by --itt-config option): __itt_notify_sync_name

16735 : 0x2be71131128e6 : 2 : ittapi_config_apply_per_lib :  ITTAPI function NOT instrumented (not matched by --itt-config option): __itt_notify_sync_prepare

16735 : 0x2be7113115426 : 2 : ittapi_config_apply_per_lib :  ITTAPI function NOT instrumented (not matched by --itt-config option): __itt_notify_sync_cancel

16735 : 0x2be7113115c9a : 2 : ittapi_config_apply_per_lib :  ITTAPI function NOT instrumented (not matched by --itt-config option): __itt_notify_sync_acquired

16735 : 0x2be71131163e6 : 2 : ittapi_config_apply_per_lib :  ITTAPI function NOT instrumented (not matched by --itt-config option): __itt_notify_sync_releasing

16735 : 0x2be711311723a : 2 : ittapi_config_apply_per_lib :  ITTAPI function not implemented: __itt_memory_read
16735 : 0x2be7113118022 : 2 : ittapi_config_apply_per_lib :  ITTAPI function not implemented: __itt_memory_write
16735 : 0x2be7113118d1c : 2 : ittapi_config_apply_per_lib :  ITTAPI function not implemented: __itt_memory_update
16735 : 0x2be7113119a8e : 2 : ittapi_config_apply_per_lib :  ITTAPI function not implemented: __itt_state_get
16735 : 0x2be711311a68c : 2 : ittapi_config_apply_per_lib :  ITTAPI function not implemented: __itt_state_set
16735 : 0x2be711311b2dc : 2 : ittapi_config_apply_per_lib :  ITTAPI function not implemented: __itt_obj_mode_set
16735 : 0x2be711311bee0 : 2 : ittapi_config_apply_per_lib :  ITTAPI function not implemented: __itt_thr_mode_set
16735 : 0x2be711311e34a : 2 : ittapi_config_apply_per_lib :  ITTAPI function instrumented: __itt_frame_create
16735 : 0x2be711311ee1c : 2 : ittapi_config_apply_per_lib :  ITTAPI function instrumented: __itt_frame_begin
16735 : 0x2be711311f854 : 2 : ittapi_config_apply_per_lib :  ITTAPI function instrumented: __itt_frame_end
16735 : 0x2be71131202d8 : 2 : ittapi_config_apply_per_lib :  ITTAPI function instrumented: __itt_counter_create
16735 : 0x2be7113120a10 : 2 : ittapi_config_apply_per_lib :  ITTAPI function NOT instrumented (not matched by --itt-config option): __itt_counter_destroy

16735 : 0x2be71131211da : 2 : ittapi_config_apply_per_lib :  ITTAPI function NOT instrumented (not matched by --itt-config option): __itt_counter_inc

16735 : 0x2be711312195c : 2 : ittapi_config_apply_per_lib :  ITTAPI function NOT instrumented (not matched by --itt-config option): __itt_counter_inc_delta

16735 : 0x2be71131225fa : 2 : ittapi_config_apply_per_lib :  ITTAPI function not implemented: __itt_mark_create
16735 : 0x2be7113123264 : 2 : ittapi_config_apply_per_lib :  ITTAPI function not implemented: __itt_mark
16735 : 0x2be7113124004 : 2 : ittapi_config_apply_per_lib :  ITTAPI function not implemented: __itt_mark_off
16735 : 0x2be7113126682 : 2 : ittapi_config_apply_per_lib :  ITTAPI function not implemented: __itt_mark_global
16735 : 0x2be711312749c : 2 : ittapi_config_apply_per_lib :  ITTAPI function not implemented: __itt_mark_global_off
16735 : 0x2be7113127ce4 : 2 : ittapi_config_apply_per_lib :  ITTAPI function NOT instrumented (not matched by --itt-config option): __itt_stack_caller_create

16735 : 0x2be7113128510 : 2 : ittapi_config_apply_per_lib :  ITTAPI function NOT instrumented (not matched by --itt-config option): __itt_stack_caller_destroy

16735 : 0x2be7113128cc2 : 2 : ittapi_config_apply_per_lib :  ITTAPI function NOT instrumented (not matched by --itt-config option): __itt_stack_callee_enter

16735 : 0x2be71131293c0 : 2 : ittapi_config_apply_per_lib :  ITTAPI function NOT instrumented (not matched by --itt-config option): __itt_stack_callee_leave

16735 : 0x2be711312a07c : 2 : ittapi_config_apply_per_lib :  ITTAPI function not implemented: __itt_clock_domain_create
16735 : 0x2be711312ad42 : 2 : ittapi_config_apply_per_lib :  ITTAPI function not implemented: __itt_clock_domain_reset
16735 : 0x2be711312b926 : 2 : ittapi_config_apply_per_lib :  ITTAPI function not implemented: __itt_id_create_ex
16735 : 0x2be711312c524 : 2 : ittapi_config_apply_per_lib :  ITTAPI function not implemented: __itt_id_destroy_ex
16735 : 0x2be711312f602 : 2 : ittapi_config_apply_per_lib :  ITTAPI function not implemented: __itt_task_begin_ex
16735 : 0x2be711313038e : 2 : ittapi_config_apply_per_lib :  ITTAPI function not implemented: __itt_task_begin_fn_ex
16735 : 0x2be71131311bc : 2 : ittapi_config_apply_per_lib :  ITTAPI function not implemented: __itt_task_end_ex
16735 : 0x2be7113131bb2 : 2 : ittapi_config_apply_per_lib :  ITTAPI function instrumented: __itt_task_begin_overlapped
16735 : 0x2be7113132930 : 2 : ittapi_config_apply_per_lib :  ITTAPI function not implemented: __itt_task_begin_overlapped_ex
16735 : 0x2be71131333e8 : 2 : ittapi_config_apply_per_lib :  ITTAPI function instrumented: __itt_task_end_overlapped
16735 : 0x2be7113134280 : 2 : ittapi_config_apply_per_lib :  ITTAPI function not implemented: __itt_task_end_overlapped_ex
16735 : 0x2be7113134f4c : 2 : ittapi_config_apply_per_lib :  ITTAPI function not implemented: __itt_marker_ex
16735 : 0x2be7113135d1a : 2 : ittapi_config_apply_per_lib :  ITTAPI function not implemented: __itt_metadata_add_with_scope
16735 : 0x2be7113136b1a : 2 : ittapi_config_apply_per_lib :  ITTAPI function not implemented: __itt_metadata_str_add_with_scope
16735 : 0x2be71131396a2 : 2 : ittapi_config_apply_per_lib :  ITTAPI function not implemented: __itt_relation_add_to_current_ex
16735 : 0x2be711313a3be : 2 : ittapi_config_apply_per_lib :  ITTAPI function not implemented: __itt_relation_add_ex
16735 : 0x2be711313b14e : 2 : ittapi_config_apply_per_lib :  ITTAPI function not implemented: __itt_track_group_create
16735 : 0x2be711313bdb8 : 2 : ittapi_config_apply_per_lib :  ITTAPI function not implemented: __itt_track_create
16735 : 0x2be711313ca22 : 2 : ittapi_config_apply_per_lib :  ITTAPI function not implemented: __itt_set_track
16735 : 0x2be711313d3e4 : 2 : ittapi_config_apply_per_lib :  ITTAPI function instrumented: __itt_api_version
16735 : 0x2be711313e012 : 2 : ittapi_config_apply_per_lib :  ITTAPI function not implemented: __itt_av_save