12 [4126979840] TRACE perfrun.launcher <> - ENTER: int main(int, char **)
15 [4126979840] TRACE perfrun.launcher <> - ENTER: Start the collection
15 [4126979840] INFO perfrun.launcher <> - argc = 6; cmdline = /soft/compilers/intel/vtune_amplifier_2018.1.0.535340/bin32/amplxe-runss -dump-vdso -r /tmp/amplxe-tmp-pvelesko/amplxe-res-23195-4360870746239504 --tmp-dir /tmp/amplxe-tmp-pvelesko 
15 [4126979840] TRACE perfrun.launcher <> - ENTER: Initialize the launcher
18 [4126979840] TRACE perfrun.launcher <> - ENTER: void runtool::CmdLineParser::declareOptions()
39 [4126979840] TRACE perfrun.launcher <> - EXIT:  void runtool::CmdLineParser::declareOptions()
39 [4126979840] TRACE perfrun.system <> - ENTER: static runtool::system::IController *runtool::system::IController::create()
40 [4126979840] TRACE perfrun.system <> - ENTER: runtool::system::Controller::Controller()
40 [4126979840] TRACE perfrun.system <> - EXIT:  runtool::system::Controller::Controller()
40 [4126979840] TRACE perfrun.system <> - EXIT:  static runtool::system::IController *runtool::system::IController::create()
40 [4126979840] INFO perfrun.launcher <> - plugin system has been added successfully
40 [4126979840] TRACE perfrun.itt <> - ENTER: static runtool::sdk::IController *runtool::itt::IController::create()
40 [4126979840] TRACE perfrun.itt <> - ENTER: create itt controller
40 [4126979840] TRACE perfrun.itt <> - EXIT:  create itt controller
40 [4126979840] TRACE perfrun.itt <> - EXIT:  static runtool::sdk::IController *runtool::itt::IController::create()
40 [4126979840] INFO perfrun.launcher <> - plugin itt has been added successfully
40 [4126979840] INFO perfrun.launcher <> - plugin ptracecollector has been added successfully
40 [4126979840] TRACE perfrun.gpu <> - ENTER: runtool::gpu::Controller::Controller()
40 [4126979840] TRACE perfrun.gpu <> - EXIT:  runtool::gpu::Controller::Controller()
40 [4126979840] INFO perfrun.launcher <> - plugin gpu has been added successfully
40 [4126979840] INFO perfrun.launcher <> - plugin  has been added successfully
40 [4126979840] INFO perfrun.launcher <> - plugin  has been added successfully
40 [4126979840] INFO perfrun.launcher <> - plugin  has been added successfully
40 [4126979840] INFO perfrun.launcher <> - plugin mrte has been added successfully
40 [4126979840] TRACE perfrun.emon <> - ENTER: runtool::emon::Controller::Controller()
40 [4126979840] TRACE perfrun.emon <> - EXIT:  runtool::emon::Controller::Controller()
40 [4126979840] INFO perfrun.launcher <> - plugin emon has been added successfully
41 [4126979840] TRACE perfrun.stdsrc <> - ENTER: void runtool::stdsrc::Controller::fillCommandLineOptions()
41 [4126979840] TRACE perfrun.stdsrc <> - EXIT:  void runtool::stdsrc::Controller::fillCommandLineOptions()
41 [4126979840] DEBUG perfrun.stdsrc <> - stdsrc controller object has been created
41 [4126979840] INFO perfrun.launcher <> - plugin stdsrc has been added successfully
42 [4126979840] DEBUG perfrun.sep <> - SEP controller object has been created
42 [4126979840] INFO perfrun.launcher <> - plugin sep has been added successfully
42 [4126979840] DEBUG perfrun.vtsspp <> - VTSS++ controller object has been created
42 [4126979840] INFO perfrun.launcher <> - plugin vtsspp has been added successfully
42 [4126979840] TRACE perfrun.perfcollector <> - ENTER: runtool::perfcollector::Controller::Controller()
42 [4126979840] INFO perfrun.sdk <> - Reading value (2) from file: /proc/sys/kernel/perf_event_paranoid
46 [4126979840] INFO perfrun.perfcollector <> - cpu: family = 6 model = 45
46 [4126979840] INFO perfrun.perfcollector <> - dir found : /sys/bus/event_source/devices/cpu
46 [4126979840] INFO perfrun.perfcollector <> - format: pc config:19 mask:19
46 [4126979840] INFO perfrun.perfcollector <> - format: any config:21 mask:21
46 [4126979840] INFO perfrun.perfcollector <> - format: inv config:23 mask:23
46 [4126979840] INFO perfrun.perfcollector <> - format: edge config:18 mask:18
47 [4126979840] INFO perfrun.perfcollector <> - format: cmask config:24-31 mask:24-31
47 [4126979840] INFO perfrun.perfcollector <> - format: event config:0-7 mask:0-7
48 [4126979840] INFO perfrun.perfcollector <> - format: in_tx config:32 mask:32
48 [4126979840] INFO perfrun.perfcollector <> - format: ldlat config1:0-15 mask:0-15
48 [4126979840] INFO perfrun.perfcollector <> - format: umask config:8-15 mask:8-15
48 [4126979840] INFO perfrun.perfcollector <> - format: in_tx_cp config:33 mask:33
48 [4126979840] INFO perfrun.perfcollector <> - format: offcore_rsp config1:0-63 mask:0-63
48 [4126979840] INFO perfrun.perfcollector <> - hwInfo : PERF_CPU_PMU_DETAILS
48 [4126979840] INFO perfrun.perfcollector <> - pmu added : family : cpu , id : 0
48 [4126979840] INFO perfrun.perfcollector <> - dir found : /sys/bus/event_source/devices/msr
48 [4126979840] INFO perfrun.perfcollector <> - format: event config:0-63 mask:0-63
48 [4126979840] WARN perfrun.perfcollector <> - pmu hwInfo is not set, at file: vcs/perfrun1/plugins/perfcollector/src/controller.cpp:666
48 [4126979840] INFO perfrun.perfcollector <> - pmu added : family : msr , id : 0
48 [4126979840] INFO perfrun.perfcollector <> - dir found : /sys/bus/event_source/devices/software
48 [4126979840] WARN perfrun.perfcollector <> - format subdir doesn't exist, at file: vcs/perfrun1/plugins/perfcollector/src/controller.cpp:597
48 [4126979840] WARN perfrun.perfcollector <> - pmu hwInfo is not set, at file: vcs/perfrun1/plugins/perfcollector/src/controller.cpp:666
48 [4126979840] INFO perfrun.perfcollector <> - pmu added : family : software , id : 0
48 [4126979840] INFO perfrun.perfcollector <> - dir found : /sys/bus/event_source/devices/power
48 [4126979840] INFO perfrun.perfcollector <> - format: event config:0-7 mask:0-7
48 [4126979840] WARN perfrun.perfcollector <> - pmu hwInfo is not set, at file: vcs/perfrun1/plugins/perfcollector/src/controller.cpp:666
48 [4126979840] INFO perfrun.perfcollector <> - pmu added : family : power , id : 0
48 [4126979840] INFO perfrun.perfcollector <> - dir found : /sys/bus/event_source/devices/uncore_pcu
48 [4126979840] INFO perfrun.perfcollector <> - format: inv config:23 mask:23
49 [4126979840] INFO perfrun.perfcollector <> - format: occ_invert config:30 mask:30
49 [4126979840] INFO perfrun.perfcollector <> - format: edge config:18 mask:18
49 [4126979840] INFO perfrun.perfcollector <> - format: event config:0-7 mask:0-7
49 [4126979840] INFO perfrun.perfcollector <> - format: occ_sel config:14-15 mask:14-15
49 [4126979840] INFO perfrun.perfcollector <> - format: thresh config:24-28 mask:24-28
49 [4126979840] INFO perfrun.perfcollector <> - format: filter_band0 config1:0-7 mask:0-7
49 [4126979840] INFO perfrun.perfcollector <> - format: filter_band1 config1:8-15 mask:8-15
49 [4126979840] INFO perfrun.perfcollector <> - format: filter_band2 config1:16-23 mask:16-23
49 [4126979840] INFO perfrun.perfcollector <> - format: filter_band3 config1:24-31 mask:24-31
49 [4126979840] INFO perfrun.perfcollector <> - format: occ_edge config:14-51 mask:14-51
49 [4126979840] WARN perfrun.perfcollector <> - pmu hwInfo is not set, at file: vcs/perfrun1/plugins/perfcollector/src/controller.cpp:666
49 [4126979840] INFO perfrun.perfcollector <> - pmu added : family : uncore_pcu , id : 0
49 [4126979840] INFO perfrun.perfcollector <> - dir found : /sys/bus/event_source/devices/tracepoint
49 [4126979840] WARN perfrun.perfcollector <> - format subdir doesn't exist, at file: vcs/perfrun1/plugins/perfcollector/src/controller.cpp:597
49 [4126979840] WARN perfrun.perfcollector <> - pmu hwInfo is not set, at file: vcs/perfrun1/plugins/perfcollector/src/controller.cpp:666
49 [4126979840] INFO perfrun.perfcollector <> - pmu added : family : tracepoint , id : 0
49 [4126979840] INFO perfrun.perfcollector <> - dir found : /sys/bus/event_source/devices/uncore_imc_0
50 [4126979840] INFO perfrun.perfcollector <> - format: inv config:23 mask:23
50 [4126979840] INFO perfrun.perfcollector <> - format: edge config:18 mask:18
50 [4126979840] INFO perfrun.perfcollector <> - format: event config:0-7 mask:0-7
50 [4126979840] INFO perfrun.perfcollector <> - format: umask config:8-15 mask:8-15
50 [4126979840] INFO perfrun.perfcollector <> - format: thresh config:24-31 mask:24-31
50 [4126979840] INFO perfrun.perfcollector <> - hwInfo : PERF_IMC_PMU_DETAILS
50 [4126979840] INFO perfrun.perfcollector <> - pmu added : family : uncore_imc , id : 0
50 [4126979840] INFO perfrun.perfcollector <> - dir found : /sys/bus/event_source/devices/uncore_imc_1
50 [4126979840] INFO perfrun.perfcollector <> - format: inv config:23 mask:23
50 [4126979840] INFO perfrun.perfcollector <> - format: edge config:18 mask:18
50 [4126979840] INFO perfrun.perfcollector <> - format: event config:0-7 mask:0-7
50 [4126979840] INFO perfrun.perfcollector <> - format: umask config:8-15 mask:8-15
50 [4126979840] INFO perfrun.perfcollector <> - format: thresh config:24-31 mask:24-31
50 [4126979840] INFO perfrun.perfcollector <> - hwInfo : PERF_IMC_PMU_DETAILS
50 [4126979840] INFO perfrun.perfcollector <> - pmu added : family : uncore_imc , id : 1
50 [4126979840] INFO perfrun.perfcollector <> - dir found : /sys/bus/event_source/devices/uncore_imc_2
50 [4126979840] INFO perfrun.perfcollector <> - format: inv config:23 mask:23
50 [4126979840] INFO perfrun.perfcollector <> - format: edge config:18 mask:18
50 [4126979840] INFO perfrun.perfcollector <> - format: event config:0-7 mask:0-7
51 [4126979840] INFO perfrun.perfcollector <> - format: umask config:8-15 mask:8-15
51 [4126979840] INFO perfrun.perfcollector <> - format: thresh config:24-31 mask:24-31
51 [4126979840] INFO perfrun.perfcollector <> - hwInfo : PERF_IMC_PMU_DETAILS
51 [4126979840] INFO perfrun.perfcollector <> - pmu added : family : uncore_imc , id : 2
51 [4126979840] INFO perfrun.perfcollector <> - dir found : /sys/bus/event_source/devices/uncore_imc_3
51 [4126979840] INFO perfrun.perfcollector <> - format: inv config:23 mask:23
51 [4126979840] INFO perfrun.perfcollector <> - format: edge config:18 mask:18
51 [4126979840] INFO perfrun.perfcollector <> - format: event config:0-7 mask:0-7
51 [4126979840] INFO perfrun.perfcollector <> - format: umask config:8-15 mask:8-15
51 [4126979840] INFO perfrun.perfcollector <> - format: thresh config:24-31 mask:24-31
51 [4126979840] INFO perfrun.perfcollector <> - hwInfo : PERF_IMC_PMU_DETAILS
51 [4126979840] INFO perfrun.perfcollector <> - pmu added : family : uncore_imc , id : 3
51 [4126979840] INFO perfrun.perfcollector <> - dir found : /sys/bus/event_source/devices/uncore_qpi_0
51 [4126979840] INFO perfrun.perfcollector <> - format: inv config:23 mask:23
51 [4126979840] INFO perfrun.perfcollector <> - format: edge config:18 mask:18
51 [4126979840] INFO perfrun.perfcollector <> - format: match_rnid4 config1:31 mask:31
51 [4126979840] INFO perfrun.perfcollector <> - format: event config:0-7,21 mask:0-7,21
51 [4126979840] INFO perfrun.perfcollector <> - format: mask0 config2:0-31 mask:0-31
51 [4126979840] INFO perfrun.perfcollector <> - format: mask1 config2:32-63 mask:32-63
51 [4126979840] INFO perfrun.perfcollector <> - format: umask config:8-15 mask:8-15
52 [4126979840] INFO perfrun.perfcollector <> - format: mask_rnid30 config2:32-35 mask:32-35
52 [4126979840] INFO perfrun.perfcollector <> - format: match_rnid30 config1:32-35 mask:32-35
52 [4126979840] INFO perfrun.perfcollector <> - format: match_dnid config1:13-17 mask:13-17
52 [4126979840] INFO perfrun.perfcollector <> - format: mask_mc config2:9-12 mask:9-12
52 [4126979840] INFO perfrun.perfcollector <> - format: mask_dnid config2:13-17 mask:13-17
52 [4126979840] INFO perfrun.perfcollector <> - format: match_opc config1:5-8 mask:5-8
52 [4126979840] INFO perfrun.perfcollector <> - format: match_rds config1:48-51 mask:48-51
52 [4126979840] INFO perfrun.perfcollector <> - format: match_vnw config1:3-4 mask:3-4
52 [4126979840] INFO perfrun.perfcollector <> - format: mask_opc config2:5-8 mask:5-8
52 [4126979840] INFO perfrun.perfcollector <> - format: mask_rds config2:48-51 mask:48-51
52 [4126979840] INFO perfrun.perfcollector <> - format: mask_vnw config2:3-4 mask:3-4
52 [4126979840] INFO perfrun.perfcollector <> - format: match_mc config1:9-12 mask:9-12
52 [4126979840] INFO perfrun.perfcollector <> - format: match0 config1:0-31 mask:0-31
52 [4126979840] INFO perfrun.perfcollector <> - format: match1 config1:32-63 mask:32-63
52 [4126979840] INFO perfrun.perfcollector <> - format: mask_rnid4 config2:31 mask:31
52 [4126979840] INFO perfrun.perfcollector <> - format: thresh config:24-31 mask:24-31
52 [4126979840] INFO perfrun.perfcollector <> - hwInfo : PERF_QPI_PMU_DETAILS
52 [4126979840] INFO perfrun.perfcollector <> - pmu added : family : uncore_qpi , id : 0
53 [4126979840] INFO perfrun.perfcollector <> - dir found : /sys/bus/event_source/devices/uncore_qpi_1
53 [4126979840] INFO perfrun.perfcollector <> - format: inv config:23 mask:23
53 [4126979840] INFO perfrun.perfcollector <> - format: edge config:18 mask:18
53 [4126979840] INFO perfrun.perfcollector <> - format: match_rnid4 config1:31 mask:31
53 [4126979840] INFO perfrun.perfcollector <> - format: event config:0-7,21 mask:0-7,21
53 [4126979840] INFO perfrun.perfcollector <> - format: mask0 config2:0-31 mask:0-31
53 [4126979840] INFO perfrun.perfcollector <> - format: mask1 config2:32-63 mask:32-63
53 [4126979840] INFO perfrun.perfcollector <> - format: umask config:8-15 mask:8-15
53 [4126979840] INFO perfrun.perfcollector <> - format: mask_rnid30 config2:32-35 mask:32-35
53 [4126979840] INFO perfrun.perfcollector <> - format: match_rnid30 config1:32-35 mask:32-35
53 [4126979840] INFO perfrun.perfcollector <> - format: match_dnid config1:13-17 mask:13-17
53 [4126979840] INFO perfrun.perfcollector <> - format: mask_mc config2:9-12 mask:9-12
53 [4126979840] INFO perfrun.perfcollector <> - format: mask_dnid config2:13-17 mask:13-17
53 [4126979840] INFO perfrun.perfcollector <> - format: match_opc config1:5-8 mask:5-8
53 [4126979840] INFO perfrun.perfcollector <> - format: match_rds config1:48-51 mask:48-51
53 [4126979840] INFO perfrun.perfcollector <> - format: match_vnw config1:3-4 mask:3-4
53 [4126979840] INFO perfrun.perfcollector <> - format: mask_opc config2:5-8 mask:5-8
53 [4126979840] INFO perfrun.perfcollector <> - format: mask_rds config2:48-51 mask:48-51
54 [4126979840] INFO perfrun.perfcollector <> - format: mask_vnw config2:3-4 mask:3-4
54 [4126979840] INFO perfrun.perfcollector <> - format: match_mc config1:9-12 mask:9-12
54 [4126979840] INFO perfrun.perfcollector <> - format: match0 config1:0-31 mask:0-31
54 [4126979840] INFO perfrun.perfcollector <> - format: match1 config1:32-63 mask:32-63
54 [4126979840] INFO perfrun.perfcollector <> - format: mask_rnid4 config2:31 mask:31
54 [4126979840] INFO perfrun.perfcollector <> - format: thresh config:24-31 mask:24-31
54 [4126979840] INFO perfrun.perfcollector <> - hwInfo : PERF_QPI_PMU_DETAILS
54 [4126979840] INFO perfrun.perfcollector <> - pmu added : family : uncore_qpi , id : 1
54 [4126979840] INFO perfrun.perfcollector <> - dir found : /sys/bus/event_source/devices/uncore_cbox_0
54 [4126979840] INFO perfrun.perfcollector <> - format: inv config:23 mask:23
54 [4126979840] INFO perfrun.perfcollector <> - format: edge config:18 mask:18
54 [4126979840] INFO perfrun.perfcollector <> - format: event config:0-7 mask:0-7
54 [4126979840] INFO perfrun.perfcollector <> - format: umask config:8-15 mask:8-15
54 [4126979840] INFO perfrun.perfcollector <> - format: filter_nid config1:10-17 mask:10-17
54 [4126979840] INFO perfrun.perfcollector <> - format: filter_opc config1:23-31 mask:23-31
54 [4126979840] INFO perfrun.perfcollector <> - format: filter_tid config1:0-4 mask:0-4
54 [4126979840] INFO perfrun.perfcollector <> - format: tid_en config:19 mask:19
55 [4126979840] INFO perfrun.perfcollector <> - format: thresh config:24-31 mask:24-31
55 [4126979840] INFO perfrun.perfcollector <> - format: filter_state config1:18-22 mask:18-22
55 [4126979840] WARN perfrun.perfcollector <> - pmu hwInfo is not set, at file: vcs/perfrun1/plugins/perfcollector/src/controller.cpp:666
55 [4126979840] INFO perfrun.perfcollector <> - pmu added : family : uncore_cbox , id : 0
55 [4126979840] INFO perfrun.perfcollector <> - dir found : /sys/bus/event_source/devices/uncore_cbox_1
55 [4126979840] INFO perfrun.perfcollector <> - format: inv config:23 mask:23
55 [4126979840] INFO perfrun.perfcollector <> - format: edge config:18 mask:18
55 [4126979840] INFO perfrun.perfcollector <> - format: event config:0-7 mask:0-7
55 [4126979840] INFO perfrun.perfcollector <> - format: umask config:8-15 mask:8-15
55 [4126979840] INFO perfrun.perfcollector <> - format: filter_nid config1:10-17 mask:10-17
55 [4126979840] INFO perfrun.perfcollector <> - format: filter_opc config1:23-31 mask:23-31
55 [4126979840] INFO perfrun.perfcollector <> - format: filter_tid config1:0-4 mask:0-4
55 [4126979840] INFO perfrun.perfcollector <> - format: tid_en config:19 mask:19
55 [4126979840] INFO perfrun.perfcollector <> - format: thresh config:24-31 mask:24-31
55 [4126979840] INFO perfrun.perfcollector <> - format: filter_state config1:18-22 mask:18-22
55 [4126979840] WARN perfrun.perfcollector <> - pmu hwInfo is not set, at file: vcs/perfrun1/plugins/perfcollector/src/controller.cpp:666
55 [4126979840] INFO perfrun.perfcollector <> - pmu added : family : uncore_cbox , id : 1
55 [4126979840] INFO perfrun.perfcollector <> - dir found : /sys/bus/event_source/devices/uncore_cbox_2
55 [4126979840] INFO perfrun.perfcollector <> - format: inv config:23 mask:23
56 [4126979840] INFO perfrun.perfcollector <> - format: edge config:18 mask:18
56 [4126979840] INFO perfrun.perfcollector <> - format: event config:0-7 mask:0-7
56 [4126979840] INFO perfrun.perfcollector <> - format: umask config:8-15 mask:8-15
56 [4126979840] INFO perfrun.perfcollector <> - format: filter_nid config1:10-17 mask:10-17
56 [4126979840] INFO perfrun.perfcollector <> - format: filter_opc config1:23-31 mask:23-31
56 [4126979840] INFO perfrun.perfcollector <> - format: filter_tid config1:0-4 mask:0-4
56 [4126979840] INFO perfrun.perfcollector <> - format: tid_en config:19 mask:19
56 [4126979840] INFO perfrun.perfcollector <> - format: thresh config:24-31 mask:24-31
56 [4126979840] INFO perfrun.perfcollector <> - format: filter_state config1:18-22 mask:18-22
56 [4126979840] WARN perfrun.perfcollector <> - pmu hwInfo is not set, at file: vcs/perfrun1/plugins/perfcollector/src/controller.cpp:666
56 [4126979840] INFO perfrun.perfcollector <> - pmu added : family : uncore_cbox , id : 2
56 [4126979840] INFO perfrun.perfcollector <> - dir found : /sys/bus/event_source/devices/uncore_cbox_3
56 [4126979840] INFO perfrun.perfcollector <> - format: inv config:23 mask:23
56 [4126979840] INFO perfrun.perfcollector <> - format: edge config:18 mask:18
56 [4126979840] INFO perfrun.perfcollector <> - format: event config:0-7 mask:0-7
56 [4126979840] INFO perfrun.perfcollector <> - format: umask config:8-15 mask:8-15
56 [4126979840] INFO perfrun.perfcollector <> - format: filter_nid config1:10-17 mask:10-17
56 [4126979840] INFO perfrun.perfcollector <> - format: filter_opc config1:23-31 mask:23-31
56 [4126979840] INFO perfrun.perfcollector <> - format: filter_tid config1:0-4 mask:0-4
57 [4126979840] INFO perfrun.perfcollector <> - format: tid_en config:19 mask:19
57 [4126979840] INFO perfrun.perfcollector <> - format: thresh config:24-31 mask:24-31
57 [4126979840] INFO perfrun.perfcollector <> - format: filter_state config1:18-22 mask:18-22
57 [4126979840] WARN perfrun.perfcollector <> - pmu hwInfo is not set, at file: vcs/perfrun1/plugins/perfcollector/src/controller.cpp:666
57 [4126979840] INFO perfrun.perfcollector <> - pmu added : family : uncore_cbox , id : 3
57 [4126979840] INFO perfrun.perfcollector <> - dir found : /sys/bus/event_source/devices/uncore_cbox_4
57 [4126979840] INFO perfrun.perfcollector <> - format: inv config:23 mask:23
57 [4126979840] INFO perfrun.perfcollector <> - format: edge config:18 mask:18
57 [4126979840] INFO perfrun.perfcollector <> - format: event config:0-7 mask:0-7
57 [4126979840] INFO perfrun.perfcollector <> - format: umask config:8-15 mask:8-15
57 [4126979840] INFO perfrun.perfcollector <> - format: filter_nid config1:10-17 mask:10-17
57 [4126979840] INFO perfrun.perfcollector <> - format: filter_opc config1:23-31 mask:23-31
57 [4126979840] INFO perfrun.perfcollector <> - format: filter_tid config1:0-4 mask:0-4
57 [4126979840] INFO perfrun.perfcollector <> - format: tid_en config:19 mask:19
57 [4126979840] INFO perfrun.perfcollector <> - format: thresh config:24-31 mask:24-31
57 [4126979840] INFO perfrun.perfcollector <> - format: filter_state config1:18-22 mask:18-22
57 [4126979840] WARN perfrun.perfcollector <> - pmu hwInfo is not set, at file: vcs/perfrun1/plugins/perfcollector/src/controller.cpp:666
57 [4126979840] INFO perfrun.perfcollector <> - pmu added : family : uncore_cbox , id : 4
57 [4126979840] INFO perfrun.perfcollector <> - dir found : /sys/bus/event_source/devices/uncore_cbox_5
58 [4126979840] INFO perfrun.perfcollector <> - format: inv config:23 mask:23
58 [4126979840] INFO perfrun.perfcollector <> - format: edge config:18 mask:18
58 [4126979840] INFO perfrun.perfcollector <> - format: event config:0-7 mask:0-7
58 [4126979840] INFO perfrun.perfcollector <> - format: umask config:8-15 mask:8-15
58 [4126979840] INFO perfrun.perfcollector <> - format: filter_nid config1:10-17 mask:10-17
58 [4126979840] INFO perfrun.perfcollector <> - format: filter_opc config1:23-31 mask:23-31
58 [4126979840] INFO perfrun.perfcollector <> - format: filter_tid config1:0-4 mask:0-4
58 [4126979840] INFO perfrun.perfcollector <> - format: tid_en config:19 mask:19
58 [4126979840] INFO perfrun.perfcollector <> - format: thresh config:24-31 mask:24-31
58 [4126979840] INFO perfrun.perfcollector <> - format: filter_state config1:18-22 mask:18-22
58 [4126979840] WARN perfrun.perfcollector <> - pmu hwInfo is not set, at file: vcs/perfrun1/plugins/perfcollector/src/controller.cpp:666
58 [4126979840] INFO perfrun.perfcollector <> - pmu added : family : uncore_cbox , id : 5
58 [4126979840] INFO perfrun.perfcollector <> - dir found : /sys/bus/event_source/devices/uncore_cbox_6
58 [4126979840] INFO perfrun.perfcollector <> - format: inv config:23 mask:23
58 [4126979840] INFO perfrun.perfcollector <> - format: edge config:18 mask:18
58 [4126979840] INFO perfrun.perfcollector <> - format: event config:0-7 mask:0-7
58 [4126979840] INFO perfrun.perfcollector <> - format: umask config:8-15 mask:8-15
58 [4126979840] INFO perfrun.perfcollector <> - format: filter_nid config1:10-17 mask:10-17
59 [4126979840] INFO perfrun.perfcollector <> - format: filter_opc config1:23-31 mask:23-31
59 [4126979840] INFO perfrun.perfcollector <> - format: filter_tid config1:0-4 mask:0-4
59 [4126979840] INFO perfrun.perfcollector <> - format: tid_en config:19 mask:19
59 [4126979840] INFO perfrun.perfcollector <> - format: thresh config:24-31 mask:24-31
59 [4126979840] INFO perfrun.perfcollector <> - format: filter_state config1:18-22 mask:18-22
59 [4126979840] WARN perfrun.perfcollector <> - pmu hwInfo is not set, at file: vcs/perfrun1/plugins/perfcollector/src/controller.cpp:666
59 [4126979840] INFO perfrun.perfcollector <> - pmu added : family : uncore_cbox , id : 6
59 [4126979840] INFO perfrun.perfcollector <> - dir found : /sys/bus/event_source/devices/uncore_cbox_7
59 [4126979840] INFO perfrun.perfcollector <> - format: inv config:23 mask:23
59 [4126979840] INFO perfrun.perfcollector <> - format: edge config:18 mask:18
59 [4126979840] INFO perfrun.perfcollector <> - format: event config:0-7 mask:0-7
59 [4126979840] INFO perfrun.perfcollector <> - format: umask config:8-15 mask:8-15
59 [4126979840] INFO perfrun.perfcollector <> - format: filter_nid config1:10-17 mask:10-17
59 [4126979840] INFO perfrun.perfcollector <> - format: filter_opc config1:23-31 mask:23-31
59 [4126979840] INFO perfrun.perfcollector <> - format: filter_tid config1:0-4 mask:0-4
59 [4126979840] INFO perfrun.perfcollector <> - format: tid_en config:19 mask:19
59 [4126979840] INFO perfrun.perfcollector <> - format: thresh config:24-31 mask:24-31
59 [4126979840] INFO perfrun.perfcollector <> - format: filter_state config1:18-22 mask:18-22
59 [4126979840] WARN perfrun.perfcollector <> - pmu hwInfo is not set, at file: vcs/perfrun1/plugins/perfcollector/src/controller.cpp:666
60 [4126979840] INFO perfrun.perfcollector <> - pmu added : family : uncore_cbox , id : 7
60 [4126979840] INFO perfrun.perfcollector <> - dir found : /sys/bus/event_source/devices/uncore_ha
60 [4126979840] INFO perfrun.perfcollector <> - format: inv config:23 mask:23
60 [4126979840] INFO perfrun.perfcollector <> - format: edge config:18 mask:18
60 [4126979840] INFO perfrun.perfcollector <> - format: event config:0-7 mask:0-7
60 [4126979840] INFO perfrun.perfcollector <> - format: umask config:8-15 mask:8-15
60 [4126979840] INFO perfrun.perfcollector <> - format: thresh config:24-31 mask:24-31
60 [4126979840] WARN perfrun.perfcollector <> - pmu hwInfo is not set, at file: vcs/perfrun1/plugins/perfcollector/src/controller.cpp:666
60 [4126979840] INFO perfrun.perfcollector <> - pmu added : family : uncore_ha , id : 0
60 [4126979840] INFO perfrun.perfcollector <> - dir found : /sys/bus/event_source/devices/uncore_r2pcie
60 [4126979840] INFO perfrun.perfcollector <> - format: inv config:23 mask:23
60 [4126979840] INFO perfrun.perfcollector <> - format: edge config:18 mask:18
60 [4126979840] INFO perfrun.perfcollector <> - format: event config:0-7 mask:0-7
60 [4126979840] INFO perfrun.perfcollector <> - format: umask config:8-15 mask:8-15
60 [4126979840] INFO perfrun.perfcollector <> - format: thresh config:24-31 mask:24-31
60 [4126979840] WARN perfrun.perfcollector <> - pmu hwInfo is not set, at file: vcs/perfrun1/plugins/perfcollector/src/controller.cpp:666
60 [4126979840] INFO perfrun.perfcollector <> - pmu added : family : uncore_r2pcie , id : 0
60 [4126979840] INFO perfrun.perfcollector <> - dir found : /sys/bus/event_source/devices/uncore_r3qpi_0
61 [4126979840] INFO perfrun.perfcollector <> - format: inv config:23 mask:23
61 [4126979840] INFO perfrun.perfcollector <> - format: edge config:18 mask:18
61 [4126979840] INFO perfrun.perfcollector <> - format: event config:0-7 mask:0-7
61 [4126979840] INFO perfrun.perfcollector <> - format: umask config:8-15 mask:8-15
61 [4126979840] INFO perfrun.perfcollector <> - format: thresh config:24-31 mask:24-31
61 [4126979840] WARN perfrun.perfcollector <> - pmu hwInfo is not set, at file: vcs/perfrun1/plugins/perfcollector/src/controller.cpp:666
61 [4126979840] INFO perfrun.perfcollector <> - pmu added : family : uncore_r3qpi , id : 0
61 [4126979840] INFO perfrun.perfcollector <> - dir found : /sys/bus/event_source/devices/uncore_r3qpi_1
61 [4126979840] INFO perfrun.perfcollector <> - format: inv config:23 mask:23
61 [4126979840] INFO perfrun.perfcollector <> - format: edge config:18 mask:18
61 [4126979840] INFO perfrun.perfcollector <> - format: event config:0-7 mask:0-7
61 [4126979840] INFO perfrun.perfcollector <> - format: umask config:8-15 mask:8-15
61 [4126979840] INFO perfrun.perfcollector <> - format: thresh config:24-31 mask:24-31
61 [4126979840] WARN perfrun.perfcollector <> - pmu hwInfo is not set, at file: vcs/perfrun1/plugins/perfcollector/src/controller.cpp:666
61 [4126979840] INFO perfrun.perfcollector <> - pmu added : family : uncore_r3qpi , id : 1
61 [4126979840] INFO perfrun.perfcollector <> - dir found : /sys/bus/event_source/devices/intel_bts
61 [4126979840] WARN perfrun.perfcollector <> - format subdir doesn't exist, at file: vcs/perfrun1/plugins/perfcollector/src/controller.cpp:597
61 [4126979840] WARN perfrun.perfcollector <> - pmu hwInfo is not set, at file: vcs/perfrun1/plugins/perfcollector/src/controller.cpp:666
61 [4126979840] INFO perfrun.perfcollector <> - pmu added : family : intel_bts , id : 0
61 [4126979840] INFO perfrun.perfcollector <> - dir found : /sys/bus/event_source/devices/breakpoint
61 [4126979840] WARN perfrun.perfcollector <> - format subdir doesn't exist, at file: vcs/perfrun1/plugins/perfcollector/src/controller.cpp:597
61 [4126979840] WARN perfrun.perfcollector <> - pmu hwInfo is not set, at file: vcs/perfrun1/plugins/perfcollector/src/controller.cpp:666
62 [4126979840] INFO perfrun.perfcollector <> - pmu added : family : breakpoint , id : 0
62 [4126979840] INFO perfrun.perfcollector <> - dir found : /sys/bus/event_source/devices/uncore_ubox
62 [4126979840] INFO perfrun.perfcollector <> - format: inv config:23 mask:23
62 [4126979840] INFO perfrun.perfcollector <> - format: edge config:18 mask:18
62 [4126979840] INFO perfrun.perfcollector <> - format: event config:0-7 mask:0-7
62 [4126979840] INFO perfrun.perfcollector <> - format: umask config:8-15 mask:8-15
62 [4126979840] INFO perfrun.perfcollector <> - format: thresh config:24-28 mask:24-28
62 [4126979840] WARN perfrun.perfcollector <> - pmu hwInfo is not set, at file: vcs/perfrun1/plugins/perfcollector/src/controller.cpp:666
62 [4126979840] INFO perfrun.perfcollector <> - pmu added : family : uncore_ubox , id : 0
62 [4126979840] TRACE perfrun.perfcollector <> - EXIT:  runtool::perfcollector::Controller::Controller()
62 [4126979840] INFO perfrun.launcher <> - plugin perf has been added successfully
62 [4126979840] TRACE perfrun.tpss <> - ENTER: static runtool::sdk::IController *runtool::tpss::IController::create()
62 [4126979840] TRACE perfrun.tpss <> - ENTER: create tpss controller
62 [4126979840] TRACE perfrun.tpss <> - EXIT:  create tpss controller
62 [4126979840] TRACE perfrun.tpss <> - EXIT:  static runtool::sdk::IController *runtool::tpss::IController::create()
62 [4126979840] INFO perfrun.launcher <> - plugin tpss has been added successfully
62 [4126979840] DEBUG perfrun.cuscol <> - cuscol controller object has been created
62 [4126979840] INFO perfrun.launcher <> - plugin cuscol has been added successfully
62 [4126979840] DEBUG perfrun.exprof <> - exprof controller object has been created
62 [4126979840] DEBUG perfrun.exprof <> - exprof controller filling command line options
62 [4126979840] INFO perfrun.launcher <> - plugin exprof has been added successfully
62 [4126979840] DEBUG perfrun.dpdk <> - dpdk controller object has been created
62 [4126979840] INFO perfrun.launcher <> - plugin dpdk has been added successfully
63 [4126979840] TRACE perfrun.media <> - ENTER: static runtool::media::IController *runtool::media::IController::create()
63 [4126979840] TRACE perfrun.media <> - ENTER: runtool::media::Controller::Controller()
63 [4126979840] TRACE perfrun.media <> - EXIT:  runtool::media::Controller::Controller()
63 [4126979840] TRACE perfrun.media <> - EXIT:  static runtool::media::IController *runtool::media::IController::create()
63 [4126979840] INFO perfrun.launcher <> - plugin media has been added successfully
63 [4126979840] DEBUG perfrun.commcollector <> - comm controller object has been created
63 [4126979840] INFO perfrun.launcher <> - plugin commcollector has been added successfully
63 [4126979840] DEBUG perfrun.cvecollector <> - CVE controller object has been created
63 [4126979840] INFO perfrun.launcher <> - plugin cve has been added successfully
63 [4126979840] INFO perfrun.launcher <> - the option was added --interval: Specify an interval of data collection (for example, sampling) in milliseconds.
63 [4126979840] INFO perfrun.launcher <> - the option was added --follow-child: Profile process with or without children.
63 [4126979840] INFO perfrun.launcher <> - the option was added --gelding: BADMSG: perfrun1.launcher.plugin_manager::gelding
63 [4126979840] INFO perfrun.launcher <> - the option was added --time-source: Specify time source for measurement. Possible values: sys - wall clock time; tsc - time stamp counter; ext - time from an external source; auto - auto select accurate time source.
64 [4126979840] INFO perfrun.launcher <> - the option was added --stack: Enable or disable collection of stacks.
64 [4126979840] INFO perfrun.launcher <> - the option was added --stack-stitching: Enable or disable the stack stitching algorithm for Intel TBB-based applications.
64 [4126979840] INFO perfrun.launcher <> - the option was added --type: Specify type of data to be collected. For example, --type cpu:counters,waiting:nostack,io.
64 [4126979840] INFO perfrun.launcher <> - the option was added --mrte-mode: Specify Java/.NET/other managed runtime collection mode. Possible values: native - collect information only for native code; managed - collect information only for managed code; mixed - collect information for both managed and native code; auto - choose the mode based on binary type.
64 [4126979840] INFO perfrun.launcher <> - the option was added --mrte-mode-list: List supported Java/.NET/other managed runtime collection modes.
64 [4126979840] INFO perfrun.launcher <> - the option was added --mrte-type: Specify which managed runtimes to collect. Possible values: java - collect information for Java; dotnet - collect information for .NET; python - collect information for CPython. You can specify several values separated by comma.
64 [4126979840] INFO perfrun.launcher <> - the option was added --mrte-type-list: List supported Java/.NET/other managed runtime types.
64 [4126979840] INFO perfrun.launcher <> - the option was added --trace-strategy: Specify how to profile a process tree. <string> can be "<process>:trace:notrace" - profile the process but do not profile its children. Shorthand parameters: t - trace, nt - notrace. For example, "vtunedemo.exe:t:t".
64 [4126979840] INFO perfrun.launcher <> - the option was added --collector: BADMSG: perfrun1.launcher.plugin_manager::collector
64 [4126979840] INFO perfrun.launcher <> - the option was added --system-wide: Enable system-wide profiling. This mode may require additional permissions.
64 [4126979840] INFO perfrun.launcher <> - the option was added --kvm-guest: Enable KVM guest OS profiling.
64 [4126979840] INFO perfrun.launcher <> - the option was added --kvm-guest-kallsyms: Specify a local path to the /proc/kallsyms file copied from the guest OS for proper symbol resolution.
64 [4126979840] INFO perfrun.launcher <> - the option was added --kvm-guest-modules: Specify a local path to the /proc/modules file copied from the guest OS for proper symbol resolution.
64 [4126979840] INFO perfrun.launcher <> - the option was added --dump-vdso: Dump [vdso] to result directory
64 [4126979840] INFO perfrun.launcher <> - the option was added --bandwidth-limits: Measure bandwidth limits
64 [4126979840] INFO perfrun.launcher <> - the option was added --bandwidth-strategy: Bandwidth limits determination specific properties (example: --bandwidth-strategy array-size=0,duration=500).
64 [4126979840] INFO perfrun.launcher <> - the option was added --bandwidth-config: List of benchmarks to run.
64 [4126979840] INFO perfrun.launcher <> - the option was added --system-collector-config: Specify subcollectors. Possible values: all, vdso, container, device-info, none.
64 [4126979840] INFO perfrun.launcher <> - the option was added --itt-config: Specify a sub-set of ITT API to collect.
65 [4126979840] INFO perfrun.launcher <> - the option was added --itt-debug: Set pseudo-breakpoint at ITT API collector's start to enable the debugger to attach early.
65 [4126979840] INFO perfrun.launcher <> - the option was added --itt-ring-buffer-multiplier: The size of internal ITT API collector ring buffer, in bytes per second
65 [4126979840] INFO perfrun.launcher <> - the option was added --ptrace: Ptrace collector.
65 [4126979840] INFO perfrun.launcher <> - the option was added --target-pid: BADMSG: perfrun1.ptracecollector::target-pid
65 [4126979840] INFO perfrun.launcher <> - the option was added --ptrace-server-pid: BADMSG: perfrun1.ptracecollector::ptrace-server-pid
65 [4126979840] INFO perfrun.launcher <> - the option was added --ptrace-trace: BADMSG: perfrun1.ptracecollector::ptrace-trace
65 [4126979840] INFO perfrun.launcher <> - the option was added --ptrace-time-source: BADMSG: perfrun1.ptracecollector::ptrace-time-source
65 [4126979840] INFO perfrun.launcher <> - the option was added --ptrace-start-type: BADMSG: perfrun1.ptracecollector::ptrace-start-type
65 [4126979840] INFO perfrun.launcher <> - the option was added --gpu-config: Specify types of GPU data to be collected. Possible values: preset1, preset2.
65 [4126979840] INFO perfrun.launcher <> - the option was added --gpu-debug: Enable self-testing of the GPGPU profiling collector.
65 [4126979840] INFO perfrun.launcher <> - the option was added --stdsrc-config: Specify Standard Sources category tag(s).
65 [4126979840] INFO perfrun.launcher <> - the option was added --ftrace-config-list: List Linux Ftrace category tag(s).
65 [4126979840] INFO perfrun.launcher <> - the option was added --ftrace-config: Specify Linux Ftrace category tag(s).
65 [4126979840] INFO perfrun.launcher <> - the option was added --ftrace-function-groups: Enable tracing of specific groups of functions.
65 [4126979840] INFO perfrun.launcher <> - the option was added --event-info: BADMSG: perfrun1.stdsrc::event-info
65 [4126979840] INFO perfrun.launcher <> - the option was added --cpu-list: List supported CPUs.
65 [4126979840] INFO perfrun.launcher <> - the option was added --target-list: List available targets for performing sampling collection.
65 [4126979840] INFO perfrun.launcher <> - the option was added --event-value-list: Display event information.
66 [4126979840] INFO perfrun.launcher <> - the option was added --platform-value-list: Display details of supported platforms.
66 [4126979840] INFO perfrun.launcher <> - the option was added --uncore-event-list: List uncore events for which a sampling data collection can be performed on this platform.
66 [4126979840] INFO perfrun.launcher <> - the option was added --modifier-list: Specify the event name <string> for which the modifiers list is requested.
66 [4126979840] INFO perfrun.launcher <> - the option was added --pmu-list: List supported PMUs.
66 [4126979840] INFO perfrun.launcher <> - the option was added --os-mode-only: Enable sampling data collection for OS-mode processes only.
66 [4126979840] INFO perfrun.launcher <> - the option was added --user-mode-only: Enable sampling data collection for user-mode processes only.
66 [4126979840] INFO perfrun.launcher <> - the option was added --target: Specify target for the sampling data collection. All other command line options are applied to the value specified for this option.
66 [4126979840] INFO perfrun.launcher <> - the option was added --event-config: Perform data collection for the events with <string> configured using the format <event name1>":modifier1=val:modifier2=val/constraint1={:modifier3=val:modifier4=val}...,"<event name2>":... Specify the events(s) to monitor and embed the event names within double quotes("). [:modifier=val] specifies individual event modifiers along with the respective values for a given platform. Note that the modifiers can be generic to an event as well as specific to a constraint (or an event qualifier). The constraint specific special modifiers appear after [/constraint=]. The modifiers can be in decimal or hexadecimal format. Only specific modifiers accept the value as a string. Each event specification is delimited by a comma (,). For a list of supported modifiers and constraints, refer to the documentation.
66 [4126979840] INFO perfrun.launcher <> - the option was added --chipset-event-config: BADMSG: perfrun1.sep::chipset-event-config
66 [4126979840] INFO perfrun.launcher <> - the option was added --uncore-event-config: Perform uncore data collection in ebc count mode for the events with <string> configured using the format "<event name1>"...,"<event name2>":... Specify the events(s) to monitor and embed the event names within double quotes(").
66 [4126979840] INFO perfrun.launcher <> - the option was added --count-emon: Enable counting mode and output the data in EMON format.
66 [4126979840] INFO perfrun.launcher <> - the option was added --event-based-counts: Enable event-based counting mode. During sampling data collection, event counts data is collected for the list of events specified in -event-config option.
66 [4126979840] INFO perfrun.launcher <> - the option was added --event-mux-tfactor: Specify the event multiplexing tfactor as <integer> to set the length of the interval between interrupts. The larger the tfactor value, the larger the period between interrupts. Currently this option is only available on Intel platforms codenamed Knights Corner.
66 [4126979840] INFO perfrun.launcher <> - the option was added --full-pebs-capture: Capture full pebs information.
66 [4126979840] INFO perfrun.launcher <> - the option was added --last-branch-records: Capture Last Branch Records information.
66 [4126979840] INFO perfrun.launcher <> - the option was added --pmu-type: Specify the targeted PMU name as <string>.
66 [4126979840] INFO perfrun.launcher <> - the option was added --platform-type: Specify the targeted platform number as <number>.
66 [4126979840] INFO perfrun.launcher <> - the option was added --bts-count: Specify the <integer> number of BTS records collected after each sample or context switch (VTSS++ only).
66 [4126979840] INFO perfrun.launcher <> - the option was added --cpu-mask: Specify which CPU(s) <string> to collect data on. For example, specify "2-8,10,12-14" to sample only CPUs 2 through 8, 10, and 12 through 14.
67 [4126979840] INFO perfrun.launcher <> - the option was added --event-mux-alg: Specify the event multiplexing algorithm. Possible values: sequence, timer, trigger.
67 [4126979840] INFO perfrun.launcher <> - the option was added --event-mux-timeslice: Specify the event multiplexing time slice value as <integer>. The time slice specifies the duration between cycles for each event multiplexing group. The default value is 50 milliseconds. This option is valid only for timer-based event multiplexing. Specify the event multiplexing time slice value as <integer>. The time slice specifies the duration between cycles for each event multiplexing group. The default value is 1 millisecond. This option is valid only for timer-based event multiplexing.
67 [4126979840] INFO perfrun.launcher <> - the option was added --event-mux-factor: Specify the event multiplexing factor as <integer>. It controls the switching of event multiplexing groups. The default factor is 50. This option is valid only for trigger-based event multiplexing. Specify the event multiplexing factor as <integer>. It controls the switching of event multiplexing groups. The default factor is 1. This option is valid only for trigger-based event multiplexing.
67 [4126979840] INFO perfrun.launcher <> - the option was added --event-mux-trigger: Specify the name of the trigger event for event multiplexing as <string>. This option is valid only for trigger-based event multiplexing. The default trigger is CPU_CLK_UNHALTED.CORE (or CPU_CLK_UNHALTED.THREAD). BADMSG: perfrun1.vtsspp::event-mux-trigger
67 [4126979840] INFO perfrun.launcher <> - the option was added --pwr-config: BADMSG: perfrun1.vtsspp::pwr-config
67 [4126979840] INFO perfrun.launcher <> - the option was added --sys-config: BADMSG: perfrun1.vtsspp::sys-config
67 [4126979840] INFO perfrun.launcher <> - the option was added --pt-mode: BADMSG: perfrun1.vtsspp::pt-mode
67 [4126979840] INFO perfrun.launcher <> - the option was added --sample-after-multiplier: Specify the sample after multiplier as <double>. This multiplier modifies the sample after value for all the events specified in -event-config option. The values can range from 0.1 to 100.0. SAV multiplier value
67 [4126979840] INFO perfrun.launcher <> - the option was added --count: Enable counting mode. Enable counting mode
67 [4126979840] INFO perfrun.launcher <> - the option was added --trace-mpi: Configure collector to trace MPI code.
67 [4126979840] INFO perfrun.launcher <> - the option was added --raw-perf-config: Specify a verified configuration for the Perf collector in the format: <describer>,<content>. For example: map-events-file,<path_to_map_events_file>.
67 [4126979840] INFO perfrun.launcher <> - the option was added --stackwalk: Specify stack unwinding method. Possible values: online - unwind stacks during collection; offline - unwind stacks after collection is finished. Specify stack unwinding method. Possible value: lbr - unwind stacks during collection. Specify stack unwinding method. Possible values: online - unwind stacks during collection; offline - unwind stacks after collection is finished; lbr - enable LBR-based call stack collection. Specify stack unwinding method. Possible values: online - unwind stacks during collection; offline - unwind stacks after collection is finished. Specify stack unwinding method. Possible values: online - unwind stacks during collection; offline - unwind stacks after collection is finished.
67 [4126979840] INFO perfrun.launcher <> - the option was added --filter-include: Filter data during collection. Possible values: contended=<on|off> - filter out uncontended events; contended_nostack=<time> - filter out stacks for contended events that take less than <time> microseconds; wait=<time> - ignore transitions and blocks with wait time less than <time> microseconds; wait_nostack=<time> - filter out stacks for waits that take less than <time> microseconds.
67 [4126979840] INFO perfrun.launcher <> - the option was added --debug-pin: Debug PIN tool and runtime.
67 [4126979840] INFO perfrun.launcher <> - the option was added --debug-exception: Disallow the application to set own abnormal termination handler.
67 [4126979840] INFO perfrun.launcher <> - the option was added --trace-type: Specify the trace file granularity. Possible values: per-thread - per-thread trace file generation; per-process - per-process trace file generation.
67 [4126979840] INFO perfrun.launcher <> - the option was added --instrumentation-type: Specify type of instrumentation.
67 [4126979840] INFO perfrun.launcher <> - the option was added --altstack: Enable or disable usage of altstacks for profiling signal handlers.
68 [4126979840] INFO perfrun.launcher <> - the option was added --profiling-signal: BADMSG: perfrun1.ptracecollector::profiling-signal Alternate profiling signal.
68 [4126979840] INFO perfrun.launcher <> - the option was added --memory-strategy: Specify a minimal memory object size to be traced and a hash table size for faster objects search; for example: --memory-strategy obj-size-min=1024,hash-table-size=4096.
68 [4126979840] INFO perfrun.launcher <> - the option was added --custom-collector: Allows to provide arbitrary command line to be run on collection steps.
68 [4126979840] INFO perfrun.launcher <> - the option was added --exprof-com-list: List available COM ports.
68 [4126979840] INFO perfrun.launcher <> - the option was added --exprof-dvc-list: List available DvC IDs.
68 [4126979840] INFO perfrun.launcher <> - the option was added --exprof-trace-channel: BADMSG: perfrun1.exprof::exprof-trace-channel
68 [4126979840] INFO perfrun.launcher <> - the option was added --exprof-event-config: Specify ExactProfiling Event Classes.
68 [4126979840] INFO perfrun.launcher <> - the option was added --analyze-dpdk: analyze-dpdk
68 [4126979840] INFO perfrun.launcher <> - the option was added --network-sampling-interval: network-sampling-interval
68 [4126979840] INFO perfrun.launcher <> - the option was added --dpdk-file-prefix: dpdk-file-prefix
68 [4126979840] INFO perfrun.launcher <> - the option was added --target-system: BADMSG: perfrun1.launcher.plugin_manager::target-system
68 [4126979840] TRACE perfrun.launcher <> - Update configuration: tmp directory = /tmp/amplxe-tmp-uid:8381
68 [4126979840] TRACE perfrun.launcher <> - EXIT:  Initialize the launcher
69 [4126979840] INFO perfrun.launcher <> - create msngr2::ICliToolContext
69 [4126979840] TRACE perfrun.launcher <> - ENTER: void runtool::CmdLineParser::validateParseResult() const
69 [4126979840] TRACE perfrun.launcher <> - EXIT:  void runtool::CmdLineParser::validateParseResult() const
69 [4126979840] TRACE perfrun.launcher <> - ENTER: void runtool::CmdLineParser::populate(runtool::IConfiguration *) const
69 [4126979840] WARN perfrun.launcher <> - action #14 cannot be translated to string and will be unknown, at file: vcs/perfrun1/launcher/src/configuration.cpp:96
69 [4126979840] TRACE perfrun.launcher <> - Update configuration: action = unknown
69 [4126979840] TRACE perfrun.launcher <> - Update configuration: collection type = system-wide
69 [4126979840] TRACE perfrun.launcher <> - Update configuration: compression level = 2
69 [4126979840] TRACE perfrun.launcher <> - Update configuration: duration = 0 sec
69 [4126979840] TRACE perfrun.launcher <> - Update configuration: data limit = 0 bytes
69 [4126979840] TRACE perfrun.launcher <> - Update configuration: disc space limit = 0 bytes
69 [4126979840] TRACE perfrun.launcher <> - Update configuration: return-app-exitcode = false
69 [4126979840] TRACE perfrun.launcher <> - Update configuration: tmp directory = /tmp/amplxe-tmp-pvelesko
69 [4126979840] TRACE perfrun.launcher <> - Update configuration: result directory = /tmp/amplxe-tmp-pvelesko/amplxe-res-23195-4360870746239504
69 [4126979840] TRACE perfrun.launcher <> - [IN] option = follow-child; value = true !bool
70 [4126979840] TRACE perfrun.launcher <> - [IN] option = gelding; value = false !bool
70 [4126979840] TRACE perfrun.launcher <> - [IN] option = time-source; value = auto !ustring
70 [4126979840] TRACE perfrun.launcher <> - [IN] option = stack; value = true !bool
70 [4126979840] TRACE perfrun.launcher <> - [IN] option = stack-stitching; value = false !bool
70 [4126979840] TRACE perfrun.launcher <> - [IN] option = mrte-mode; value = native !ustring
70 [4126979840] TRACE perfrun.launcher <> - [IN] option = collector; value = sep !ustring
70 [4126979840] TRACE perfrun.launcher <> - [IN] option = system-wide; value = false !bool
70 [4126979840] TRACE perfrun.launcher <> - [IN] option = kvm-guest; value = false !bool
70 [4126979840] TRACE perfrun.launcher <> - [IN] option = dump-vdso; value = null
70 [4126979840] TRACE perfrun.launcher <> - [IN] option = bandwidth-limits; value = false !bool
70 [4126979840] TRACE perfrun.launcher <> - [IN] option = system-collector-config; value = all !ustring
70 [4126979840] TRACE perfrun.launcher <> - [IN] option = itt-ring-buffer-multiplier; value = 10485760 !s32_t
70 [4126979840] TRACE perfrun.launcher <> - [IN] option = pmu-type; value = core !ustring
70 [4126979840] TRACE perfrun.launcher <> - [IN] option = trace-type; value = per-thread !ustring
70 [4126979840] TRACE perfrun.launcher <> - [IN] option = instrumentation-type; value = pin !ustring
70 [4126979840] TRACE perfrun.launcher <> - [IN] option = altstack; value = true !bool
70 [4126979840] TRACE perfrun.launcher <> - EXIT:  void runtool::CmdLineParser::populate(runtool::IConfiguration *) const
70 [4117977920] TRACE perfrun.tpss <> - ENTER: void runtool::tpss::Controller::setMessageChannel(runtool::sdk::IMessageChannel *)
70 [4117977920] TRACE perfrun.tpss <> - EXIT:  void runtool::tpss::Controller::setMessageChannel(runtool::sdk::IMessageChannel *)
70 [4126979840] INFO perfrun.launcher <> - create file finder object
70 [4117977920] TRACE perfrun.itt <> - ENTER: void runtool::itt::Controller::setRequestHandler(runtool::sdk::IRequestHandler *)
70 [4117977920] TRACE perfrun.itt <> - EXIT:  void runtool::itt::Controller::setRequestHandler(runtool::sdk::IRequestHandler *)
70 [4117977920] TRACE perfrun.tpss <> - ENTER: void runtool::tpss::Controller::setRequestHandler(runtool::sdk::IRequestHandler *)
70 [4117977920] TRACE perfrun.tpss <> - EXIT:  void runtool::tpss::Controller::setRequestHandler(runtool::sdk::IRequestHandler *)
70 [4126979840] TRACE perfrun.launcher <> - Handle the user request: action = 14
70 [4126979840] TRACE perfrun.launcher <> - Do external action
70 [4117977920] TRACE perfrun.launcher <> - Update configuration: follow child = 1
74 [4117977920] TRACE perfrun.launcher <> - Update configuration: time source = 0
74 [4117977920] TRACE perfrun.launcher <> - Update configuration: stack = 1
74 [4117977920] TRACE perfrun.launcher <> - Update configuration: gelding = 0
74 [4117977920] TRACE perfrun.launcher <> - Update configuration: stack stitching = 0
74 [4117977920] INFO perfrun.system <> - dumping [vdso] pseudomodule
76 [4117977920] INFO perfrun.launcher <> - plugin [itt] was disabled because it doesn't support the given collection type.
76 [4117977920] INFO perfrun.launcher <> - plugin [ptracecollector] was disabled because it doesn't support the given collection type.
76 [4117977920] INFO perfrun.launcher <> - plugin [gpu] was disabled because it doesn't support the given collection type.
76 [4117977920] INFO perfrun.launcher <> - plugin [] was disabled because it doesn't support the given collection type.
76 [4117977920] INFO perfrun.launcher <> - plugin [] was disabled because it doesn't support the given collection type.
76 [4117977920] INFO perfrun.launcher <> - plugin [] was disabled because it doesn't support the given collection type.
76 [4117977920] INFO perfrun.launcher <> - plugin [mrte] was disabled because it doesn't support the given collection type.
76 [4117977920] INFO perfrun.launcher <> - plugin [emon] was disabled because it doesn't support the given collection type.
76 [4117977920] TRACE perfrun.stdsrc <> - ENTER: int runtool::stdsrc::Controller::doAction(runtool::sdk::IConfiguration *)
76 [4117977920] TRACE perfrun.stdsrc <> - EXIT:  int runtool::stdsrc::Controller::doAction(runtool::sdk::IConfiguration *)
76 [4117977920] INFO perfrun.launcher <> - plugin [stdsrc] was disabled because it doesn't support the given collection type.
76 [4117977920] TRACE perfrun.sep <> - ENTER: int runtool::sep::SdkController::doAction(runtool::sdk::IConfiguration *)
76 [4117977920] TRACE perfrun.sep <> - EXIT:  int runtool::sep::SdkController::doAction(runtool::sdk::IConfiguration *)
76 [4117977920] INFO perfrun.launcher <> - plugin [sep] was disabled because it doesn't support the given collection type.
76 [4117977920] TRACE perfrun.vtsspp <> - ENTER: int runtool::vtsspp::Controller::doAction(runtool::sdk::IConfiguration *)
76 [4117977920] TRACE perfrun.vtsspp <> - EXIT:  int runtool::vtsspp::Controller::doAction(runtool::sdk::IConfiguration *)
76 [4117977920] INFO perfrun.launcher <> - plugin [vtsspp] was disabled because it doesn't support the given collection type.
76 [4117977920] INFO perfrun.launcher <> - plugin [perf] was disabled because it doesn't support the given collection type.
76 [4117977920] INFO perfrun.launcher <> - plugin [tpss] was disabled because it doesn't support the given collection type.
76 [4117977920] TRACE perfrun.cuscol <> - ENTER: int runtool::cuscol::Controller::doAction(runtool::sdk::IConfiguration *)
76 [4117977920] TRACE perfrun.cuscol <> - EXIT:  int runtool::cuscol::Controller::doAction(runtool::sdk::IConfiguration *)
76 [4117977920] INFO perfrun.launcher <> - plugin [cuscol] was disabled because it doesn't support the given collection type.
76 [4117977920] TRACE perfrun.exprof <> - ENTER: int runtool::exprof::Controller::doAction(runtool::sdk::IConfiguration *)
76 [4117977920] TRACE perfrun.exprof <> - EXIT:  int runtool::exprof::Controller::doAction(runtool::sdk::IConfiguration *)
76 [4117977920] INFO perfrun.launcher <> - plugin [exprof] was disabled because it doesn't support the given collection type.
76 [4117977920] INFO perfrun.launcher <> - plugin [dpdk] was disabled because it doesn't support the given collection type.
76 [4117977920] INFO perfrun.launcher <> - plugin [media] was disabled because it doesn't support the given collection type.
76 [4117977920] TRACE perfrun.commcollector <> - ENTER: int runtool::commcollector::Controller::doAction(runtool::sdk::IConfiguration *)
76 [4117977920] TRACE perfrun.commcollector <> - EXIT:  int runtool::commcollector::Controller::doAction(runtool::sdk::IConfiguration *)
76 [4117977920] INFO perfrun.launcher <> - plugin [commcollector] was disabled because it doesn't support the given collection type.
76 [4117977920] TRACE perfrun.cvecollector <> - ENTER: int runtool::cvecollector::Controller::doAction(runtool::sdk::IConfiguration *)
76 [4117977920] TRACE perfrun.cvecollector <> - EXIT:  int runtool::cvecollector::Controller::doAction(runtool::sdk::IConfiguration *)
76 [4117977920] INFO perfrun.launcher <> - plugin [cve] was disabled because it doesn't support the given collection type.
76 [4117977920] TRACE perfrun.cvecollector <> - ENTER: runtool::cvecollector::Controller::~Controller()
76 [4117977920] TRACE perfrun.cvecollector <> - EXIT:  runtool::cvecollector::Controller::~Controller()
76 [4126979840] INFO perfrun.launcher <> - Application exit code: 0
76 [4126979840] INFO perfrun.launcher <> - Exit code: 0
77 [4126979840] TRACE perfrun.launcher <> - EXIT:  Start the collection
77 [4126979840] TRACE perfrun.launcher <> - ENTER: Destroy the launcher...
77 [4126979840] TRACE perfrun.launcher <> - EXIT:  Destroy the launcher...
77 [4126979840] TRACE perfrun.launcher <> - PluginManagerProxy::doOperation thread was terminated.
77 [4126979840] TRACE perfrun.launcher <> - EXIT:  int main(int, char **)
