9 [22560424519552] INFO perfrun.launcher <> - Launcher main begin
13 [22560424519552] INFO perfrun.launcher <> - MessageCatalogInit finished
13 [22560424519552] INFO perfrun.launcher <> - Launcher instance created
13 [22560424519552] INFO perfrun.launcher <> - argc = 7; cmdline = /soft/restricted/CNDA/sdk/2019.6.30.011/vtune/2020.0/bin64/amplxe-runss --ui-output-format xml --ui-output-fd 6 --option-file /home/pvelesko/testing/dpc/examples/openmp/one_plus_one/amplxe_hs_one_plus_one_2019-09-19-14-10/config/runsa.options 
71 [22560424519552] INFO perfrun.launcher <> - plugin remoteplug has been added successfully
71 [22560424519552] INFO perfrun.launcher <> - plugin system has been added successfully
71 [22560424519552] INFO perfrun.launcher <> - plugin itt has been added successfully
71 [22560424519552] INFO perfrun.launcher <> - plugin ptracecollector has been added successfully
71 [22560424519552] INFO perfrun.launcher <> - plugin gpu has been added successfully
71 [22560424519552] INFO perfrun.launcher <> - plugin  has been added successfully
71 [22560424519552] INFO perfrun.launcher <> - plugin  has been added successfully
71 [22560424519552] INFO perfrun.launcher <> - plugin  has been added successfully
71 [22560424519552] INFO perfrun.launcher <> - plugin mrte has been added successfully
71 [22560424519552] INFO perfrun.launcher <> - plugin emon has been added successfully
71 [22560424519552] INFO perfrun.launcher <> - plugin cuscol has been added successfully
71 [22560424519552] INFO perfrun.launcher <> - plugin stdsrc has been added successfully
71 [22560424519552] INFO perfrun.launcher <> - plugin sep has been added successfully
71 [22560424519552] INFO perfrun.launcher <> - plugin vtsspp has been added successfully
71 [22560424519552] INFO perfrun.sdk <> - Reading value (0) from file: /proc/sys/kernel/perf_event_paranoid
71 [22560424519552] INFO perfrun.perfcollector <> - checking access to: /soft/restricted/CNDA/sdk/2019.6.30.011/vtune/2020.0/bin64/amplxe-perf-priv
72 [22560424519552] INFO perfrun.perfcollector <> - cpu: family = 6 model = 94
72 [22560424519552] INFO perfrun.perfcollector <> - dir found : /sys/bus/event_source/devices/software
72 [22560424519552] WARN perfrun.perfcollector <> - format subdir doesn't exist, at file: vcs/perfrun1/plugins/perfcollector/src/controller.cpp:648
72 [22560424519552] WARN perfrun.perfcollector <> - pmu hwInfo is not set, at file: vcs/perfrun1/plugins/perfcollector/src/controller.cpp:737
72 [22560424519552] INFO perfrun.perfcollector <> - pmu added : family : software , id : 0
72 [22560424519552] INFO perfrun.perfcollector <> - dir found : /sys/bus/event_source/devices/power
72 [22560424519552] INFO perfrun.perfcollector <> - format: event config:0-7 mask:0-7
72 [22560424519552] WARN perfrun.perfcollector <> - pmu hwInfo is not set, at file: vcs/perfrun1/plugins/perfcollector/src/controller.cpp:737
72 [22560424519552] INFO perfrun.perfcollector <> - pmu added : family : power , id : 0
72 [22560424519552] INFO perfrun.perfcollector <> - dir found : /sys/bus/event_source/devices/uprobe
72 [22560424519552] INFO perfrun.perfcollector <> - format: ref_ctr_offset config:32-63 mask:32-63
72 [22560424519552] INFO perfrun.perfcollector <> - format: retprobe config:0 mask:0
72 [22560424519552] WARN perfrun.perfcollector <> - pmu hwInfo is not set, at file: vcs/perfrun1/plugins/perfcollector/src/controller.cpp:737
72 [22560424519552] INFO perfrun.perfcollector <> - pmu added : family : uprobe , id : 0
72 [22560424519552] INFO perfrun.perfcollector <> - dir found : /sys/bus/event_source/devices/intel_bts
72 [22560424519552] WARN perfrun.perfcollector <> - format subdir doesn't exist, at file: vcs/perfrun1/plugins/perfcollector/src/controller.cpp:648
72 [22560424519552] WARN perfrun.perfcollector <> - pmu hwInfo is not set, at file: vcs/perfrun1/plugins/perfcollector/src/controller.cpp:737
72 [22560424519552] INFO perfrun.perfcollector <> - pmu added : family : intel_bts , id : 0
72 [22560424519552] INFO perfrun.perfcollector <> - dir found : /sys/bus/event_source/devices/cpu
72 [22560424519552] INFO perfrun.perfcollector <> - format: event config:0-7 mask:0-7
72 [22560424519552] INFO perfrun.perfcollector <> - format: pc config:19 mask:19
72 [22560424519552] INFO perfrun.perfcollector <> - format: in_tx config:32 mask:32
73 [22560424519552] INFO perfrun.perfcollector <> - format: edge config:18 mask:18
73 [22560424519552] INFO perfrun.perfcollector <> - format: any config:21 mask:21
73 [22560424519552] INFO perfrun.perfcollector <> - format: offcore_rsp config1:0-63 mask:0-63
73 [22560424519552] INFO perfrun.perfcollector <> - format: in_tx_cp config:33 mask:33
73 [22560424519552] INFO perfrun.perfcollector <> - format: ldlat config1:0-15 mask:0-15
73 [22560424519552] INFO perfrun.perfcollector <> - format: inv config:23 mask:23
73 [22560424519552] INFO perfrun.perfcollector <> - format: umask config:8-15 mask:8-15
73 [22560424519552] INFO perfrun.perfcollector <> - format: frontend config1:0-23 mask:0-23
73 [22560424519552] INFO perfrun.perfcollector <> - format: cmask config:24-31 mask:24-31
73 [22560424519552] INFO perfrun.perfcollector <> - hwInfo : PERF_CPU_PMU_DETAILS
73 [22560424519552] INFO perfrun.perfcollector <> - pmu added : family : cpu , id : 0
73 [22560424519552] INFO perfrun.perfcollector <> - dir found : /sys/bus/event_source/devices/cstate_core
73 [22560424519552] INFO perfrun.perfcollector <> - format: event config:0-63 mask:0-63
73 [22560424519552] WARN perfrun.perfcollector <> - pmu hwInfo is not set, at file: vcs/perfrun1/plugins/perfcollector/src/controller.cpp:737
73 [22560424519552] INFO perfrun.perfcollector <> - pmu added : family : cstate_core , id : 0
73 [22560424519552] INFO perfrun.perfcollector <> - dir found : /sys/bus/event_source/devices/uncore_cbox_2
73 [22560424519552] INFO perfrun.perfcollector <> - format: event config:0-7 mask:0-7
73 [22560424519552] INFO perfrun.perfcollector <> - format: edge config:18 mask:18
73 [22560424519552] INFO perfrun.perfcollector <> - format: inv config:23 mask:23
73 [22560424519552] INFO perfrun.perfcollector <> - format: umask config:8-15 mask:8-15
73 [22560424519552] INFO perfrun.perfcollector <> - format: cmask config:24-28 mask:24-28
73 [22560424519552] WARN perfrun.perfcollector <> - pmu hwInfo is not set, at file: vcs/perfrun1/plugins/perfcollector/src/controller.cpp:737
73 [22560424519552] INFO perfrun.perfcollector <> - pmu added : family : uncore_cbox , id : 2
73 [22560424519552] INFO perfrun.perfcollector <> - dir found : /sys/bus/event_source/devices/breakpoint
73 [22560424519552] WARN perfrun.perfcollector <> - format subdir doesn't exist, at file: vcs/perfrun1/plugins/perfcollector/src/controller.cpp:648
73 [22560424519552] WARN perfrun.perfcollector <> - pmu hwInfo is not set, at file: vcs/perfrun1/plugins/perfcollector/src/controller.cpp:737
73 [22560424519552] INFO perfrun.perfcollector <> - pmu added : family : breakpoint , id : 0
73 [22560424519552] INFO perfrun.perfcollector <> - dir found : /sys/bus/event_source/devices/uncore_cbox_0
73 [22560424519552] INFO perfrun.perfcollector <> - format: event config:0-7 mask:0-7
73 [22560424519552] INFO perfrun.perfcollector <> - format: edge config:18 mask:18
73 [22560424519552] INFO perfrun.perfcollector <> - format: inv config:23 mask:23
73 [22560424519552] INFO perfrun.perfcollector <> - format: umask config:8-15 mask:8-15
73 [22560424519552] INFO perfrun.perfcollector <> - format: cmask config:24-28 mask:24-28
73 [22560424519552] WARN perfrun.perfcollector <> - pmu hwInfo is not set, at file: vcs/perfrun1/plugins/perfcollector/src/controller.cpp:737
73 [22560424519552] INFO perfrun.perfcollector <> - pmu added : family : uncore_cbox , id : 0
73 [22560424519552] INFO perfrun.perfcollector <> - dir found : /sys/bus/event_source/devices/tracepoint
73 [22560424519552] WARN perfrun.perfcollector <> - format subdir doesn't exist, at file: vcs/perfrun1/plugins/perfcollector/src/controller.cpp:648
73 [22560424519552] WARN perfrun.perfcollector <> - pmu hwInfo is not set, at file: vcs/perfrun1/plugins/perfcollector/src/controller.cpp:737
73 [22560424519552] INFO perfrun.perfcollector <> - pmu added : family : tracepoint , id : 0
73 [22560424519552] INFO perfrun.perfcollector <> - dir found : /sys/bus/event_source/devices/cstate_pkg
73 [22560424519552] INFO perfrun.perfcollector <> - format: event config:0-63 mask:0-63
73 [22560424519552] WARN perfrun.perfcollector <> - pmu hwInfo is not set, at file: vcs/perfrun1/plugins/perfcollector/src/controller.cpp:737
73 [22560424519552] INFO perfrun.perfcollector <> - pmu added : family : cstate_pkg , id : 0
73 [22560424519552] INFO perfrun.perfcollector <> - dir found : /sys/bus/event_source/devices/uncore_arb
73 [22560424519552] INFO perfrun.perfcollector <> - format: event config:0-7 mask:0-7
73 [22560424519552] INFO perfrun.perfcollector <> - format: edge config:18 mask:18
73 [22560424519552] INFO perfrun.perfcollector <> - format: inv config:23 mask:23
73 [22560424519552] INFO perfrun.perfcollector <> - format: umask config:8-15 mask:8-15
73 [22560424519552] INFO perfrun.perfcollector <> - format: cmask config:24-28 mask:24-28
73 [22560424519552] WARN perfrun.perfcollector <> - pmu hwInfo is not set, at file: vcs/perfrun1/plugins/perfcollector/src/controller.cpp:737
73 [22560424519552] INFO perfrun.perfcollector <> - pmu added : family : uncore_arb , id : 0
73 [22560424519552] INFO perfrun.perfcollector <> - dir found : /sys/bus/event_source/devices/kprobe
73 [22560424519552] INFO perfrun.perfcollector <> - format: retprobe config:0 mask:0
73 [22560424519552] WARN perfrun.perfcollector <> - pmu hwInfo is not set, at file: vcs/perfrun1/plugins/perfcollector/src/controller.cpp:737
73 [22560424519552] INFO perfrun.perfcollector <> - pmu added : family : kprobe , id : 0
73 [22560424519552] INFO perfrun.perfcollector <> - dir found : /sys/bus/event_source/devices/i915
73 [22560424519552] INFO perfrun.perfcollector <> - format: i915_eventid config:0-20 mask:0-20
73 [22560424519552] WARN perfrun.perfcollector <> - pmu hwInfo is not set, at file: vcs/perfrun1/plugins/perfcollector/src/controller.cpp:737
73 [22560424519552] INFO perfrun.perfcollector <> - pmu added : family : i915 , id : 0
73 [22560424519552] INFO perfrun.perfcollector <> - dir found : /sys/bus/event_source/devices/msr
73 [22560424519552] INFO perfrun.perfcollector <> - format: event config:0-63 mask:0-63
73 [22560424519552] WARN perfrun.perfcollector <> - pmu hwInfo is not set, at file: vcs/perfrun1/plugins/perfcollector/src/controller.cpp:737
73 [22560424519552] INFO perfrun.perfcollector <> - pmu added : family : msr , id : 0
73 [22560424519552] INFO perfrun.perfcollector <> - dir found : /sys/bus/event_source/devices/uncore_cbox_3
73 [22560424519552] INFO perfrun.perfcollector <> - format: event config:0-7 mask:0-7
73 [22560424519552] INFO perfrun.perfcollector <> - format: edge config:18 mask:18
73 [22560424519552] INFO perfrun.perfcollector <> - format: inv config:23 mask:23
73 [22560424519552] INFO perfrun.perfcollector <> - format: umask config:8-15 mask:8-15
73 [22560424519552] INFO perfrun.perfcollector <> - format: cmask config:24-28 mask:24-28
73 [22560424519552] WARN perfrun.perfcollector <> - pmu hwInfo is not set, at file: vcs/perfrun1/plugins/perfcollector/src/controller.cpp:737
73 [22560424519552] INFO perfrun.perfcollector <> - pmu added : family : uncore_cbox , id : 3
73 [22560424519552] INFO perfrun.perfcollector <> - dir found : /sys/bus/event_source/devices/intel_pt
74 [22560424519552] INFO perfrun.perfcollector <> - format: ptw config:12 mask:12
74 [22560424519552] INFO perfrun.perfcollector <> - format: cyc_thresh config:19-22 mask:19-22
74 [22560424519552] INFO perfrun.perfcollector <> - format: pt config:0 mask:0
74 [22560424519552] INFO perfrun.perfcollector <> - format: branch config:13 mask:13
74 [22560424519552] INFO perfrun.perfcollector <> - format: tsc config:10 mask:10
74 [22560424519552] INFO perfrun.perfcollector <> - format: pwr_evt config:4 mask:4
74 [22560424519552] INFO perfrun.perfcollector <> - format: fup_on_ptw config:5 mask:5
74 [22560424519552] INFO perfrun.perfcollector <> - format: cyc config:1 mask:1
74 [22560424519552] INFO perfrun.perfcollector <> - format: noretcomp config:11 mask:11
74 [22560424519552] INFO perfrun.perfcollector <> - format: mtc config:9 mask:9
74 [22560424519552] INFO perfrun.perfcollector <> - format: psb_period config:24-27 mask:24-27
74 [22560424519552] INFO perfrun.perfcollector <> - format: mtc_period config:14-17 mask:14-17
74 [22560424519552] WARN perfrun.perfcollector <> - pmu hwInfo is not set, at file: vcs/perfrun1/plugins/perfcollector/src/controller.cpp:737
74 [22560424519552] INFO perfrun.perfcollector <> - pmu added : family : intel_pt , id : 0
74 [22560424519552] INFO perfrun.perfcollector <> - dir found : /sys/bus/event_source/devices/uncore_cbox_1
74 [22560424519552] INFO perfrun.perfcollector <> - format: event config:0-7 mask:0-7
74 [22560424519552] INFO perfrun.perfcollector <> - format: edge config:18 mask:18
74 [22560424519552] INFO perfrun.perfcollector <> - format: inv config:23 mask:23
74 [22560424519552] INFO perfrun.perfcollector <> - format: umask config:8-15 mask:8-15
74 [22560424519552] INFO perfrun.perfcollector <> - format: cmask config:24-28 mask:24-28
74 [22560424519552] WARN perfrun.perfcollector <> - pmu hwInfo is not set, at file: vcs/perfrun1/plugins/perfcollector/src/controller.cpp:737
74 [22560424519552] INFO perfrun.perfcollector <> - pmu added : family : uncore_cbox , id : 1
74 [22560424519552] INFO perfrun.launcher <> - plugin perf has been added successfully
74 [22560424519552] INFO perfrun.launcher <> - plugin tpss has been added successfully
74 [22560424519552] INFO perfrun.launcher <> - plugin exprof has been added successfully
74 [22560424519552] INFO perfrun.launcher <> - plugin media has been added successfully
74 [22560424519552] INFO perfrun.launcher <> - plugin ice has been added successfully
74 [22560424519552] INFO perfrun.launcher <> - plugin  has been added successfully
74 [22560424519552] INFO perfrun.launcher <> - plugin  has been added successfully
74 [22560424519552] INFO perfrun.launcher <> - plugin parallelfs has been added successfully
74 [22560424519552] INFO perfrun.launcher <> - plugin power has been added successfully
74 [22560424519552] INFO perfrun.launcher <> - the option was added --interval: Specify an interval of data collection (for example, sampling) in milliseconds.
74 [22560424519552] INFO perfrun.launcher <> - the option was added --follow-child: Profile process with or without children.
74 [22560424519552] INFO perfrun.launcher <> - the option was added --gelding: BADMSG: perfrun1.launcher.plugin_manager::gelding
74 [22560424519552] INFO perfrun.launcher <> - the option was added --time-source: Specify time source for measurement. Possible values: sys - wall clock time; tsc - time stamp counter; ext - time from an external source; auto - auto select accurate time source.
74 [22560424519552] INFO perfrun.launcher <> - the option was added --stack: Enable or disable collection of stacks.
74 [22560424519552] INFO perfrun.launcher <> - the option was added --stack-stitching: Enable or disable the stack stitching algorithm for Intel TBB-based applications.
74 [22560424519552] INFO perfrun.launcher <> - the option was added --type: Specify type of data to be collected. For example, --type cpu:counters,waiting:nostack,io.
74 [22560424519552] INFO perfrun.launcher <> - the option was added --mrte-mode: Specify Java/.NET/other managed runtime collection mode. Possible values: native - collect information only for native code; managed - collect information only for managed code; mixed - collect information for both managed and native code; auto - choose the mode based on binary type.
75 [22560424519552] INFO perfrun.launcher <> - the option was added --mrte-mode-list: List supported Java/.NET/other managed runtime collection modes.
75 [22560424519552] INFO perfrun.launcher <> - the option was added --mrte-type: Specify which managed runtimes to collect. Possible values: java - collect information for Java; dotnet - collect information for .NET; python - collect information for CPython. You can specify several values separated by comma.
75 [22560424519552] INFO perfrun.launcher <> - the option was added --mrte-type-list: List supported Java/.NET/other managed runtime types.
75 [22560424519552] INFO perfrun.launcher <> - the option was added --trace-strategy: Specify how to profile a process tree. <string> can be "<process>:trace:notrace" - profile the process but do not profile its children. Shorthand parameters: t - trace, nt - notrace. For example, "vtunedemo.exe:t:t".
75 [22560424519552] INFO perfrun.launcher <> - the option was added --collector: BADMSG: perfrun1.launcher.plugin_manager::collector
75 [22560424519552] INFO perfrun.launcher <> - the option was added --system-wide: Enable system-wide profiling. This mode may require additional permissions.
75 [22560424519552] INFO perfrun.launcher <> - the option was added --kvm-guest: Enable KVM guest OS profiling.
75 [22560424519552] INFO perfrun.launcher <> - the option was added --kvm-guest-kallsyms: Specify a local path to the /proc/kallsyms file copied from the guest OS for proper symbol resolution.
75 [22560424519552] INFO perfrun.launcher <> - the option was added --kvm-guest-modules: Specify a local path to the /proc/modules file copied from the guest OS for proper symbol resolution.
75 [22560424519552] INFO perfrun.launcher <> - the option was added --dump-vdso: Dump [vdso] to result directory
75 [22560424519552] INFO perfrun.launcher <> - the option was added --bandwidth-limits: Measure bandwidth limits
75 [22560424519552] INFO perfrun.launcher <> - the option was added --acrn-map-info: Collect map info for ACRN
75 [22560424519552] INFO perfrun.launcher <> - the option was added --bandwidth-strategy: Bandwidth limits determination specific properties (example: --bandwidth-strategy array-size=0,duration=500).
75 [22560424519552] INFO perfrun.launcher <> - the option was added --bandwidth-config: List of benchmarks to run.
75 [22560424519552] INFO perfrun.launcher <> - the option was added --system-collector-config: Specify subcollectors. Possible values: all, vdso, container, device-info, none.
75 [22560424519552] INFO perfrun.launcher <> - the option was added --itt-config: Specify a sub-set of ITT API to collect.
75 [22560424519552] INFO perfrun.launcher <> - the option was added --itt-debug: Set pseudo-breakpoint at ITT API collector's start to enable the debugger to attach early.
75 [22560424519552] INFO perfrun.launcher <> - the option was added --ptrace: Ptrace collector.
75 [22560424519552] INFO perfrun.launcher <> - the option was added --target-pid: BADMSG: perfrun1.ptracecollector::target-pid
75 [22560424519552] INFO perfrun.launcher <> - the option was added --ptrace-server-pid: BADMSG: perfrun1.ptracecollector::ptrace-server-pid
75 [22560424519552] INFO perfrun.launcher <> - the option was added --ptrace-trace: BADMSG: perfrun1.ptracecollector::ptrace-trace
75 [22560424519552] INFO perfrun.launcher <> - the option was added --ptrace-time-source: BADMSG: perfrun1.ptracecollector::ptrace-time-source
75 [22560424519552] INFO perfrun.launcher <> - the option was added --ptrace-start-type: BADMSG: perfrun1.ptracecollector::ptrace-start-type
75 [22560424519552] INFO perfrun.launcher <> - the option was added --gpu-config: Specify types of GPU data to be collected. Possible values: preset1, preset2.
75 [22560424519552] INFO perfrun.launcher <> - the option was added --gpu-debug: Enable self-testing of the GPGPU profiling collector.
75 [22560424519552] INFO perfrun.launcher <> - the option was added --custom-collector: Allows to provide arbitrary command line to be run on collection steps.
75 [22560424519552] INFO perfrun.launcher <> - the option was added --stdsrc-config: Specify Standard Sources category tag(s).
75 [22560424519552] INFO perfrun.launcher <> - the option was added --ftrace-config-list: List Linux Ftrace category tag(s).
75 [22560424519552] INFO perfrun.launcher <> - the option was added --ftrace-config: Specify Linux Ftrace category tag(s).
75 [22560424519552] INFO perfrun.launcher <> - the option was added --ftrace-function-groups: Enable tracing of specific groups of functions.
75 [22560424519552] INFO perfrun.launcher <> - the option was added --event-info: BADMSG: perfrun1.stdsrc::event-info
75 [22560424519552] INFO perfrun.launcher <> - the option was added --cpu-list: List supported CPUs.
75 [22560424519552] INFO perfrun.launcher <> - the option was added --target-list: List available targets for performing sampling collection.
75 [22560424519552] INFO perfrun.launcher <> - the option was added --event-value-list: Display event information.
75 [22560424519552] INFO perfrun.launcher <> - the option was added --platform-value-list: Display details of supported platforms.
75 [22560424519552] INFO perfrun.launcher <> - the option was added --uncore-event-list: List uncore events for which a sampling data collection can be performed on this platform.
75 [22560424519552] INFO perfrun.launcher <> - the option was added --modifier-list: Specify the event name <string> for which the modifiers list is requested.
75 [22560424519552] INFO perfrun.launcher <> - the option was added --pmu-list: List supported PMUs.
75 [22560424519552] INFO perfrun.launcher <> - the option was added --os-mode-only: Enable sampling data collection for OS-mode processes only.
75 [22560424519552] INFO perfrun.launcher <> - the option was added --user-mode-only: Enable sampling data collection for user-mode processes only.
75 [22560424519552] INFO perfrun.launcher <> - the option was added --event-config: Perform data collection for the events with <string> configured using the format <event name1>":modifier1=val:modifier2=val/constraint1={:modifier3=val:modifier4=val}...,"<event name2>":... Specify the events(s) to monitor and embed the event names within double quotes("). [:modifier=val] specifies individual event modifiers along with the respective values for a given platform. Note that the modifiers can be generic to an event as well as specific to a constraint (or an event qualifier). The constraint specific special modifiers appear after [/constraint=]. The modifiers can be in decimal or hexadecimal format. Only specific modifiers accept the value as a string. Each event specification is delimited by a comma (,). For a list of supported modifiers and constraints, refer to the documentation.
75 [22560424519552] INFO perfrun.launcher <> - the option was added --chipset-event-config: Perform data collection for the chipset events with <string> configured using the format "<event name1>"...,"<event name2>":... Specify the events(s) to monitor and embed the event names within double quotes(").
75 [22560424519552] INFO perfrun.launcher <> - the option was added --uncore-event-config: Perform uncore data collection in ebc count mode for the events with <string> configured using the format "<event name1>"...,"<event name2>":... Specify the events(s) to monitor and embed the event names within double quotes(").
75 [22560424519552] INFO perfrun.launcher <> - the option was added --count-emon: Enable counting mode and output the data in EMON format.
75 [22560424519552] INFO perfrun.launcher <> - the option was added --event-based-counts: Enable event-based counting mode. During sampling data collection, event counts data is collected for the list of events specified in -event-config option.
75 [22560424519552] INFO perfrun.launcher <> - the option was added --event-mux-tfactor: Specify the event multiplexing tfactor as <integer> to set the length of the interval between interrupts. The larger the tfactor value, the larger the period between interrupts. Currently this option is only available on Intel platforms codenamed Knights Corner.
75 [22560424519552] INFO perfrun.launcher <> - the option was added --full-pebs-capture: Capture full pebs information.
75 [22560424519552] INFO perfrun.launcher <> - the option was added --last-branch-records: Capture Last Branch Records information.
75 [22560424519552] INFO perfrun.launcher <> - the option was added --pmu-type: Specify the targeted PMU name as <string>.
75 [22560424519552] INFO perfrun.launcher <> - the option was added --platform-type: Specify the targeted platform number as <number>.
75 [22560424519552] INFO perfrun.launcher <> - the option was added --p-state-trigger: Specify the name of the trigger event for P-state data as <string>. The default trigger is CPU_CLK_UNHALTED.REF_TSC.
75 [22560424519552] INFO perfrun.launcher <> - the option was added --bts-count: Specify the <integer> number of BTS records collected after each sample or context switch (VTSS++ only).
75 [22560424519552] INFO perfrun.launcher <> - the option was added --cpu-mask: Specify which CPU(s) <string> to collect data on. For example, specify "2-8,10,12-14" to sample only CPUs 2 through 8, 10, and 12 through 14.
75 [22560424519552] INFO perfrun.launcher <> - the option was added --event-mux-alg: Specify the event multiplexing algorithm. Possible values: sequence, timer, trigger.
75 [22560424519552] INFO perfrun.launcher <> - the option was added --event-mux-timeslice: Specify the event multiplexing time slice value as <integer>. The time slice specifies the duration between cycles for each event multiplexing group. The default value is 50 milliseconds. This option is valid only for timer-based event multiplexing. Specify the event multiplexing time slice value as <integer>. The time slice specifies the duration between cycles for each event multiplexing group. The default value is 1 millisecond. This option is valid only for timer-based event multiplexing.
75 [22560424519552] INFO perfrun.launcher <> - the option was added --event-mux-factor: Specify the event multiplexing factor as <integer>. It controls the switching of event multiplexing groups. The default factor is 50. This option is valid only for trigger-based event multiplexing. Specify the event multiplexing factor as <integer>. It controls the switching of event multiplexing groups. The default factor is 1. This option is valid only for trigger-based event multiplexing.
76 [22560424519552] INFO perfrun.launcher <> - the option was added --event-mux-trigger: Specify the name of the trigger event for event multiplexing as <string>. This option is valid only for trigger-based event multiplexing. The default trigger is CPU_CLK_UNHALTED.CORE (or CPU_CLK_UNHALTED.THREAD). BADMSG: perfrun1.vtsspp::event-mux-trigger
76 [22560424519552] INFO perfrun.launcher <> - the option was added --pt-mode: BADMSG: perfrun1.vtsspp::pt-mode
76 [22560424519552] INFO perfrun.launcher <> - the option was added --sample-after-multiplier: Specify the sample after multiplier as <double>. This multiplier modifies the sample after value for all the events specified in -event-config option. The values can range from 0.1 to 100.0. SAV multiplier value
76 [22560424519552] INFO perfrun.launcher <> - the option was added --uncore-sampling-interval: Specify the uncore sampling interval as <integer>. This value set the uncore sampling interval for all the uncore events specified in -event-config option.
76 [22560424519552] INFO perfrun.launcher <> - the option was added --count: Enable counting mode. Enable counting mode
76 [22560424519552] INFO perfrun.launcher <> - the option was added --trace-mpi: Configure collector to trace MPI code.
76 [22560424519552] INFO perfrun.launcher <> - the option was added --aggregated-counting: Enable aggregated counting mode. Enable aggregated-counting mode
76 [22560424519552] INFO perfrun.launcher <> - the option was added --raw-perf-config: Specify a verified configuration for the Perf collector in the format: <describer>,<content>. For example: map-events-file,<path_to_map_events_file>.
76 [22560424519552] INFO perfrun.launcher <> - the option was added --sys-config: BADMSG: perfrun1.vtsspp::sys-config Specify types of system data to be collected. Supported value: cswitch - collect context switch information.
76 [22560424519552] INFO perfrun.launcher <> - the option was added --perf-event-config: Specify events for Perf collector in Perf format. For example: perf-event-config=cpu-clock.
76 [22560424519552] INFO perfrun.launcher <> - the option was added --perf-aio: Number of control blocks in asynchronous trace writing mode.
76 [22560424519552] INFO perfrun.launcher <> - the option was added --perf-compression: Specify compression of Perf collector output data. Possible levels: 0 - without compression, 1..3 - best speed, 4..22 - best compression that incurs big overhead.
76 [22560424519552] INFO perfrun.launcher <> - the option was added --perf-min-mmap-read: Minimum data size read from the kernel mapped region.
76 [22560424519552] INFO perfrun.launcher <> - the option was added --perf-affinity: Adjust an affinity mask of the Perf thread to a node with an allocated memory trace buffer.
76 [22560424519552] INFO perfrun.launcher <> - the option was added --stackwalk: Specify stack unwinding method. Possible values: online - unwind stacks during collection; offline - unwind stacks after collection is finished. Specify stack unwinding method. Possible value: lbr - unwind stacks during collection. Specify stack unwinding method. Possible values: online - unwind stacks during collection; offline - unwind stacks after collection is finished; lbr - enable LBR-based call stack collection. Specify stack unwinding method. Possible values: online - unwind stacks during collection; offline - unwind stacks after collection is finished. Specify stack unwinding method. Possible values: online - unwind stacks during collection; offline - unwind stacks after collection is finished.
76 [22560424519552] INFO perfrun.launcher <> - the option was added --filter-include: Filter data during collection. Possible values: contended=<on|off> - filter out uncontended events; contended_nostack=<time> - filter out stacks for contended events that take less than <time> microseconds; wait=<time> - ignore transitions and blocks with wait time less than <time> microseconds; wait_nostack=<time> - filter out stacks for waits that take less than <time> microseconds.
76 [22560424519552] INFO perfrun.launcher <> - the option was added --debug-pin: Debug PIN tool and runtime.
76 [22560424519552] INFO perfrun.launcher <> - the option was added --debug-exception: Disallow the application to set own abnormal termination handler.
76 [22560424519552] INFO perfrun.launcher <> - the option was added --trace-type: Specify the trace file granularity. Possible values: per-thread - per-thread trace file generation; per-process - per-process trace file generation.
76 [22560424519552] INFO perfrun.launcher <> - the option was added --instrumentation-type: Specify type of instrumentation.
76 [22560424519552] INFO perfrun.launcher <> - the option was added --altstack: Enable or disable usage of altstacks for profiling signal handlers.
76 [22560424519552] INFO perfrun.launcher <> - the option was added --profiling-signal: BADMSG: perfrun1.ptracecollector::profiling-signal Alternate profiling signal.
76 [22560424519552] INFO perfrun.launcher <> - the option was added --memory-strategy: Specify a minimal memory object size to be traced and a hash table size for faster objects search; for example: --memory-strategy obj-size-min=1024,hash-table-size=4096.
76 [22560424519552] INFO perfrun.launcher <> - the option was added --gpu-profiling-config: Specify a type of deep GPU profiling applied for all kernels and a comma-separated list of GPU kernel names and invocations in the following format: profiling_type[@kernel_name[:start_idx:step:stop_idx]], where profiling_type is one of following: none, bblatency, memlatency; kernel_name is the name of GPU kernel; start_idx is the number of the first invocation; and stop_idx is the number of the last invocation to be profiled.
76 [22560424519552] INFO perfrun.launcher <> - the option was added --opencl-trace-mode: Specify OpenCL kernel tracing modes: 'default' to trace OpenCL kernels for Intel Graphics Driver only; 'epoch' for any non-Intel graphics, where OpenCL kernels will be traced and OpenCL profiling API timestamps will be interpreted as Unux Epoch time in nanoseconds; 'completion' to trace OpenCL kernels for any Graphics Driver and bind OpenCL profiling API timestamps to the timestamp of OpenCL completion callback.
76 [22560424519552] INFO perfrun.launcher <> - the option was added --exprof-com-list: List available COM ports.
76 [22560424519552] INFO perfrun.launcher <> - the option was added --exprof-dvc-list: List available DvC IDs.
76 [22560424519552] INFO perfrun.launcher <> - the option was added --exprof-trace-channel: BADMSG: perfrun1.exprof::exprof-trace-channel
76 [22560424519552] INFO perfrun.launcher <> - the option was added --exprof-event-config: Specify ExactProfiling Event Classes.
76 [22560424519552] INFO perfrun.launcher <> - the option was added --ice-pmons-list: BADMSG: perfrun1.ice::ice-pmons-list
76 [22560424519552] INFO perfrun.launcher <> - the option was added --ice-pmons-config: BADMSG: perfrun1.ice::ice-pmons-config
76 [22560424519552] INFO perfrun.launcher <> - the option was added --parallel-fs-config: Specify parallel fs counters to collect.
76 [22560424519552] INFO perfrun.launcher <> - the option was added --pwr-config: BADMSG: perfrun1.vtsspp::pwr-config Specify power metrics configuration.
80 [22560424519552] INFO perfrun.launcher <> - create msngr2::ICliToolContext
80 [22560424519552] INFO perfrun.launcher <> - create file finder object
80 [22560424519552] INFO perfrun.launcher <> - create a result directory: pattern = /home/pvelesko/testing/dpc/examples/openmp/one_plus_one/amplxe_hs_one_plus_one_2019-09-19-14-10 pid = 4294967295
83 [22560424519552] INFO perfrun.sdk <> - checked that the directory /home/pvelesko/testing/dpc/examples/openmp/one_plus_one/amplxe_hs_one_plus_one_2019-09-19-14-10 is a local directory
84 [22560424519552] INFO perfrun.sdk <> - the directory /home/pvelesko/testing/dpc/examples/openmp/one_plus_one/amplxe_hs_one_plus_one_2019-09-19-14-10 is located on a share or its FS ID is unknown 26985
84 [22560424519552] INFO perfrun.sdk <> - checked that the directory /tmp/amplxe-tmp-pvelesko is a local directory
84 [22560424519552] INFO perfrun.sdk <> - the directory /tmp/amplxe-tmp-pvelesko is a local directory with FS type ID 16914836
84 [22560424519552] INFO perfrun.launcher <> - Create a local result directory /tmp/amplxe-tmp-pvelesko/amplxe-res-16724-772333070136784 due to the user result path /home/pvelesko/testing/dpc/examples/openmp/one_plus_one/amplxe_hs_one_plus_one_2019-09-19-14-10 is located on a share
84 [22560424519552] INFO perfrun.launcher <> - create data directory = /tmp/amplxe-tmp-pvelesko/amplxe-res-16724-772333070136784/data.0
85 [22560424519552] INFO perfrun.launcher <> - create data directory = /home/pvelesko/testing/dpc/examples/openmp/one_plus_one/amplxe_hs_one_plus_one_2019-09-19-14-10/data.0
87 [22560424519552] INFO perfrun.launcher <> - Creating the master collection flag
91 [22560424519552] INFO perfrun.launcher <> - Done creating the master collection flag
91 [22560306263808] INFO perfrun.launcher <> - plugin [remoteplug] was disabled because it doesn't support the given collection type.
92 [22560306263808] INFO perfrun.sdk <> - Allocating TMU :/tmp/amplxe-tmp-pvelesko/amplxe-res-16724-772333070136784/data.0/systemcollector-16724-iris08.ftm.alcf.anl.gov.sc
92 [22560306263808] INFO perfrun.system <> - Tpss based collection
92 [22560306263808] INFO perfrun.launcher <> - plugin [ptracecollector] was disabled because it doesn't support the given collection type.
92 [22560306263808] INFO perfrun.gpu <> - Event consumer configurations: counters: configured, preset = 2, period = 1000us frequency: not configured, frequency = disabled, period = 10000us
101 [22560306263808] INFO perfrun.launcher <> - plugin [] was disabled because it doesn't support the given collection type.
101 [22560306263808] INFO perfrun.launcher <> - plugin [] was disabled because it doesn't support the given collection type.
101 [22560306263808] INFO perfrun.launcher <> - plugin [] was disabled because it doesn't support the given collection type.
101 [22560306263808] INFO perfrun.launcher <> - plugin [mrte] was disabled because it doesn't support the given collection type.
101 [22560306263808] INFO perfrun.launcher <> - plugin [emon] was disabled because it doesn't support the given collection type.
101 [22560306263808] INFO perfrun.launcher <> - plugin [cuscol] was disabled because it doesn't support the given collection type.
239 [22560306263808] WARN perfrun.launcher <> - Messenger::say: Ftrace 'igfx-preempt' events cannot be collected on this platform.
239 [22560306263808] ERROR perfrun.stdsrc <> - -1 != fd 'gh2::error::FailedTo.Open.The.File(where):tracing_enabled'
vcs/perfrun1/plugins/stdsrc/src/ftrace/collector.cpp(821): static gen_helpers2::error_code_t runtool::stdsrc::Collector::echo(const std::basic_string<char, std::char_traits<char>, std::allocator<char>> &, const std::basic_string<char, std::char_traits<char>, std::allocator<char>> &)
, at file: vcs/perfrun1/plugins/stdsrc/src/ftrace/collector.cpp:821
310 [22560306263808] ERROR perfrun.stdsrc <> - written == what.size() 'gh2::error::FailedTo.Write.The.File(where):set_ftrace_pid'
vcs/perfrun1/plugins/stdsrc/src/ftrace/collector.cpp(824): static gen_helpers2::error_code_t runtool::stdsrc::Collector::echo(const std::basic_string<char, std::char_traits<char>, std::allocator<char>> &, const std::basic_string<char, std::char_traits<char>, std::allocator<char>> &)
, at file: vcs/perfrun1/plugins/stdsrc/src/ftrace/collector.cpp:824
310 [22560306263808] WARN perfrun.stdsrc <> - Trace is not accessible not using TD API: events/i915/i915_flip_complete/enable, at file: vcs/perfrun1/plugins/stdsrc/src/ftrace/ftrace_access.cpp:464
310 [22560306263808] WARN perfrun.stdsrc <> - Trace is not accessible not using TD API: events/i915/i915_flip_request/enable, at file: vcs/perfrun1/plugins/stdsrc/src/ftrace/ftrace_access.cpp:464
454 [22560306263808] INFO perfrun.launcher <> - plugin [sep] was disabled because it doesn't support the given collection type.
454 [22560306263808] INFO perfrun.launcher <> - plugin [vtsspp] was disabled because it doesn't support the given collection type.
454 [22560306263808] INFO perfrun.perfcollector <> - AIO blocks = 1
454 [22560306263808] INFO perfrun.perfcollector <> - compression level = 1
454 [22560306263808] INFO perfrun.perfcollector <> - minimum data size read from mmap = 2048
454 [22560306263808] INFO perfrun.perfcollector <> - Perf affinity mode = NUMA node
454 [22560306263808] INFO perfrun.perfcollector <> - No MPI detected-1
454 [22560306263808] INFO perfrun.sdk <> - Reading value (0) from file: /proc/sys/kernel/kptr_restrict
481 [22560306263808] WARN perfrun.launcher <> - Messenger::say: To profile kernel modules during the session, make sure they are available in the /lib/modules/kernel_version/ location.
481 [22560306263808] INFO perfrun.perfcollector <> - SepDryRunCmd: /soft/restricted/CNDA/sdk/2019.6.30.011/vtune/2020.0/bin64/sep -dry-run -sam 1 -ec "CPU_CLK_UNHALTED.THREAD:sa=3500000,CPU_CLK_UNHALTED.REF_TSC:sa=3500000,INST_RETIRED.ANY:sample:sa=3500000,CPU_CLK_UNHALTED.REF_XCLK:sa=100003,CPU_CLK_UNHALTED.ONE_THREAD_ACTIVE:sa=100003" -experimental
504 [22560306263808] INFO perfrun.perfcollector <> - SepDryRun RC = true
505 [22560306263808] INFO perfrun.perfcollector <> - DRY_RUN : "PMU type: Core"
505 [22560306263808] INFO perfrun.perfcollector <> - pmu type : cpu
505 [22560306263808] INFO perfrun.perfcollector <> - DRY_RUN : "Group 0:"
505 [22560306263808] INFO perfrun.perfcollector <> - id : 0
505 [22560306263808] INFO perfrun.perfcollector <> - DRY_RUN : "INST_RETIRED.ANY: event id 2"
505 [22560306263808] INFO perfrun.perfcollector <> - eventName : INST_RETIRED.ANY , eventId : 2
505 [22560306263808] INFO perfrun.perfcollector <> - DRY_RUN : "CPU_CLK_UNHALTED.THREAD: event id 0"
505 [22560306263808] INFO perfrun.perfcollector <> - eventName : CPU_CLK_UNHALTED.THREAD , eventId : 0
505 [22560306263808] INFO perfrun.perfcollector <> - DRY_RUN : "CPU_CLK_UNHALTED.REF_TSC: event id 1"
505 [22560306263808] INFO perfrun.perfcollector <> - eventName : CPU_CLK_UNHALTED.REF_TSC , eventId : 1
505 [22560306263808] INFO perfrun.perfcollector <> - DRY_RUN : "CPU_CLK_UNHALTED.REF_XCLK: event id 3"
505 [22560306263808] INFO perfrun.perfcollector <> - eventName : CPU_CLK_UNHALTED.REF_XCLK , eventId : 3
505 [22560306263808] INFO perfrun.perfcollector <> - DRY_RUN : "CPU_CLK_UNHALTED.ONE_THREAD_ACTIVE: event id 4"
505 [22560306263808] INFO perfrun.perfcollector <> - eventName : CPU_CLK_UNHALTED.ONE_THREAD_ACTIVE , eventId : 4
506 [22560306263808] INFO perfrun.perfcollector <> - DRY_RUN : "CCCR"
506 [22560306263808] INFO perfrun.perfcollector <> - DRY_RUN : "reg_type       = 1	event_id       = g	reg_id         = 38f	reg_value      = 700000003"
506 [22560306263808] INFO perfrun.perfcollector <> - eventId : g , ignored
506 [22560306263808] INFO perfrun.perfcollector <> - DRY_RUN : "reg_type       = 1	event_id       = g	reg_id         = 390	reg_value      = 700000003"
506 [22560306263808] INFO perfrun.perfcollector <> - eventId : g , ignored
506 [22560306263808] INFO perfrun.perfcollector <> - DRY_RUN : "reg_type       = 1	event_id       = g	reg_id         = 3f1	reg_value      = 0"
506 [22560306263808] INFO perfrun.perfcollector <> - eventId : g , ignored
506 [22560306263808] INFO perfrun.perfcollector <> - DRY_RUN : "reg_type       = 1	event_id       = g	reg_id         = 1d9	reg_value      = 1800"
506 [22560306263808] INFO perfrun.perfcollector <> - eventId : g , ignored
506 [22560306263808] INFO perfrun.perfcollector <> - DRY_RUN : "reg_type       = 1	event_id       = g	reg_id         = 38d	reg_value      = bbb"
506 [22560306263808] INFO perfrun.perfcollector <> - eventId : g , ignored
506 [22560306263808] INFO perfrun.perfcollector <> - DRY_RUN : "reg_type       = 1	event_id       = 3	reg_id         = 186	reg_value      = 53013c"
506 [22560306263808] INFO perfrun.perfcollector <> - eventId : 3 , cccrAddr : 186 , cccrVal : 53013c
506 [22560306263808] INFO perfrun.perfcollector <> - DRY_RUN : "reg_type       = 1	event_id       = 4	reg_id         = 187	reg_value      = 53023c"
506 [22560306263808] INFO perfrun.perfcollector <> - eventId : 4 , cccrAddr : 187 , cccrVal : 53023c
506 [22560306263808] INFO perfrun.perfcollector <> - DRY_RUN : "ESCR"
506 [22560306263808] INFO perfrun.perfcollector <> - DRY_RUN : "reg_type       = 2	event_id       = g	reg_id         = 1c8	reg_value      = 0"
506 [22560306263808] INFO perfrun.perfcollector <> - eventId : g , ignored
506 [22560306263808] INFO perfrun.perfcollector <> - DRY_RUN : "DATA"
506 [22560306263808] INFO perfrun.perfcollector <> - DRY_RUN : "reg_type       = 4	event_id       = 2	reg_id         = 309	reg_value      = ffffffca9820"
506 [22560306263808] INFO perfrun.perfcollector <> - eventId : 2 , dataAddr : 309 , dataVal : ffffffca9820
506 [22560306263808] INFO perfrun.perfcollector <> - DRY_RUN : "reg_type       = 4	event_id       = 0	reg_id         = 30a	reg_value      = ffffffca9820"
506 [22560306263808] INFO perfrun.perfcollector <> - eventId : 0 , dataAddr : 30a , dataVal : ffffffca9820
506 [22560306263808] INFO perfrun.perfcollector <> - DRY_RUN : "reg_type       = 4	event_id       = 1	reg_id         = 30b	reg_value      = ffffffca9820"
506 [22560306263808] INFO perfrun.perfcollector <> - eventId : 1 , dataAddr : 30b , dataVal : ffffffca9820
506 [22560306263808] INFO perfrun.perfcollector <> - DRY_RUN : "reg_type       = 4	event_id       = 3	reg_id         = c1	reg_value      = fffffffe795d"
506 [22560306263808] INFO perfrun.perfcollector <> - eventId : 3 , dataAddr : c1 , dataVal : fffffffe795d
506 [22560306263808] INFO perfrun.perfcollector <> - DRY_RUN : "reg_type       = 4	event_id       = 4	reg_id         = c2	reg_value      = fffffffe795d"
506 [22560306263808] INFO perfrun.perfcollector <> - eventId : 4 , dataAddr : c2 , dataVal : fffffffe795d
506 [22560306263808] INFO perfrun.perfcollector <> - pmu config : cpu , m_cccrAddr : ffffffff , m_cccrVal : 0 , m_escrAddr : ffffffff , m_escrVal : 0 , m_dataAddr : 30a , m_dataVal : ffffffffffca9820
506 [22560306263808] INFO perfrun.perfcollector <> - config : event : 3c
506 [22560306263808] INFO perfrun.perfcollector <> - config : pc : 0
506 [22560306263808] INFO perfrun.perfcollector <> - config : in_tx : 0
506 [22560306263808] INFO perfrun.perfcollector <> - config : edge : 0
506 [22560306263808] INFO perfrun.perfcollector <> - config : any : 0
506 [22560306263808] INFO perfrun.perfcollector <> - config1 : offcore_rsp : 0
506 [22560306263808] INFO perfrun.perfcollector <> - config : in_tx_cp : 0
506 [22560306263808] INFO perfrun.perfcollector <> - config1 : ldlat : 0
506 [22560306263808] INFO perfrun.perfcollector <> - config : inv : 0
506 [22560306263808] INFO perfrun.perfcollector <> - config : umask : 0
506 [22560306263808] INFO perfrun.perfcollector <> - config1 : frontend : 0
506 [22560306263808] INFO perfrun.perfcollector <> - config : cmask : 0
506 [22560306263808] INFO perfrun.perfcollector <> - format : cpu/period=0x3567e0,event=0x3c,name='CPU_CLK_UNHALTED.THREAD'/D
506 [22560306263808] INFO perfrun.perfcollector <> - pmu config : cpu , m_cccrAddr : ffffffff , m_cccrVal : 0 , m_escrAddr : ffffffff , m_escrVal : 0 , m_dataAddr : 30b , m_dataVal : ffffffffffca9820
506 [22560306263808] INFO perfrun.perfcollector <> - config : event : 0
506 [22560306263808] INFO perfrun.perfcollector <> - config : pc : 0
506 [22560306263808] INFO perfrun.perfcollector <> - config : in_tx : 0
506 [22560306263808] INFO perfrun.perfcollector <> - config : edge : 0
506 [22560306263808] INFO perfrun.perfcollector <> - config : any : 0
506 [22560306263808] INFO perfrun.perfcollector <> - config1 : offcore_rsp : 0
506 [22560306263808] INFO perfrun.perfcollector <> - config : in_tx_cp : 0
506 [22560306263808] INFO perfrun.perfcollector <> - config1 : ldlat : 0
506 [22560306263808] INFO perfrun.perfcollector <> - config : inv : 0
506 [22560306263808] INFO perfrun.perfcollector <> - config : umask : 3
506 [22560306263808] INFO perfrun.perfcollector <> - config1 : frontend : 0
506 [22560306263808] INFO perfrun.perfcollector <> - config : cmask : 0
506 [22560306263808] INFO perfrun.perfcollector <> - format : cpu/period=0x3567e0,umask=0x3,name='CPU_CLK_UNHALTED.REF_TSC'/D
506 [22560306263808] INFO perfrun.perfcollector <> - pmu config : cpu , m_cccrAddr : ffffffff , m_cccrVal : 0 , m_escrAddr : ffffffff , m_escrVal : 0 , m_dataAddr : 309 , m_dataVal : ffffffffffca9820
506 [22560306263808] INFO perfrun.perfcollector <> - config : event : c0
506 [22560306263808] INFO perfrun.perfcollector <> - config : pc : 0
506 [22560306263808] INFO perfrun.perfcollector <> - config : in_tx : 0
506 [22560306263808] INFO perfrun.perfcollector <> - config : edge : 0
506 [22560306263808] INFO perfrun.perfcollector <> - config : any : 0
506 [22560306263808] INFO perfrun.perfcollector <> - config1 : offcore_rsp : 0
506 [22560306263808] INFO perfrun.perfcollector <> - config : in_tx_cp : 0
506 [22560306263808] INFO perfrun.perfcollector <> - config1 : ldlat : 0
506 [22560306263808] INFO perfrun.perfcollector <> - config : inv : 0
506 [22560306263808] INFO perfrun.perfcollector <> - config : umask : 0
506 [22560306263808] INFO perfrun.perfcollector <> - config1 : frontend : 0
506 [22560306263808] INFO perfrun.perfcollector <> - config : cmask : 0
506 [22560306263808] INFO perfrun.perfcollector <> - format : cpu/period=0x3567e0,event=0xc0,name='INST_RETIRED.ANY'/D
506 [22560306263808] INFO perfrun.perfcollector <> - pmu config : cpu , m_cccrAddr : 186 , m_cccrVal : 53013c , m_escrAddr : ffffffff , m_escrVal : 0 , m_dataAddr : c1 , m_dataVal : fffffffffffe795d
506 [22560306263808] INFO perfrun.perfcollector <> - config : event : 3c
506 [22560306263808] INFO perfrun.perfcollector <> - config : pc : 0
506 [22560306263808] INFO perfrun.perfcollector <> - config : in_tx : 0
506 [22560306263808] INFO perfrun.perfcollector <> - config : edge : 0
506 [22560306263808] INFO perfrun.perfcollector <> - config : any : 0
506 [22560306263808] INFO perfrun.perfcollector <> - config1 : offcore_rsp : 0
506 [22560306263808] INFO perfrun.perfcollector <> - config : in_tx_cp : 0
506 [22560306263808] INFO perfrun.perfcollector <> - config1 : ldlat : 0
506 [22560306263808] INFO perfrun.perfcollector <> - config : inv : 0
506 [22560306263808] INFO perfrun.perfcollector <> - config : umask : 1
506 [22560306263808] INFO perfrun.perfcollector <> - config1 : frontend : 0
506 [22560306263808] INFO perfrun.perfcollector <> - config : cmask : 0
506 [22560306263808] INFO perfrun.perfcollector <> - format : cpu/period=0x186a3,event=0x3c,umask=0x1,name='CPU_CLK_UNHALTED.REF_XCLK'/
506 [22560306263808] INFO perfrun.perfcollector <> - pmu config : cpu , m_cccrAddr : 187 , m_cccrVal : 53023c , m_escrAddr : ffffffff , m_escrVal : 0 , m_dataAddr : c2 , m_dataVal : fffffffffffe795d
506 [22560306263808] INFO perfrun.perfcollector <> - config : event : 3c
506 [22560306263808] INFO perfrun.perfcollector <> - config : pc : 0
506 [22560306263808] INFO perfrun.perfcollector <> - config : in_tx : 0
506 [22560306263808] INFO perfrun.perfcollector <> - config : edge : 0
506 [22560306263808] INFO perfrun.perfcollector <> - config : any : 0
506 [22560306263808] INFO perfrun.perfcollector <> - config1 : offcore_rsp : 0
506 [22560306263808] INFO perfrun.perfcollector <> - config : in_tx_cp : 0
506 [22560306263808] INFO perfrun.perfcollector <> - config1 : ldlat : 0
506 [22560306263808] INFO perfrun.perfcollector <> - config : inv : 0
506 [22560306263808] INFO perfrun.perfcollector <> - config : umask : 2
506 [22560306263808] INFO perfrun.perfcollector <> - config1 : frontend : 0
506 [22560306263808] INFO perfrun.perfcollector <> - config : cmask : 0
506 [22560306263808] INFO perfrun.perfcollector <> - format : cpu/period=0x186a3,event=0x3c,umask=0x2,name='CPU_CLK_UNHALTED.ONE_THREAD_ACTIVE'/
506 [22560306263808] INFO perfrun.perfcollector <> - event: cpu/period=0x3567e0,event=0x3c,name='CPU_CLK_UNHALTED.THREAD'/Duk , added for sampling
506 [22560306263808] INFO perfrun.perfcollector <> - event: cpu/period=0x3567e0,umask=0x3,name='CPU_CLK_UNHALTED.REF_TSC'/Duk , added for sampling
506 [22560306263808] INFO perfrun.perfcollector <> - event: cpu/period=0x3567e0,event=0xc0,name='INST_RETIRED.ANY'/Duk , added for sampling
506 [22560306263808] INFO perfrun.perfcollector <> - event: cpu/period=0x186a3,event=0x3c,umask=0x1,name='CPU_CLK_UNHALTED.REF_XCLK'/uk , added for sampling
506 [22560306263808] INFO perfrun.perfcollector <> - event: cpu/period=0x186a3,event=0x3c,umask=0x2,name='CPU_CLK_UNHALTED.ONE_THREAD_ACTIVE'/uk , added for sampling
506 [22560294164224] INFO perfrun.perfcollector <> - Path to Perf control pipe: /tmp/amplxe-tmp-pvelesko/perf-pipe-16724-772334549342040
506 [22560294164224] INFO perfrun.perfcollector <> - Monitor: runCmd: "/soft/restricted/CNDA/sdk/2019.6.30.011/vtune/2020.0/bin64/amplxe-perf" record --pipe "/tmp/amplxe-tmp-pvelesko/perf-pipe-16724-772334549342040" --pipe-sync -o "/tmp/amplxe-tmp-pvelesko/amplxe-res-16724-772333070136784/data.0/temp.dryrun.perf" -N -B -T -R -a --aio --min-mmap-read 2048 -z 1 --affinity node -e cpu/period=0x3567e0,event=0x3c,name='CPU_CLK_UNHALTED.THREAD'/Duk,cpu/period=0x3567e0,umask=0x3,name='CPU_CLK_UNHALTED.REF_TSC'/Duk,cpu/period=0x3567e0,event=0xc0,name='INST_RETIRED.ANY'/Duk,cpu/period=0x186a3,event=0x3c,umask=0x1,name='CPU_CLK_UNHALTED.REF_XCLK'/uk,cpu/period=0x186a3,event=0x3c,umask=0x2,name='CPU_CLK_UNHALTED.ONE_THREAD_ACTIVE'/uk --clockid=monotonic_raw "/soft/restricted/CNDA/sdk/2019.6.30.011/vtune/2020.0/bin64/amplxe-perf-sync" dryrun tsc
548 [22560294164224] INFO perfrun.perfcollector <> - Monitor: runCmd RC = true
548 [22560306263808] INFO perfrun.tpss <> - initialize tpss controller
548 [22560306263808] INFO perfrun.tpss <> - configure collection mode: value = opencl_ex
548 [22560306263808] INFO perfrun.tpss <> - configure collection mode: value = opencl
548 [22560306263808] INFO perfrun.tpss <> - configure collection mode: value = mediasdk
548 [22560306263808] INFO perfrun.tpss <> - default obj-size-min=1024
548 [22560306263808] INFO perfrun.tpss <> - default hash-table-size=0
548 [22560306263808] INFO perfrun.launcher <> - plugin [exprof] was disabled because it doesn't support the given collection type.
548 [22560306263808] INFO perfrun.launcher <> - plugin [ice] was disabled because it doesn't support the given collection type.
548 [22560306263808] INFO perfrun.launcher <> - plugin [] was disabled because it doesn't support the given collection type.
548 [22560306263808] INFO perfrun.launcher <> - plugin [] was disabled because it doesn't support the given collection type.
548 [22560306263808] INFO perfrun.launcher <> - plugin [parallelfs] was disabled because it doesn't support the given collection type.
548 [22560306263808] INFO perfrun.launcher <> - plugin [power] was disabled because it doesn't support the given collection type.
548 [22560424519552] INFO perfrun.launcher <> - set environment variable: LD_LIBRARY_PATH = /soft/restricted/CNDA/sdk/2019.6.30.011/vtune/2020.0/lib32/runtime:/soft/restricted/CNDA/sdk/2019.6.30.011/vtune/2020.0/lib64/runtime:/soft/compilers/gcc/7.4.0/linux-rhel7-x86_64/lib64:/soft/restricted/CNDA/intel-ocl-driver/19.25.0/lib64:/soft/restricted/CNDA/intel-ocl-driver/19.25.0/lib64/intel-opencl:/soft/restricted/CNDA/sdk/2019.6.30.011/compiler/latest/linux/compiler/lib/intel64_lin:/soft/restricted/CNDA/sdk/2019.6.30.011/compiler/latest/linux/lib/x64:/soft/restricted/CNDA/sdk/2019.6.30.011/compiler/latest/linux/lib:/soft/restricted/CNDA/sdk/2019.6.30.011/tbb/latest/lib/intel64/gcc4.7
548 [22560424519552] INFO perfrun.launcher <> - set environment variable: INTEL_LIBITTNOTIFY32 = /soft/restricted/CNDA/sdk/2019.6.30.011/vtune/2020.0/lib32/runtime/libittnotify_collector.so
548 [22560424519552] INFO perfrun.launcher <> - set environment variable: INTEL_LIBITTNOTIFY64 = /soft/restricted/CNDA/sdk/2019.6.30.011/vtune/2020.0/lib64/runtime/libittnotify_collector.so
548 [22560424519552] INFO perfrun.launcher <> - set environment variable: INTEL_ITTNOTIFY_GROUPS = 
548 [22560424519552] INFO perfrun.launcher <> - set environment variable: INTEL_JIT_PROFILER32 = /soft/restricted/CNDA/sdk/2019.6.30.011/vtune/2020.0/lib32/runtime/libittnotify_collector.so
548 [22560424519552] INFO perfrun.launcher <> - set environment variable: INTEL_JIT_PROFILER64 = /soft/restricted/CNDA/sdk/2019.6.30.011/vtune/2020.0/lib64/runtime/libittnotify_collector.so
548 [22560424519552] INFO perfrun.launcher <> - set environment variable: VS_PROFILER = libittnotify_collector.so
548 [22560424519552] INFO perfrun.launcher <> - set environment variable: ENABLE_JITPROFILING = 1
549 [22560424519552] INFO perfrun.launcher <> - set environment variable: CL_CONFIG_USE_VTUNE = True
549 [22560424519552] INFO perfrun.launcher <> - set environment variable: __OCL_MIC_INTEL_LIBITTNOTIFY64 = /amplxe/results/libittnotify_collector.so
549 [22560424519552] INFO perfrun.launcher <> - set environment variable: __OCL_MIC_INTEL_JIT_PROFILER64 = /amplxe/results/libittnotify_collector.so
549 [22560424519552] INFO perfrun.launcher <> - set environment variable: KMP_FORKJOIN_FRAMES = 0
549 [22560424519552] INFO perfrun.launcher <> - set environment variable: KMP_FORKJOIN_FRAMES_MODE = 0
549 [22560424519552] INFO perfrun.launcher <> - RpcServer: run RPC server to handle requests
550 [22560424519552] INFO perfrun.launcher <> - Launcher: command line to start before modification = ./one_plus_one
550 [22560424519552] INFO perfrun.launcher <> - Launcher: command line to start after modification = /soft/restricted/CNDA/sdk/2019.6.30.011/vtune/2020.0/bin64/pin -error_file /tmp/amplxe-tmp-pvelesko/amplxe-res-16724-772333070136784/data.0/pinerr.tpsslog -detach_reattach -follow_execv -tool_load_option deepbind -t64 /soft/restricted/CNDA/sdk/2019.6.30.011/vtune/2020.0/lib64/libtpsstool.so -t /soft/restricted/CNDA/sdk/2019.6.30.011/vtune/2020.0/lib32/libtpsstool.so -server_name tpss_ipc.16724 -prd_dir /soft/restricted/CNDA/sdk/2019.6.30.011/vtune/2020.0 -- ./one_plus_one
550 [22560424519552] INFO perfrun.launcher <> - ProcessCreator object was created
550 [22560424519552] INFO perfrun.launcher <> - Launcher: the process was started in suspend mode
561 [22560306263808] INFO perfrun.system <> - Helper runtool '/soft/restricted/CNDA/sdk/2019.6.30.011/vtune/2020.0/bin32/amplxe-runss -dump-vdso -r /tmp/amplxe-tmp-pvelesko/amplxe-res-16724-772333070136784 --tmp-dir /tmp/amplxe-tmp-pvelesko' returned 1
651 [22560306263808] INFO perfrun.system <> - Helper runtool '/soft/restricted/CNDA/sdk/2019.6.30.011/vtune/2020.0/bin64/amplxe-runss -dump-vdso -r /tmp/amplxe-tmp-pvelesko/amplxe-res-16724-772333070136784 --tmp-dir /tmp/amplxe-tmp-pvelesko' returned 0
652 [22560306263808] INFO perfrun.system <> - OpenCL gpu adapter vendor Id 6659
652 [22560306263808] INFO perfrun.system <> - OpenCL gpu adapter vendor Id 32902
652 [22560306263808] WARN perfrun.system <> - Folder "/var/run/libvirt/qemu/"doesn't exist, at file: vcs/perfrun1/plugins/system/src/trace_writer.cpp:762
652 [22560306263808] WARN perfrun.sdk <> - Failed to find xl binary on any of the system paths: /bin, /sbin, /usr/bin, /usr/sbin., at file: vcs/perfrun1/sdk/src/utils.cpp:434
652 [22560306263808] WARN perfrun.system <> - Could not start ContainerMapping collector, at file: vcs/perfrun1/plugins/system/src/controller.cpp:467
653 [22560306263808] INFO perfrun.itt <> - start itt controller for pid #16735
661 [22560306263808] INFO perfrun.sdk <> - Allocating TMU :/tmp/amplxe-tmp-pvelesko/amplxe-res-16724-772333070136784/data.0/gen_metrics.0.cfg
661 [22560306263808] INFO perfrun.sdk <> - De-allocating TMU: /tmp/amplxe-tmp-pvelesko/amplxe-res-16724-772333070136784/data.0/gen_metrics.0.cfg
661 [22560306263808] INFO perfrun.gpu <> - Creating main data processing loop
662 [22560287860480] INFO perfrun.sdk <> - Allocating TMU :/tmp/amplxe-tmp-pvelesko/amplxe-res-16724-772333070136784/data.0/gen_metrics.0.vtss
662 [22560306263808] ERROR perfrun.stdsrc <> - -1 != fd 'gh2::error::FailedTo.Open.The.File(where):tracing_enabled'
vcs/perfrun1/plugins/stdsrc/src/ftrace/collector.cpp(821): static gen_helpers2::error_code_t runtool::stdsrc::Collector::echo(const std::basic_string<char, std::char_traits<char>, std::allocator<char>> &, const std::basic_string<char, std::char_traits<char>, std::allocator<char>> &)
, at file: vcs/perfrun1/plugins/stdsrc/src/ftrace/collector.cpp:821
662 [22560306263808] INFO perfrun.stdsrc <> - Can't access /sys/kernel/vgt, using /sys/kernel/gvt
662 [22560306263808] INFO perfrun.stdsrc <> - Can't access /sys/kernel/gvt: boost::filesystem::directory_iterator::construct: No such file or directory: "/sys/kernel/gvt"
662 [22560306263808] WARN perfrun.stdsrc <> - Trace is not accessible not using TD API: events/i915/i915_flip_complete/enable, at file: vcs/perfrun1/plugins/stdsrc/src/ftrace/ftrace_access.cpp:464
662 [22560306263808] WARN perfrun.stdsrc <> - Trace is not accessible not using TD API: events/i915/i915_flip_request/enable, at file: vcs/perfrun1/plugins/stdsrc/src/ftrace/ftrace_access.cpp:464
663 [22560283657984] INFO perfrun.perfcollector <> - Path to Perf control pipe: /tmp/amplxe-tmp-pvelesko/perf-pipe-16724-772335099458920
663 [22560283657984] INFO perfrun.perfcollector <> - Monitor: runCmd: "/soft/restricted/CNDA/sdk/2019.6.30.011/vtune/2020.0/bin64/amplxe-perf" record --pipe "/tmp/amplxe-tmp-pvelesko/perf-pipe-16724-772335099458920" --pipe-sync -o "/tmp/amplxe-tmp-pvelesko/amplxe-res-16724-772333070136784/data.0/system-wide.perf" -N -B -T -R -a --aio --min-mmap-read 2048 -z 1 --affinity node -e cpu/period=0x3567e0,event=0x3c,name='CPU_CLK_UNHALTED.THREAD'/Duk,cpu/period=0x3567e0,umask=0x3,name='CPU_CLK_UNHALTED.REF_TSC'/Duk,cpu/period=0x3567e0,event=0xc0,name='INST_RETIRED.ANY'/Duk,cpu/period=0x186a3,event=0x3c,umask=0x1,name='CPU_CLK_UNHALTED.REF_XCLK'/uk,cpu/period=0x186a3,event=0x3c,umask=0x2,name='CPU_CLK_UNHALTED.ONE_THREAD_ACTIVE'/uk --clockid=monotonic_raw "/soft/restricted/CNDA/sdk/2019.6.30.011/vtune/2020.0/bin64/amplxe-perf-sync" sync tsc
666 [22560287860480] INFO perfrun.gpu <> - IO stream opened, timer period: 679936, buffer size: 16777216
689 [22560306263808] INFO perfrun.tpss <> - start tpss controller for pid #16735
742 [22560424519552] INFO perfrun.launcher <> - Launcher: all plugins were started
742 [22560424519552] INFO perfrun.launcher <> - DirectoryMonitor object was created
742 [22560424519552] INFO perfrun.launcher <> - DirectoryMonitor: a callback was added
742 [22560424519552] INFO perfrun.launcher <> - DirectoryMonitor was started with pingTime = 1000
742 [22560424519552] INFO perfrun.launcher <> - DeadlineTimer is going to be constructed
742 [22560424519552] INFO perfrun.launcher <> - DeadlineTimer: a callback was added
748 [22560424519552] INFO perfrun.launcher <> - Launcher: resume the profiled application and  wait its termination or stop command
2984 [22560424519552] INFO perfrun.launcher <> - Launcher: the profiled application was terminated  with exit code = 0
2990 [22560306263808] INFO perfrun.itt <> - stop itt controller
2990 [22560306263808] INFO perfrun.itt <> - detach itt controller
2990 [22560306263808] INFO perfrun.gpu <> - Waiting for data collection thread to finish
2996 [22560287860480] INFO perfrun.sdk <> - De-allocating TMU: /tmp/amplxe-tmp-pvelesko/amplxe-res-16724-772333070136784/data.0/gen_metrics.0.vtss
2996 [22560287860480] INFO perfrun.gpu <> - Data collection routine finished
2996 [22560306263808] INFO perfrun.gpu <> - Data collection thread finished, shutting down the session
2998 [22560306263808] ERROR perfrun.stdsrc <> - -1 != fd 'gh2::error::FailedTo.Open.The.File(where):tracing_enabled'
vcs/perfrun1/plugins/stdsrc/src/ftrace/collector.cpp(821): static gen_helpers2::error_code_t runtool::stdsrc::Collector::echo(const std::basic_string<char, std::char_traits<char>, std::allocator<char>> &, const std::basic_string<char, std::char_traits<char>, std::allocator<char>> &)
, at file: vcs/perfrun1/plugins/stdsrc/src/ftrace/collector.cpp:821
3166 [22560306263808] WARN perfrun.stdsrc <> - Trace is not accessible not using TD API: events/i915/i915_flip_complete/enable, at file: vcs/perfrun1/plugins/stdsrc/src/ftrace/ftrace_access.cpp:464
3166 [22560306263808] WARN perfrun.stdsrc <> - Trace is not accessible not using TD API: events/i915/i915_flip_request/enable, at file: vcs/perfrun1/plugins/stdsrc/src/ftrace/ftrace_access.cpp:464
3167 [22560306263808] ERROR perfrun.stdsrc <> - -1 != fd 'gh2::error::FailedTo.Open.The.File(where):tracing_enabled'
vcs/perfrun1/plugins/stdsrc/src/ftrace/collector.cpp(821): static gen_helpers2::error_code_t runtool::stdsrc::Collector::echo(const std::basic_string<char, std::char_traits<char>, std::allocator<char>> &, const std::basic_string<char, std::char_traits<char>, std::allocator<char>> &)
, at file: vcs/perfrun1/plugins/stdsrc/src/ftrace/collector.cpp:821
3167 [22560306263808] ERROR perfrun.stdsrc <> - -1 != fd 'gh2::error::FailedTo.Open.The.File(where):tracing_enabled'
vcs/perfrun1/plugins/stdsrc/src/ftrace/collector.cpp(821): static gen_helpers2::error_code_t runtool::stdsrc::Collector::echo(const std::basic_string<char, std::char_traits<char>, std::allocator<char>> &, const std::basic_string<char, std::char_traits<char>, std::allocator<char>> &)
, at file: vcs/perfrun1/plugins/stdsrc/src/ftrace/collector.cpp:821
3257 [22560283657984] INFO perfrun.perfcollector <> - Monitor: runCmd RC = true
3257 [22560306263808] INFO perfrun.perfcollector <> - Monitor: state = 3, error = 1
3257 [22560306263808] INFO perfrun.tpss <> - stop tpss controller
3264 [22560306263808] INFO perfrun.sdk <> - De-allocating TMU: /tmp/amplxe-tmp-pvelesko/amplxe-res-16724-772333070136784/data.0/systemcollector-16724-iris08.ftm.alcf.anl.gov.sc
3264 [22560306263808] INFO perfrun.system <> - closed the system trace file: /tmp/amplxe-tmp-pvelesko/amplxe-res-16724-772333070136784/data.0/systemcollector-16724-iris08.ftm.alcf.anl.gov.sc
3264 [22560424519552] INFO perfrun.launcher <> - Launcher: all plugins were stopped.
3264 [22560424519552] INFO perfrun.launcher <> - DeadlineTimer is going to be destroyed
3264 [22560424519552] INFO perfrun.launcher <> - DeadlineTimer was destroyed
3264 [22560424519552] INFO perfrun.launcher <> - DirectoryMonitor object was destroyed
3264 [22560424519552] WARN perfrun.launcher <> - Stop command is ignored because it is received when collection is already stopped, at file: vcs/perfrun1/launcher/src/command_handler.cpp:212
3438 [22560424519552] INFO perfrun.launcher <> - Application exit code: 0
3438 [22560424519552] INFO perfrun.launcher <> - Exit code: 0
