
32397 : 0xeb27f9dd5d1e2 : 1 : spill_jit_data :  Jit agent is not initialized
32397 : 0xeb27f9de277bc : 2 : ittapi_config_mask_get :  --itt-config mask to be applied: 5
32397 : 0xeb27f9de2dfaa : 2 : ittapi_config_apply_per_lib :  ITTAPI function instrumented: __itt_domain_create
32397 : 0xeb27f9de2f3d2 : 2 : ittapi_config_apply_per_lib :  ITTAPI function instrumented: __itt_string_handle_create
32397 : 0xeb27f9de3057a : 2 : ittapi_config_apply_per_lib :  ITTAPI function instrumented: __itt_pause
32397 : 0xeb27f9de31554 : 2 : ittapi_config_apply_per_lib :  ITTAPI function instrumented: __itt_resume
32397 : 0xeb27f9de324d0 : 2 : ittapi_config_apply_per_lib :  ITTAPI function instrumented: __itt_thread_set_name
32397 : 0xeb27f9de333ce : 2 : ittapi_config_apply_per_lib :  ITTAPI function instrumented: __itt_thread_ignore
32397 : 0xeb27f9de34116 : 2 : ittapi_config_apply_per_lib :  ITTAPI function instrumented: __itt_thr_name_set
32397 : 0xeb27f9de34f0a : 2 : ittapi_config_apply_per_lib :  ITTAPI function instrumented: __itt_thr_ignore
32397 : 0xeb27f9de4ff40 : 2 : ittapi_config_apply_per_lib :  ITTAPI function not implemented: __itt_enable_attach
32397 : 0xeb27f9de51ae2 : 2 : ittapi_config_apply_per_lib :  ITTAPI function instrumented: __itt_detach
32397 : 0xeb27f9de525a8 : 2 : ittapi_config_apply_per_lib :  ITTAPI function NOT instrumented (not matched by --itt-config option): __itt_sync_create

32397 : 0xeb27f9de53144 : 2 : ittapi_config_apply_per_lib :  ITTAPI function NOT instrumented (not matched by --itt-config option): __itt_sync_rename

32397 : 0xeb27f9de53ae4 : 2 : ittapi_config_apply_per_lib :  ITTAPI function NOT instrumented (not matched by --itt-config option): __itt_sync_destroy

32397 : 0xeb27f9de56c08 : 2 : ittapi_config_apply_per_lib :  ITTAPI function NOT instrumented (not matched by --itt-config option): __itt_sync_prepare

32397 : 0xeb27f9de5752e : 2 : ittapi_config_apply_per_lib :  ITTAPI function NOT instrumented (not matched by --itt-config option): __itt_sync_cancel

32397 : 0xeb27f9de57e22 : 2 : ittapi_config_apply_per_lib :  ITTAPI function NOT instrumented (not matched by --itt-config option): __itt_sync_acquired

32397 : 0xeb27f9de5874e : 2 : ittapi_config_apply_per_lib :  ITTAPI function NOT instrumented (not matched by --itt-config option): __itt_sync_releasing

32397 : 0xeb27f9de59d1c : 2 : ittapi_config_apply_per_lib :  ITTAPI function not implemented: __itt_suppress_push
32397 : 0xeb27f9de5e080 : 2 : ittapi_config_apply_per_lib :  ITTAPI function not implemented: __itt_suppress_pop
32397 : 0xeb27f9de5f4ec : 2 : ittapi_config_apply_per_lib :  ITTAPI function not implemented: __itt_suppress_mark_range
32397 : 0xeb27f9de6066e : 2 : ittapi_config_apply_per_lib :  ITTAPI function not implemented: __itt_suppress_clear_range
32397 : 0xeb27f9de61148 : 2 : ittapi_config_apply_per_lib :  ITTAPI function NOT instrumented (not matched by --itt-config option): __itt_sync_prepare

32397 : 0xeb27f9de61ac4 : 2 : ittapi_config_apply_per_lib :  ITTAPI function NOT instrumented (not matched by --itt-config option): __itt_sync_cancel

32397 : 0xeb27f9de62390 : 2 : ittapi_config_apply_per_lib :  ITTAPI function NOT instrumented (not matched by --itt-config option): __itt_sync_acquired

32397 : 0xeb27f9de62ca0 : 2 : ittapi_config_apply_per_lib :  ITTAPI function NOT instrumented (not matched by --itt-config option): __itt_sync_releasing

32397 : 0xeb27f9de63cea : 2 : ittapi_config_apply_per_lib :  ITTAPI function not implemented: __itt_model_site_begin
32397 : 0xeb27f9de64dd2 : 2 : ittapi_config_apply_per_lib :  ITTAPI function not implemented: __itt_model_site_end
32397 : 0xeb27f9de65e66 : 2 : ittapi_config_apply_per_lib :  ITTAPI function not implemented: __itt_model_task_begin
32397 : 0xeb27f9de69058 : 2 : ittapi_config_apply_per_lib :  ITTAPI function not implemented: __itt_model_task_end
32397 : 0xeb27f9de6a1b2 : 2 : ittapi_config_apply_per_lib :  ITTAPI function not implemented: __itt_model_lock_acquire
32397 : 0xeb27f9de6b162 : 2 : ittapi_config_apply_per_lib :  ITTAPI function not implemented: __itt_model_lock_release
32397 : 0xeb27f9de6c246 : 2 : ittapi_config_apply_per_lib :  ITTAPI function not implemented: __itt_model_record_allocation
32397 : 0xeb27f9de6d3f4 : 2 : ittapi_config_apply_per_lib :  ITTAPI function not implemented: __itt_model_record_deallocation
32397 : 0xeb27f9de6e516 : 2 : ittapi_config_apply_per_lib :  ITTAPI function not implemented: __itt_model_induction_uses
32397 : 0xeb27f9de6f4e4 : 2 : ittapi_config_apply_per_lib :  ITTAPI function not implemented: __itt_model_reduction_uses
32397 : 0xeb27f9de70598 : 2 : ittapi_config_apply_per_lib :  ITTAPI function not implemented: __itt_model_observe_uses
32397 : 0xeb27f9de714e4 : 2 : ittapi_config_apply_per_lib :  ITTAPI function not implemented: __itt_model_clear_uses
32397 : 0xeb27f9de7269a : 2 : ittapi_config_apply_per_lib :  ITTAPI function not implemented: __itt_model_site_beginA
32397 : 0xeb27f9de76a7c : 2 : ittapi_config_apply_per_lib :  ITTAPI function not implemented: __itt_model_site_beginAL
32397 : 0xeb27f9de77c74 : 2 : ittapi_config_apply_per_lib :  ITTAPI function not implemented: __itt_model_task_beginA
32397 : 0xeb27f9de78e92 : 2 : ittapi_config_apply_per_lib :  ITTAPI function not implemented: __itt_model_task_beginAL
32397 : 0xeb27f9de79f68 : 2 : ittapi_config_apply_per_lib :  ITTAPI function not implemented: __itt_model_iteration_taskA
32397 : 0xeb27f9de7b078 : 2 : ittapi_config_apply_per_lib :  ITTAPI function not implemented: __itt_model_iteration_taskAL
32397 : 0xeb27f9de7bfbe : 2 : ittapi_config_apply_per_lib :  ITTAPI function not implemented: __itt_model_site_end_2
32397 : 0xeb27f9de7d04a : 2 : ittapi_config_apply_per_lib :  ITTAPI function not implemented: __itt_model_task_end_2
32397 : 0xeb27f9de7e13a : 2 : ittapi_config_apply_per_lib :  ITTAPI function not implemented: __itt_model_lock_acquire_2
32397 : 0xeb27f9de7f052 : 2 : ittapi_config_apply_per_lib :  ITTAPI function not implemented: __itt_model_lock_release_2
32397 : 0xeb27f9de7fffa : 2 : ittapi_config_apply_per_lib :  ITTAPI function not implemented: __itt_model_aggregate_task
32397 : 0xeb27f9de832a6 : 2 : ittapi_config_apply_per_lib :  ITTAPI function not implemented: __itt_model_disable_push
32397 : 0xeb27f9de842a4 : 2 : ittapi_config_apply_per_lib :  ITTAPI function not implemented: __itt_model_disable_pop
32397 : 0xeb27f9de85104 : 2 : ittapi_config_apply_per_lib :  ITTAPI function instrumented: __itt_heap_function_create
32397 : 0xeb27f9de85db8 : 2 : ittapi_config_apply_per_lib :  ITTAPI function instrumented: __itt_heap_allocate_begin
32397 : 0xeb27f9de86a62 : 2 : ittapi_config_apply_per_lib :  ITTAPI function instrumented: __itt_heap_allocate_end
32397 : 0xeb27f9de877be : 2 : ittapi_config_apply_per_lib :  ITTAPI function instrumented: __itt_heap_free_begin
32397 : 0xeb27f9de883f0 : 2 : ittapi_config_apply_per_lib :  ITTAPI function instrumented: __itt_heap_free_end
32397 : 0xeb27f9de8911c : 2 : ittapi_config_apply_per_lib :  ITTAPI function instrumented: __itt_heap_reallocate_begin
32397 : 0xeb27f9de89da0 : 2 : ittapi_config_apply_per_lib :  ITTAPI function instrumented: __itt_heap_reallocate_end
32397 : 0xeb27f9de8acce : 2 : ittapi_config_apply_per_lib :  ITTAPI function not implemented: __itt_heap_internal_access_begin
32397 : 0xeb27f9de8e11c : 2 : ittapi_config_apply_per_lib :  ITTAPI function not implemented: __itt_heap_internal_access_end
32397 : 0xeb27f9de8f30c : 2 : ittapi_config_apply_per_lib :  ITTAPI function not implemented: __itt_heap_record_memory_growth_begin
32397 : 0xeb27f9de90482 : 2 : ittapi_config_apply_per_lib :  ITTAPI function not implemented: __itt_heap_record_memory_growth_end
32397 : 0xeb27f9de9153e : 2 : ittapi_config_apply_per_lib :  ITTAPI function not implemented: __itt_heap_reset_detection
32397 : 0xeb27f9de9255a : 2 : ittapi_config_apply_per_lib :  ITTAPI function not implemented: __itt_heap_record
32397 : 0xeb27f9de936e6 : 2 : ittapi_config_apply_per_lib :  ITTAPI function not implemented: __itt_id_create
32397 : 0xeb27f9de94644 : 2 : ittapi_config_apply_per_lib :  ITTAPI function not implemented: __itt_id_destroy
32397 : 0xeb27f9de953e2 : 2 : ittapi_config_apply_per_lib :  ITTAPI function instrumented: __itt_get_timestamp
32397 : 0xeb27f9de9630a : 2 : ittapi_config_apply_per_lib :  ITTAPI function not implemented: __itt_region_begin
32397 : 0xeb27f9de9723a : 2 : ittapi_config_apply_per_lib :  ITTAPI function not implemented: __itt_region_end
32397 : 0xeb27f9de9af9a : 2 : ittapi_config_apply_per_lib :  ITTAPI function instrumented: __itt_frame_begin_v3
32397 : 0xeb27f9de9bd76 : 2 : ittapi_config_apply_per_lib :  ITTAPI function instrumented: __itt_frame_end_v3
32397 : 0xeb27f9de9c9cc : 2 : ittapi_config_apply_per_lib :  ITTAPI function instrumented: __itt_frame_submit_v3
32397 : 0xeb27f9de9da4e : 2 : ittapi_config_apply_per_lib :  ITTAPI function not implemented: __itt_task_group
32397 : 0xeb27f9de9e8e4 : 2 : ittapi_config_apply_per_lib :  ITTAPI function instrumented: __itt_task_begin
32397 : 0xeb27f9de9f616 : 2 : ittapi_config_apply_per_lib :  ITTAPI function instrumented: __itt_task_begin_fn
32397 : 0xeb27f9dea01ca : 2 : ittapi_config_apply_per_lib :  ITTAPI function instrumented: __itt_task_end
32397 : 0xeb27f9dea0ae0 : 2 : ittapi_config_apply_per_lib :  ITTAPI function NOT instrumented (not matched by --itt-config option): __itt_counter_inc_v3

32397 : 0xeb27f9dea1572 : 2 : ittapi_config_apply_per_lib :  ITTAPI function NOT instrumented (not matched by --itt-config option): __itt_counter_inc_delta_v3

32397 : 0xeb27f9dea253a : 2 : ittapi_config_apply_per_lib :  ITTAPI function not implemented: __itt_marker
32397 : 0xeb27f9dea5580 : 2 : ittapi_config_apply_per_lib :  ITTAPI function instrumented: __itt_metadata_add
32397 : 0xeb27f9dea65ea : 2 : ittapi_config_apply_per_lib :  ITTAPI function not implemented: __itt_metadata_str_add
32397 : 0xeb27f9dea76b4 : 2 : ittapi_config_apply_per_lib :  ITTAPI function not implemented: __itt_relation_add_to_current
32397 : 0xeb27f9dea8652 : 2 : ittapi_config_apply_per_lib :  ITTAPI function not implemented: __itt_relation_add
32397 : 0xeb27f9dea934a : 2 : ittapi_config_apply_per_lib :  ITTAPI function instrumented: __itt_event_create
32397 : 0xeb27f9dea9c36 : 2 : ittapi_config_apply_per_lib :  ITTAPI function NOT instrumented (not matched by --itt-config option): __itt_event_start

32397 : 0xeb27f9deaa532 : 2 : ittapi_config_apply_per_lib :  ITTAPI function NOT instrumented (not matched by --itt-config option): __itt_event_end

32397 : 0xeb27f9deaaee4 : 2 : ittapi_config_apply_per_lib :  ITTAPI function NOT instrumented (not matched by --itt-config option): __itt_sync_set_name

32397 : 0xeb27f9deab852 : 2 : ittapi_config_apply_per_lib :  ITTAPI function NOT instrumented (not matched by --itt-config option): __itt_notify_sync_name

32397 : 0xeb27f9deac1a0 : 2 : ittapi_config_apply_per_lib :  ITTAPI function NOT instrumented (not matched by --itt-config option): __itt_notify_sync_prepare

32397 : 0xeb27f9deaeae0 : 2 : ittapi_config_apply_per_lib :  ITTAPI function NOT instrumented (not matched by --itt-config option): __itt_notify_sync_cancel

32397 : 0xeb27f9deaf4a4 : 2 : ittapi_config_apply_per_lib :  ITTAPI function NOT instrumented (not matched by --itt-config option): __itt_notify_sync_acquired

32397 : 0xeb27f9deafdda : 2 : ittapi_config_apply_per_lib :  ITTAPI function NOT instrumented (not matched by --itt-config option): __itt_notify_sync_releasing

32397 : 0xeb27f9deb0da6 : 2 : ittapi_config_apply_per_lib :  ITTAPI function not implemented: __itt_memory_read
32397 : 0xeb27f9deb1e3e : 2 : ittapi_config_apply_per_lib :  ITTAPI function not implemented: __itt_memory_write
32397 : 0xeb27f9deb2dca : 2 : ittapi_config_apply_per_lib :  ITTAPI function not implemented: __itt_memory_update
32397 : 0xeb27f9deb3e82 : 2 : ittapi_config_apply_per_lib :  ITTAPI function not implemented: __itt_state_get
32397 : 0xeb27f9deb4e80 : 2 : ittapi_config_apply_per_lib :  ITTAPI function not implemented: __itt_state_set
32397 : 0xeb27f9deb5e3a : 2 : ittapi_config_apply_per_lib :  ITTAPI function not implemented: __itt_obj_mode_set
32397 : 0xeb27f9deb6da8 : 2 : ittapi_config_apply_per_lib :  ITTAPI function not implemented: __itt_thr_mode_set
32397 : 0xeb27f9deba558 : 2 : ittapi_config_apply_per_lib :  ITTAPI function instrumented: __itt_frame_create
32397 : 0xeb27f9debb336 : 2 : ittapi_config_apply_per_lib :  ITTAPI function instrumented: __itt_frame_begin
32397 : 0xeb27f9debbf92 : 2 : ittapi_config_apply_per_lib :  ITTAPI function instrumented: __itt_frame_end
32397 : 0xeb27f9debcca6 : 2 : ittapi_config_apply_per_lib :  ITTAPI function instrumented: __itt_counter_create
32397 : 0xeb27f9debd5cc : 2 : ittapi_config_apply_per_lib :  ITTAPI function NOT instrumented (not matched by --itt-config option): __itt_counter_destroy

32397 : 0xeb27f9debdfaa : 2 : ittapi_config_apply_per_lib :  ITTAPI function NOT instrumented (not matched by --itt-config option): __itt_counter_inc

32397 : 0xeb27f9debe922 : 2 : ittapi_config_apply_per_lib :  ITTAPI function NOT instrumented (not matched by --itt-config option): __itt_counter_inc_delta

32397 : 0xeb27f9debf830 : 2 : ittapi_config_apply_per_lib :  ITTAPI function not implemented: __itt_mark_create
32397 : 0xeb27f9dec0840 : 2 : ittapi_config_apply_per_lib :  ITTAPI function not implemented: __itt_mark
32397 : 0xeb27f9dec19c6 : 2 : ittapi_config_apply_per_lib :  ITTAPI function not implemented: __itt_mark_off
32397 : 0xeb27f9dec4a06 : 2 : ittapi_config_apply_per_lib :  ITTAPI function not implemented: __itt_mark_global
32397 : 0xeb27f9dec5adc : 2 : ittapi_config_apply_per_lib :  ITTAPI function not implemented: __itt_mark_global_off
32397 : 0xeb27f9dec8c40 : 2 : ittapi_config_apply_per_lib :  ITTAPI function NOT instrumented (not matched by --itt-config option): __itt_stack_caller_create

32397 : 0xeb27f9dec9746 : 2 : ittapi_config_apply_per_lib :  ITTAPI function NOT instrumented (not matched by --itt-config option): __itt_stack_caller_destroy

32397 : 0xeb27f9deca178 : 2 : ittapi_config_apply_per_lib :  ITTAPI function NOT instrumented (not matched by --itt-config option): __itt_stack_callee_enter

32397 : 0xeb27f9decaabe : 2 : ittapi_config_apply_per_lib :  ITTAPI function NOT instrumented (not matched by --itt-config option): __itt_stack_callee_leave

32397 : 0xeb27f9decba64 : 2 : ittapi_config_apply_per_lib :  ITTAPI function not implemented: __itt_clock_domain_create
32397 : 0xeb27f9deccaf2 : 2 : ittapi_config_apply_per_lib :  ITTAPI function not implemented: __itt_clock_domain_reset
32397 : 0xeb27f9decd9f0 : 2 : ittapi_config_apply_per_lib :  ITTAPI function not implemented: __itt_id_create_ex
32397 : 0xeb27f9decea7a : 2 : ittapi_config_apply_per_lib :  ITTAPI function not implemented: __itt_id_destroy_ex
32397 : 0xeb27f9ded1e5e : 2 : ittapi_config_apply_per_lib :  ITTAPI function not implemented: __itt_task_begin_ex
32397 : 0xeb27f9ded2e26 : 2 : ittapi_config_apply_per_lib :  ITTAPI function not implemented: __itt_task_begin_fn_ex
32397 : 0xeb27f9ded3f10 : 2 : ittapi_config_apply_per_lib :  ITTAPI function not implemented: __itt_task_end_ex
32397 : 0xeb27f9ded4d08 : 2 : ittapi_config_apply_per_lib :  ITTAPI function instrumented: __itt_task_begin_overlapped
32397 : 0xeb27f9deed2c0 : 2 : ittapi_config_apply_per_lib :  ITTAPI function not implemented: __itt_task_begin_overlapped_ex
32397 : 0xeb27f9deee2ea : 2 : ittapi_config_apply_per_lib :  ITTAPI function instrumented: __itt_task_end_overlapped
32397 : 0xeb27f9deef642 : 2 : ittapi_config_apply_per_lib :  ITTAPI function not implemented: __itt_task_end_overlapped_ex
32397 : 0xeb27f9def09a6 : 2 : ittapi_config_apply_per_lib :  ITTAPI function not implemented: __itt_marker_ex
32397 : 0xeb27f9def1c8e : 2 : ittapi_config_apply_per_lib :  ITTAPI function not implemented: __itt_metadata_add_with_scope
32397 : 0xeb27f9def32e6 : 2 : ittapi_config_apply_per_lib :  ITTAPI function not implemented: __itt_metadata_str_add_with_scope
32397 : 0xeb27f9def7492 : 2 : ittapi_config_apply_per_lib :  ITTAPI function not implemented: __itt_relation_add_to_current_ex
32397 : 0xeb27f9def8668 : 2 : ittapi_config_apply_per_lib :  ITTAPI function not implemented: __itt_relation_add_ex
32397 : 0xeb27f9def9906 : 2 : ittapi_config_apply_per_lib :  ITTAPI function not implemented: __itt_track_group_create
32397 : 0xeb27f9defabd8 : 2 : ittapi_config_apply_per_lib :  ITTAPI function not implemented: __itt_track_create
32397 : 0xeb27f9df0cefa : 2 : ittapi_config_apply_per_lib :  ITTAPI function not implemented: __itt_set_track
32397 : 0xeb27f9df0dcba : 2 : ittapi_config_apply_per_lib :  ITTAPI function instrumented: __itt_api_version
32397 : 0xeb27f9df0ebe4 : 2 : ittapi_config_apply_per_lib :  ITTAPI function not implemented: __itt_av_save
32397 : 0xeb283d9fb8ed0 : 2 : ittapi_config_mask_get :  --itt-config mask to be applied: 5
32397 : 0xeb283d9fbcdca : 2 : ittapi_config_apply_per_lib :  ITTAPI function instrumented: __itt_domain_create
32397 : 0xeb283d9fbe0f6 : 2 : ittapi_config_apply_per_lib :  ITTAPI function instrumented: __itt_string_handle_create
32397 : 0xeb283d9fc7f18 : 2 : ittapi_config_apply_per_lib :  ITTAPI function instrumented: __itt_pause
32397 : 0xeb283d9fc90b2 : 2 : ittapi_config_apply_per_lib :  ITTAPI function instrumented: __itt_resume
32397 : 0xeb283d9fca24a : 2 : ittapi_config_apply_per_lib :  ITTAPI function instrumented: __itt_thread_set_name
32397 : 0xeb283d9fcb200 : 2 : ittapi_config_apply_per_lib :  ITTAPI function instrumented: __itt_thread_ignore
32397 : 0xeb283d9fcbfee : 2 : ittapi_config_apply_per_lib :  ITTAPI function instrumented: __itt_thr_name_set
32397 : 0xeb283d9fccd42 : 2 : ittapi_config_apply_per_lib :  ITTAPI function instrumented: __itt_thr_ignore
32397 : 0xeb283d9fce74e : 2 : ittapi_config_apply_per_lib :  ITTAPI function not implemented: __itt_enable_attach
32397 : 0xeb283d9fcf95c : 2 : ittapi_config_apply_per_lib :  ITTAPI function instrumented: __itt_detach
32397 : 0xeb283d9fd03ae : 2 : ittapi_config_apply_per_lib :  ITTAPI function NOT instrumented (not matched by --itt-config option): __itt_sync_create

32397 : 0xeb283d9fd0fca : 2 : ittapi_config_apply_per_lib :  ITTAPI function NOT instrumented (not matched by --itt-config option): __itt_sync_rename

32397 : 0xeb283d9fd44f2 : 2 : ittapi_config_apply_per_lib :  ITTAPI function NOT instrumented (not matched by --itt-config option): __itt_sync_destroy

32397 : 0xeb283d9fd4f2c : 2 : ittapi_config_apply_per_lib :  ITTAPI function NOT instrumented (not matched by --itt-config option): __itt_sync_prepare

32397 : 0xeb283d9fd59a2 : 2 : ittapi_config_apply_per_lib :  ITTAPI function NOT instrumented (not matched by --itt-config option): __itt_sync_cancel

32397 : 0xeb283d9fd62ca : 2 : ittapi_config_apply_per_lib :  ITTAPI function NOT instrumented (not matched by --itt-config option): __itt_sync_acquired

32397 : 0xeb283d9fd6c36 : 2 : ittapi_config_apply_per_lib :  ITTAPI function NOT instrumented (not matched by --itt-config option): __itt_sync_releasing

32397 : 0xeb283d9fd82a6 : 2 : ittapi_config_apply_per_lib :  ITTAPI function not implemented: __itt_suppress_push
32397 : 0xeb283d9fd9a20 : 2 : ittapi_config_apply_per_lib :  ITTAPI function not implemented: __itt_suppress_pop
32397 : 0xeb283d9fdad98 : 2 : ittapi_config_apply_per_lib :  ITTAPI function not implemented: __itt_suppress_mark_range
32397 : 0xeb283d9fdc1c8 : 2 : ittapi_config_apply_per_lib :  ITTAPI function not implemented: __itt_suppress_clear_range
32397 : 0xeb283d9fdcc90 : 2 : ittapi_config_apply_per_lib :  ITTAPI function NOT instrumented (not matched by --itt-config option): __itt_sync_prepare

32397 : 0xeb283d9fdf920 : 2 : ittapi_config_apply_per_lib :  ITTAPI function NOT instrumented (not matched by --itt-config option): __itt_sync_cancel

32397 : 0xeb283d9fe02d8 : 2 : ittapi_config_apply_per_lib :  ITTAPI function NOT instrumented (not matched by --itt-config option): __itt_sync_acquired

32397 : 0xeb283d9fe0d36 : 2 : ittapi_config_apply_per_lib :  ITTAPI function NOT instrumented (not matched by --itt-config option): __itt_sync_releasing

32397 : 0xeb283d9fe202c : 2 : ittapi_config_apply_per_lib :  ITTAPI function not implemented: __itt_model_site_begin
32397 : 0xeb283d9fe325c : 2 : ittapi_config_apply_per_lib :  ITTAPI function not implemented: __itt_model_site_end
32397 : 0xeb283d9fe4490 : 2 : ittapi_config_apply_per_lib :  ITTAPI function not implemented: __itt_model_task_begin
32397 : 0xeb283d9fe564a : 2 : ittapi_config_apply_per_lib :  ITTAPI function not implemented: __itt_model_task_end
32397 : 0xeb283d9fe679c : 2 : ittapi_config_apply_per_lib :  ITTAPI function not implemented: __itt_model_lock_acquire
32397 : 0xeb283d9fe77e6 : 2 : ittapi_config_apply_per_lib :  ITTAPI function not implemented: __itt_model_lock_release
32397 : 0xeb283d9fe88c8 : 2 : ittapi_config_apply_per_lib :  ITTAPI function not implemented: __itt_model_record_allocation
32397 : 0xeb283d9fec8e6 : 2 : ittapi_config_apply_per_lib :  ITTAPI function not implemented: __itt_model_record_deallocation
32397 : 0xeb283d9fedc2a : 2 : ittapi_config_apply_per_lib :  ITTAPI function not implemented: __itt_model_induction_uses
32397 : 0xeb283d9feed84 : 2 : ittapi_config_apply_per_lib :  ITTAPI function not implemented: __itt_model_reduction_uses
32397 : 0xeb283d9feffd2 : 2 : ittapi_config_apply_per_lib :  ITTAPI function not implemented: __itt_model_observe_uses
32397 : 0xeb283d9ff0f72 : 2 : ittapi_config_apply_per_lib :  ITTAPI function not implemented: __itt_model_clear_uses
32397 : 0xeb283d9ff27ae : 2 : ittapi_config_apply_per_lib :  ITTAPI function not implemented: __itt_model_site_beginA
32397 : 0xeb283d9ff39f8 : 2 : ittapi_config_apply_per_lib :  ITTAPI function not implemented: __itt_model_site_beginAL
32397 : 0xeb283d9ff4d58 : 2 : ittapi_config_apply_per_lib :  ITTAPI function not implemented: __itt_model_task_beginA
32397 : 0xeb283d9ff5ede : 2 : ittapi_config_apply_per_lib :  ITTAPI function not implemented: __itt_model_task_beginAL
32397 : 0xeb283d9ff6fa0 : 2 : ittapi_config_apply_per_lib :  ITTAPI function not implemented: __itt_model_iteration_taskA
32397 : 0xeb283d9ffa5e4 : 2 : ittapi_config_apply_per_lib :  ITTAPI function not implemented: __itt_model_iteration_taskAL
32397 : 0xeb283d9ffb5c6 : 2 : ittapi_config_apply_per_lib :  ITTAPI function not implemented: __itt_model_site_end_2
32397 : 0xeb283d9ffc690 : 2 : ittapi_config_apply_per_lib :  ITTAPI function not implemented: __itt_model_task_end_2
32397 : 0xeb283d9ffd8d4 : 2 : ittapi_config_apply_per_lib :  ITTAPI function not implemented: __itt_model_lock_acquire_2
32397 : 0xeb283d9ffe87e : 2 : ittapi_config_apply_per_lib :  ITTAPI function not implemented: __itt_model_lock_release_2
32397 : 0xeb283d9fff914 : 2 : ittapi_config_apply_per_lib :  ITTAPI function not implemented: __itt_model_aggregate_task
32397 : 0xeb283da0008b0 : 2 : ittapi_config_apply_per_lib :  ITTAPI function not implemented: __itt_model_disable_push
32397 : 0xeb283da001858 : 2 : ittapi_config_apply_per_lib :  ITTAPI function not implemented: __itt_model_disable_pop
32397 : 0xeb283da0026f6 : 2 : ittapi_config_apply_per_lib :  ITTAPI function instrumented: __itt_heap_function_create
32397 : 0xeb283da003596 : 2 : ittapi_config_apply_per_lib :  ITTAPI function instrumented: __itt_heap_allocate_begin
32397 : 0xeb283da0068f2 : 2 : ittapi_config_apply_per_lib :  ITTAPI function instrumented: __itt_heap_allocate_end
32397 : 0xeb283da007870 : 2 : ittapi_config_apply_per_lib :  ITTAPI function instrumented: __itt_heap_free_begin
32397 : 0xeb283da0084a0 : 2 : ittapi_config_apply_per_lib :  ITTAPI function instrumented: __itt_heap_free_end
32397 : 0xeb283da00927a : 2 : ittapi_config_apply_per_lib :  ITTAPI function instrumented: __itt_heap_reallocate_begin
32397 : 0xeb283da009f3c : 2 : ittapi_config_apply_per_lib :  ITTAPI function instrumented: __itt_heap_reallocate_end
32397 : 0xeb283da00b04e : 2 : ittapi_config_apply_per_lib :  ITTAPI function not implemented: __itt_heap_internal_access_begin
32397 : 0xeb283da00c380 : 2 : ittapi_config_apply_per_lib :  ITTAPI function not implemented: __itt_heap_internal_access_end
32397 : 0xeb283da00d5e8 : 2 : ittapi_config_apply_per_lib :  ITTAPI function not implemented: __itt_heap_record_memory_growth_begin
32397 : 0xeb283da00e760 : 2 : ittapi_config_apply_per_lib :  ITTAPI function not implemented: __itt_heap_record_memory_growth_end
32397 : 0xeb283da00f8a6 : 2 : ittapi_config_apply_per_lib :  ITTAPI function not implemented: __itt_heap_reset_detection
32397 : 0xeb283da013686 : 2 : ittapi_config_apply_per_lib :  ITTAPI function not implemented: __itt_heap_record
32397 : 0xeb283da01488e : 2 : ittapi_config_apply_per_lib :  ITTAPI function not implemented: __itt_id_create
32397 : 0xeb283da0158b2 : 2 : ittapi_config_apply_per_lib :  ITTAPI function not implemented: __itt_id_destroy
32397 : 0xeb283da0166ca : 2 : ittapi_config_apply_per_lib :  ITTAPI function instrumented: __itt_get_timestamp
32397 : 0xeb283da017730 : 2 : ittapi_config_apply_per_lib :  ITTAPI function not implemented: __itt_region_begin
32397 : 0xeb283da01871e : 2 : ittapi_config_apply_per_lib :  ITTAPI function not implemented: __itt_region_end
32397 : 0xeb283da0194dc : 2 : ittapi_config_apply_per_lib :  ITTAPI function instrumented: __itt_frame_begin_v3
32397 : 0xeb283da01a194 : 2 : ittapi_config_apply_per_lib :  ITTAPI function instrumented: __itt_frame_end_v3
32397 : 0xeb283da01aed2 : 2 : ittapi_config_apply_per_lib :  ITTAPI function instrumented: __itt_frame_submit_v3
32397 : 0xeb283da01c216 : 2 : ittapi_config_apply_per_lib :  ITTAPI function not implemented: __itt_task_group
32397 : 0xeb283da01f800 : 2 : ittapi_config_apply_per_lib :  ITTAPI function instrumented: __itt_task_begin
32397 : 0xeb283da020782 : 2 : ittapi_config_apply_per_lib :  ITTAPI function instrumented: __itt_task_begin_fn
32397 : 0xeb283da021486 : 2 : ittapi_config_apply_per_lib :  ITTAPI function instrumented: __itt_task_end
32397 : 0xeb283da021e7c : 2 : ittapi_config_apply_per_lib :  ITTAPI function NOT instrumented (not matched by --itt-config option): __itt_counter_inc_v3

32397 : 0xeb283da022892 : 2 : ittapi_config_apply_per_lib :  ITTAPI function NOT instrumented (not matched by --itt-config option): __itt_counter_inc_delta_v3

32397 : 0xeb283da026208 : 2 : ittapi_config_apply_per_lib :  ITTAPI function not implemented: __itt_marker
32397 : 0xeb283da027076 : 2 : ittapi_config_apply_per_lib :  ITTAPI function instrumented: __itt_metadata_add
32397 : 0xeb283da0280dc : 2 : ittapi_config_apply_per_lib :  ITTAPI function not implemented: __itt_metadata_str_add
32397 : 0xeb283da029322 : 2 : ittapi_config_apply_per_lib :  ITTAPI function not implemented: __itt_relation_add_to_current
32397 : 0xeb283da02a378 : 2 : ittapi_config_apply_per_lib :  ITTAPI function not implemented: __itt_relation_add
32397 : 0xeb283da02d8c4 : 2 : ittapi_config_apply_per_lib :  ITTAPI function instrumented: __itt_event_create
32397 : 0xeb283da02e222 : 2 : ittapi_config_apply_per_lib :  ITTAPI function NOT instrumented (not matched by --itt-config option): __itt_event_start

32397 : 0xeb283da02ebf0 : 2 : ittapi_config_apply_per_lib :  ITTAPI function NOT instrumented (not matched by --itt-config option): __itt_event_end

32397 : 0xeb283da02f8a4 : 2 : ittapi_config_apply_per_lib :  ITTAPI function NOT instrumented (not matched by --itt-config option): __itt_sync_set_name

32397 : 0xeb283da030466 : 2 : ittapi_config_apply_per_lib :  ITTAPI function NOT instrumented (not matched by --itt-config option): __itt_notify_sync_name

32397 : 0xeb283da030eee : 2 : ittapi_config_apply_per_lib :  ITTAPI function NOT instrumented (not matched by --itt-config option): __itt_notify_sync_prepare

32397 : 0xeb283da0319c6 : 2 : ittapi_config_apply_per_lib :  ITTAPI function NOT instrumented (not matched by --itt-config option): __itt_notify_sync_cancel

32397 : 0xeb283da03230c : 2 : ittapi_config_apply_per_lib :  ITTAPI function NOT instrumented (not matched by --itt-config option): __itt_notify_sync_acquired

32397 : 0xeb283da032c80 : 2 : ittapi_config_apply_per_lib :  ITTAPI function NOT instrumented (not matched by --itt-config option): __itt_notify_sync_releasing

32397 : 0xeb283da033c06 : 2 : ittapi_config_apply_per_lib :  ITTAPI function not implemented: __itt_memory_read
32397 : 0xeb283da0372f6 : 2 : ittapi_config_apply_per_lib :  ITTAPI function not implemented: __itt_memory_write
32397 : 0xeb283da03855e : 2 : ittapi_config_apply_per_lib :  ITTAPI function not implemented: __itt_memory_update
32397 : 0xeb283da0395de : 2 : ittapi_config_apply_per_lib :  ITTAPI function not implemented: __itt_state_get
32397 : 0xeb283da03a54a : 2 : ittapi_config_apply_per_lib :  ITTAPI function not implemented: __itt_state_set
32397 : 0xeb283da03b496 : 2 : ittapi_config_apply_per_lib :  ITTAPI function not implemented: __itt_obj_mode_set
32397 : 0xeb283da03c3b6 : 2 : ittapi_config_apply_per_lib :  ITTAPI function not implemented: __itt_thr_mode_set
32397 : 0xeb283da03cff4 : 2 : ittapi_config_apply_per_lib :  ITTAPI function instrumented: __itt_frame_create
32397 : 0xeb283da03dee2 : 2 : ittapi_config_apply_per_lib :  ITTAPI function instrumented: __itt_frame_begin
32397 : 0xeb283da03eb32 : 2 : ittapi_config_apply_per_lib :  ITTAPI function instrumented: __itt_frame_end
32397 : 0xeb283da03f864 : 2 : ittapi_config_apply_per_lib :  ITTAPI function instrumented: __itt_counter_create
32397 : 0xeb283da042da4 : 2 : ittapi_config_apply_per_lib :  ITTAPI function NOT instrumented (not matched by --itt-config option): __itt_counter_destroy

32397 : 0xeb283da04385c : 2 : ittapi_config_apply_per_lib :  ITTAPI function NOT instrumented (not matched by --itt-config option): __itt_counter_inc

32397 : 0xeb283da0441be : 2 : ittapi_config_apply_per_lib :  ITTAPI function NOT instrumented (not matched by --itt-config option): __itt_counter_inc_delta

32397 : 0xeb283da0452c4 : 2 : ittapi_config_apply_per_lib :  ITTAPI function not implemented: __itt_mark_create
32397 : 0xeb283da0463f4 : 2 : ittapi_config_apply_per_lib :  ITTAPI function not implemented: __itt_mark
32397 : 0xeb283da047666 : 2 : ittapi_config_apply_per_lib :  ITTAPI function not implemented: __itt_mark_off
32397 : 0xeb283da0485fa : 2 : ittapi_config_apply_per_lib :  ITTAPI function not implemented: __itt_mark_global
32397 : 0xeb283da049736 : 2 : ittapi_config_apply_per_lib :  ITTAPI function not implemented: __itt_mark_global_off
32397 : 0xeb283da04a3ce : 2 : ittapi_config_apply_per_lib :  ITTAPI function NOT instrumented (not matched by --itt-config option): __itt_stack_caller_create

32397 : 0xeb283da04adb2 : 2 : ittapi_config_apply_per_lib :  ITTAPI function NOT instrumented (not matched by --itt-config option): __itt_stack_caller_destroy

32397 : 0xeb283da04da44 : 2 : ittapi_config_apply_per_lib :  ITTAPI function NOT instrumented (not matched by --itt-config option): __itt_stack_callee_enter

32397 : 0xeb283da04e4d0 : 2 : ittapi_config_apply_per_lib :  ITTAPI function NOT instrumented (not matched by --itt-config option): __itt_stack_callee_leave

32397 : 0xeb283da04f5c6 : 2 : ittapi_config_apply_per_lib :  ITTAPI function not implemented: __itt_clock_domain_create
32397 : 0xeb283da050642 : 2 : ittapi_config_apply_per_lib :  ITTAPI function not implemented: __itt_clock_domain_reset
32397 : 0xeb283da05156e : 2 : ittapi_config_apply_per_lib :  ITTAPI function not implemented: __itt_id_create_ex
32397 : 0xeb283da05262c : 2 : ittapi_config_apply_per_lib :  ITTAPI function not implemented: __itt_id_destroy_ex
32397 : 0xeb283da053662 : 2 : ittapi_config_apply_per_lib :  ITTAPI function not implemented: __itt_task_begin_ex
32397 : 0xeb283da05460a : 2 : ittapi_config_apply_per_lib :  ITTAPI function not implemented: __itt_task_begin_fn_ex
32397 : 0xeb283da055812 : 2 : ittapi_config_apply_per_lib :  ITTAPI function not implemented: __itt_task_end_ex
32397 : 0xeb283da0565d0 : 2 : ittapi_config_apply_per_lib :  ITTAPI function instrumented: __itt_task_begin_overlapped
32397 : 0xeb283da05979c : 2 : ittapi_config_apply_per_lib :  ITTAPI function not implemented: __itt_task_begin_overlapped_ex
32397 : 0xeb283da05a668 : 2 : ittapi_config_apply_per_lib :  ITTAPI function instrumented: __itt_task_end_overlapped
32397 : 0xeb283da05b876 : 2 : ittapi_config_apply_per_lib :  ITTAPI function not implemented: __itt_task_end_overlapped_ex
32397 : 0xeb283da05ca14 : 2 : ittapi_config_apply_per_lib :  ITTAPI function not implemented: __itt_marker_ex
32397 : 0xeb283da05dcc0 : 2 : ittapi_config_apply_per_lib :  ITTAPI function not implemented: __itt_metadata_add_with_scope
32397 : 0xeb283da05eeea : 2 : ittapi_config_apply_per_lib :  ITTAPI function not implemented: __itt_metadata_str_add_with_scope
32397 : 0xeb283da060154 : 2 : ittapi_config_apply_per_lib :  ITTAPI function not implemented: __itt_relation_add_to_current_ex
32397 : 0xeb283da06118a : 2 : ittapi_config_apply_per_lib :  ITTAPI function not implemented: __itt_relation_add_ex
32397 : 0xeb283da062232 : 2 : ittapi_config_apply_per_lib :  ITTAPI function not implemented: __itt_track_group_create
32397 : 0xeb283da063254 : 2 : ittapi_config_apply_per_lib :  ITTAPI function not implemented: __itt_track_create
32397 : 0xeb283da066dca : 2 : ittapi_config_apply_per_lib :  ITTAPI function not implemented: __itt_set_track
32397 : 0xeb283da067c00 : 2 : ittapi_config_apply_per_lib :  ITTAPI function instrumented: __itt_api_version
32397 : 0xeb283da068ab8 : 2 : ittapi_config_apply_per_lib :  ITTAPI function not implemented: __itt_av_save