12 [47416928612288] TRACE perfrun.launcher <> - ENTER: int main(int, char **)
15 [47416928612288] TRACE perfrun.launcher <> - ENTER: Start the collection
15 [47416928612288] INFO perfrun.launcher <> - argc = 7; cmdline = /soft/compilers/intel/vtune_amplifier_2018.1.0.535340/bin64/amplxe-runss --ui-output-format xml --ui-output-fd 7 --option-file /gpfs/jlse-fs0/users/pvelesko/testing/python_openmp_vtune/r003hs/config/runss.options 
15 [47416928612288] TRACE perfrun.launcher <> - ENTER: Initialize the launcher
18 [47416928612288] TRACE perfrun.launcher <> - ENTER: void runtool::CmdLineParser::declareOptions()
38 [47416928612288] TRACE perfrun.launcher <> - EXIT:  void runtool::CmdLineParser::declareOptions()
38 [47416928612288] TRACE perfrun.system <> - ENTER: static runtool::system::IController *runtool::system::IController::create()
38 [47416928612288] TRACE perfrun.system <> - ENTER: runtool::system::Controller::Controller()
38 [47416928612288] TRACE perfrun.system <> - EXIT:  runtool::system::Controller::Controller()
38 [47416928612288] TRACE perfrun.system <> - EXIT:  static runtool::system::IController *runtool::system::IController::create()
38 [47416928612288] INFO perfrun.launcher <> - plugin system has been added successfully
38 [47416928612288] TRACE perfrun.itt <> - ENTER: static runtool::sdk::IController *runtool::itt::IController::create()
38 [47416928612288] TRACE perfrun.itt <> - ENTER: create itt controller
38 [47416928612288] TRACE perfrun.itt <> - EXIT:  create itt controller
38 [47416928612288] TRACE perfrun.itt <> - EXIT:  static runtool::sdk::IController *runtool::itt::IController::create()
38 [47416928612288] INFO perfrun.launcher <> - plugin itt has been added successfully
38 [47416928612288] INFO perfrun.launcher <> - plugin ptracecollector has been added successfully
38 [47416928612288] TRACE perfrun.gpu <> - ENTER: runtool::gpu::Controller::Controller()
38 [47416928612288] TRACE perfrun.gpu <> - EXIT:  runtool::gpu::Controller::Controller()
38 [47416928612288] INFO perfrun.launcher <> - plugin gpu has been added successfully
38 [47416928612288] INFO perfrun.launcher <> - plugin  has been added successfully
38 [47416928612288] INFO perfrun.launcher <> - plugin  has been added successfully
38 [47416928612288] INFO perfrun.launcher <> - plugin  has been added successfully
38 [47416928612288] INFO perfrun.launcher <> - plugin mrte has been added successfully
38 [47416928612288] TRACE perfrun.emon <> - ENTER: runtool::emon::Controller::Controller()
38 [47416928612288] TRACE perfrun.emon <> - EXIT:  runtool::emon::Controller::Controller()
38 [47416928612288] INFO perfrun.launcher <> - plugin emon has been added successfully
39 [47416928612288] TRACE perfrun.stdsrc <> - ENTER: void runtool::stdsrc::Controller::fillCommandLineOptions()
39 [47416928612288] TRACE perfrun.stdsrc <> - EXIT:  void runtool::stdsrc::Controller::fillCommandLineOptions()
39 [47416928612288] DEBUG perfrun.stdsrc <> - stdsrc controller object has been created
39 [47416928612288] INFO perfrun.launcher <> - plugin stdsrc has been added successfully
40 [47416928612288] DEBUG perfrun.sep <> - SEP controller object has been created
40 [47416928612288] INFO perfrun.launcher <> - plugin sep has been added successfully
40 [47416928612288] DEBUG perfrun.vtsspp <> - VTSS++ controller object has been created
40 [47416928612288] INFO perfrun.launcher <> - plugin vtsspp has been added successfully
40 [47416928612288] TRACE perfrun.perfcollector <> - ENTER: runtool::perfcollector::Controller::Controller()
40 [47416928612288] INFO perfrun.sdk <> - Reading value (2) from file: /proc/sys/kernel/perf_event_paranoid
44 [47416928612288] INFO perfrun.perfcollector <> - cpu: family = 6 model = 45
44 [47416928612288] INFO perfrun.perfcollector <> - dir found : /sys/bus/event_source/devices/cpu
44 [47416928612288] INFO perfrun.perfcollector <> - format: pc config:19 mask:19
45 [47416928612288] INFO perfrun.perfcollector <> - format: any config:21 mask:21
45 [47416928612288] INFO perfrun.perfcollector <> - format: inv config:23 mask:23
45 [47416928612288] INFO perfrun.perfcollector <> - format: edge config:18 mask:18
45 [47416928612288] INFO perfrun.perfcollector <> - format: cmask config:24-31 mask:24-31
45 [47416928612288] INFO perfrun.perfcollector <> - format: event config:0-7 mask:0-7
46 [47416928612288] INFO perfrun.perfcollector <> - format: in_tx config:32 mask:32
46 [47416928612288] INFO perfrun.perfcollector <> - format: ldlat config1:0-15 mask:0-15
46 [47416928612288] INFO perfrun.perfcollector <> - format: umask config:8-15 mask:8-15
46 [47416928612288] INFO perfrun.perfcollector <> - format: in_tx_cp config:33 mask:33
46 [47416928612288] INFO perfrun.perfcollector <> - format: offcore_rsp config1:0-63 mask:0-63
46 [47416928612288] INFO perfrun.perfcollector <> - hwInfo : PERF_CPU_PMU_DETAILS
46 [47416928612288] INFO perfrun.perfcollector <> - pmu added : family : cpu , id : 0
46 [47416928612288] INFO perfrun.perfcollector <> - dir found : /sys/bus/event_source/devices/msr
46 [47416928612288] INFO perfrun.perfcollector <> - format: event config:0-63 mask:0-63
46 [47416928612288] WARN perfrun.perfcollector <> - pmu hwInfo is not set, at file: vcs/perfrun1/plugins/perfcollector/src/controller.cpp:666
46 [47416928612288] INFO perfrun.perfcollector <> - pmu added : family : msr , id : 0
46 [47416928612288] INFO perfrun.perfcollector <> - dir found : /sys/bus/event_source/devices/software
46 [47416928612288] WARN perfrun.perfcollector <> - format subdir doesn't exist, at file: vcs/perfrun1/plugins/perfcollector/src/controller.cpp:597
46 [47416928612288] WARN perfrun.perfcollector <> - pmu hwInfo is not set, at file: vcs/perfrun1/plugins/perfcollector/src/controller.cpp:666
46 [47416928612288] INFO perfrun.perfcollector <> - pmu added : family : software , id : 0
46 [47416928612288] INFO perfrun.perfcollector <> - dir found : /sys/bus/event_source/devices/power
46 [47416928612288] INFO perfrun.perfcollector <> - format: event config:0-7 mask:0-7
46 [47416928612288] WARN perfrun.perfcollector <> - pmu hwInfo is not set, at file: vcs/perfrun1/plugins/perfcollector/src/controller.cpp:666
46 [47416928612288] INFO perfrun.perfcollector <> - pmu added : family : power , id : 0
46 [47416928612288] INFO perfrun.perfcollector <> - dir found : /sys/bus/event_source/devices/uncore_pcu
47 [47416928612288] INFO perfrun.perfcollector <> - format: inv config:23 mask:23
47 [47416928612288] INFO perfrun.perfcollector <> - format: occ_invert config:30 mask:30
47 [47416928612288] INFO perfrun.perfcollector <> - format: edge config:18 mask:18
47 [47416928612288] INFO perfrun.perfcollector <> - format: event config:0-7 mask:0-7
47 [47416928612288] INFO perfrun.perfcollector <> - format: occ_sel config:14-15 mask:14-15
47 [47416928612288] INFO perfrun.perfcollector <> - format: thresh config:24-28 mask:24-28
47 [47416928612288] INFO perfrun.perfcollector <> - format: filter_band0 config1:0-7 mask:0-7
47 [47416928612288] INFO perfrun.perfcollector <> - format: filter_band1 config1:8-15 mask:8-15
47 [47416928612288] INFO perfrun.perfcollector <> - format: filter_band2 config1:16-23 mask:16-23
47 [47416928612288] INFO perfrun.perfcollector <> - format: filter_band3 config1:24-31 mask:24-31
47 [47416928612288] INFO perfrun.perfcollector <> - format: occ_edge config:14-51 mask:14-51
47 [47416928612288] WARN perfrun.perfcollector <> - pmu hwInfo is not set, at file: vcs/perfrun1/plugins/perfcollector/src/controller.cpp:666
47 [47416928612288] INFO perfrun.perfcollector <> - pmu added : family : uncore_pcu , id : 0
47 [47416928612288] INFO perfrun.perfcollector <> - dir found : /sys/bus/event_source/devices/tracepoint
47 [47416928612288] WARN perfrun.perfcollector <> - format subdir doesn't exist, at file: vcs/perfrun1/plugins/perfcollector/src/controller.cpp:597
47 [47416928612288] WARN perfrun.perfcollector <> - pmu hwInfo is not set, at file: vcs/perfrun1/plugins/perfcollector/src/controller.cpp:666
47 [47416928612288] INFO perfrun.perfcollector <> - pmu added : family : tracepoint , id : 0
47 [47416928612288] INFO perfrun.perfcollector <> - dir found : /sys/bus/event_source/devices/uncore_imc_0
48 [47416928612288] INFO perfrun.perfcollector <> - format: inv config:23 mask:23
48 [47416928612288] INFO perfrun.perfcollector <> - format: edge config:18 mask:18
48 [47416928612288] INFO perfrun.perfcollector <> - format: event config:0-7 mask:0-7
48 [47416928612288] INFO perfrun.perfcollector <> - format: umask config:8-15 mask:8-15
48 [47416928612288] INFO perfrun.perfcollector <> - format: thresh config:24-31 mask:24-31
48 [47416928612288] INFO perfrun.perfcollector <> - hwInfo : PERF_IMC_PMU_DETAILS
48 [47416928612288] INFO perfrun.perfcollector <> - pmu added : family : uncore_imc , id : 0
48 [47416928612288] INFO perfrun.perfcollector <> - dir found : /sys/bus/event_source/devices/uncore_imc_1
48 [47416928612288] INFO perfrun.perfcollector <> - format: inv config:23 mask:23
48 [47416928612288] INFO perfrun.perfcollector <> - format: edge config:18 mask:18
48 [47416928612288] INFO perfrun.perfcollector <> - format: event config:0-7 mask:0-7
48 [47416928612288] INFO perfrun.perfcollector <> - format: umask config:8-15 mask:8-15
48 [47416928612288] INFO perfrun.perfcollector <> - format: thresh config:24-31 mask:24-31
48 [47416928612288] INFO perfrun.perfcollector <> - hwInfo : PERF_IMC_PMU_DETAILS
48 [47416928612288] INFO perfrun.perfcollector <> - pmu added : family : uncore_imc , id : 1
48 [47416928612288] INFO perfrun.perfcollector <> - dir found : /sys/bus/event_source/devices/uncore_imc_2
48 [47416928612288] INFO perfrun.perfcollector <> - format: inv config:23 mask:23
48 [47416928612288] INFO perfrun.perfcollector <> - format: edge config:18 mask:18
48 [47416928612288] INFO perfrun.perfcollector <> - format: event config:0-7 mask:0-7
49 [47416928612288] INFO perfrun.perfcollector <> - format: umask config:8-15 mask:8-15
49 [47416928612288] INFO perfrun.perfcollector <> - format: thresh config:24-31 mask:24-31
49 [47416928612288] INFO perfrun.perfcollector <> - hwInfo : PERF_IMC_PMU_DETAILS
49 [47416928612288] INFO perfrun.perfcollector <> - pmu added : family : uncore_imc , id : 2
49 [47416928612288] INFO perfrun.perfcollector <> - dir found : /sys/bus/event_source/devices/uncore_imc_3
49 [47416928612288] INFO perfrun.perfcollector <> - format: inv config:23 mask:23
49 [47416928612288] INFO perfrun.perfcollector <> - format: edge config:18 mask:18
49 [47416928612288] INFO perfrun.perfcollector <> - format: event config:0-7 mask:0-7
49 [47416928612288] INFO perfrun.perfcollector <> - format: umask config:8-15 mask:8-15
49 [47416928612288] INFO perfrun.perfcollector <> - format: thresh config:24-31 mask:24-31
49 [47416928612288] INFO perfrun.perfcollector <> - hwInfo : PERF_IMC_PMU_DETAILS
49 [47416928612288] INFO perfrun.perfcollector <> - pmu added : family : uncore_imc , id : 3
49 [47416928612288] INFO perfrun.perfcollector <> - dir found : /sys/bus/event_source/devices/uncore_qpi_0
49 [47416928612288] INFO perfrun.perfcollector <> - format: inv config:23 mask:23
49 [47416928612288] INFO perfrun.perfcollector <> - format: edge config:18 mask:18
49 [47416928612288] INFO perfrun.perfcollector <> - format: match_rnid4 config1:31 mask:31
49 [47416928612288] INFO perfrun.perfcollector <> - format: event config:0-7,21 mask:0-7,21
49 [47416928612288] INFO perfrun.perfcollector <> - format: mask0 config2:0-31 mask:0-31
49 [47416928612288] INFO perfrun.perfcollector <> - format: mask1 config2:32-63 mask:32-63
50 [47416928612288] INFO perfrun.perfcollector <> - format: umask config:8-15 mask:8-15
50 [47416928612288] INFO perfrun.perfcollector <> - format: mask_rnid30 config2:32-35 mask:32-35
50 [47416928612288] INFO perfrun.perfcollector <> - format: match_rnid30 config1:32-35 mask:32-35
50 [47416928612288] INFO perfrun.perfcollector <> - format: match_dnid config1:13-17 mask:13-17
50 [47416928612288] INFO perfrun.perfcollector <> - format: mask_mc config2:9-12 mask:9-12
50 [47416928612288] INFO perfrun.perfcollector <> - format: mask_dnid config2:13-17 mask:13-17
50 [47416928612288] INFO perfrun.perfcollector <> - format: match_opc config1:5-8 mask:5-8
50 [47416928612288] INFO perfrun.perfcollector <> - format: match_rds config1:48-51 mask:48-51
50 [47416928612288] INFO perfrun.perfcollector <> - format: match_vnw config1:3-4 mask:3-4
50 [47416928612288] INFO perfrun.perfcollector <> - format: mask_opc config2:5-8 mask:5-8
50 [47416928612288] INFO perfrun.perfcollector <> - format: mask_rds config2:48-51 mask:48-51
50 [47416928612288] INFO perfrun.perfcollector <> - format: mask_vnw config2:3-4 mask:3-4
50 [47416928612288] INFO perfrun.perfcollector <> - format: match_mc config1:9-12 mask:9-12
50 [47416928612288] INFO perfrun.perfcollector <> - format: match0 config1:0-31 mask:0-31
50 [47416928612288] INFO perfrun.perfcollector <> - format: match1 config1:32-63 mask:32-63
50 [47416928612288] INFO perfrun.perfcollector <> - format: mask_rnid4 config2:31 mask:31
50 [47416928612288] INFO perfrun.perfcollector <> - format: thresh config:24-31 mask:24-31
50 [47416928612288] INFO perfrun.perfcollector <> - hwInfo : PERF_QPI_PMU_DETAILS
50 [47416928612288] INFO perfrun.perfcollector <> - pmu added : family : uncore_qpi , id : 0
51 [47416928612288] INFO perfrun.perfcollector <> - dir found : /sys/bus/event_source/devices/uncore_qpi_1
51 [47416928612288] INFO perfrun.perfcollector <> - format: inv config:23 mask:23
51 [47416928612288] INFO perfrun.perfcollector <> - format: edge config:18 mask:18
51 [47416928612288] INFO perfrun.perfcollector <> - format: match_rnid4 config1:31 mask:31
51 [47416928612288] INFO perfrun.perfcollector <> - format: event config:0-7,21 mask:0-7,21
51 [47416928612288] INFO perfrun.perfcollector <> - format: mask0 config2:0-31 mask:0-31
51 [47416928612288] INFO perfrun.perfcollector <> - format: mask1 config2:32-63 mask:32-63
51 [47416928612288] INFO perfrun.perfcollector <> - format: umask config:8-15 mask:8-15
51 [47416928612288] INFO perfrun.perfcollector <> - format: mask_rnid30 config2:32-35 mask:32-35
51 [47416928612288] INFO perfrun.perfcollector <> - format: match_rnid30 config1:32-35 mask:32-35
51 [47416928612288] INFO perfrun.perfcollector <> - format: match_dnid config1:13-17 mask:13-17
51 [47416928612288] INFO perfrun.perfcollector <> - format: mask_mc config2:9-12 mask:9-12
51 [47416928612288] INFO perfrun.perfcollector <> - format: mask_dnid config2:13-17 mask:13-17
51 [47416928612288] INFO perfrun.perfcollector <> - format: match_opc config1:5-8 mask:5-8
51 [47416928612288] INFO perfrun.perfcollector <> - format: match_rds config1:48-51 mask:48-51
51 [47416928612288] INFO perfrun.perfcollector <> - format: match_vnw config1:3-4 mask:3-4
51 [47416928612288] INFO perfrun.perfcollector <> - format: mask_opc config2:5-8 mask:5-8
51 [47416928612288] INFO perfrun.perfcollector <> - format: mask_rds config2:48-51 mask:48-51
52 [47416928612288] INFO perfrun.perfcollector <> - format: mask_vnw config2:3-4 mask:3-4
52 [47416928612288] INFO perfrun.perfcollector <> - format: match_mc config1:9-12 mask:9-12
52 [47416928612288] INFO perfrun.perfcollector <> - format: match0 config1:0-31 mask:0-31
52 [47416928612288] INFO perfrun.perfcollector <> - format: match1 config1:32-63 mask:32-63
52 [47416928612288] INFO perfrun.perfcollector <> - format: mask_rnid4 config2:31 mask:31
52 [47416928612288] INFO perfrun.perfcollector <> - format: thresh config:24-31 mask:24-31
52 [47416928612288] INFO perfrun.perfcollector <> - hwInfo : PERF_QPI_PMU_DETAILS
52 [47416928612288] INFO perfrun.perfcollector <> - pmu added : family : uncore_qpi , id : 1
52 [47416928612288] INFO perfrun.perfcollector <> - dir found : /sys/bus/event_source/devices/uncore_cbox_0
52 [47416928612288] INFO perfrun.perfcollector <> - format: inv config:23 mask:23
52 [47416928612288] INFO perfrun.perfcollector <> - format: edge config:18 mask:18
52 [47416928612288] INFO perfrun.perfcollector <> - format: event config:0-7 mask:0-7
52 [47416928612288] INFO perfrun.perfcollector <> - format: umask config:8-15 mask:8-15
52 [47416928612288] INFO perfrun.perfcollector <> - format: filter_nid config1:10-17 mask:10-17
52 [47416928612288] INFO perfrun.perfcollector <> - format: filter_opc config1:23-31 mask:23-31
52 [47416928612288] INFO perfrun.perfcollector <> - format: filter_tid config1:0-4 mask:0-4
52 [47416928612288] INFO perfrun.perfcollector <> - format: tid_en config:19 mask:19
52 [47416928612288] INFO perfrun.perfcollector <> - format: thresh config:24-31 mask:24-31
53 [47416928612288] INFO perfrun.perfcollector <> - format: filter_state config1:18-22 mask:18-22
53 [47416928612288] WARN perfrun.perfcollector <> - pmu hwInfo is not set, at file: vcs/perfrun1/plugins/perfcollector/src/controller.cpp:666
53 [47416928612288] INFO perfrun.perfcollector <> - pmu added : family : uncore_cbox , id : 0
53 [47416928612288] INFO perfrun.perfcollector <> - dir found : /sys/bus/event_source/devices/uncore_cbox_1
53 [47416928612288] INFO perfrun.perfcollector <> - format: inv config:23 mask:23
53 [47416928612288] INFO perfrun.perfcollector <> - format: edge config:18 mask:18
53 [47416928612288] INFO perfrun.perfcollector <> - format: event config:0-7 mask:0-7
53 [47416928612288] INFO perfrun.perfcollector <> - format: umask config:8-15 mask:8-15
53 [47416928612288] INFO perfrun.perfcollector <> - format: filter_nid config1:10-17 mask:10-17
53 [47416928612288] INFO perfrun.perfcollector <> - format: filter_opc config1:23-31 mask:23-31
53 [47416928612288] INFO perfrun.perfcollector <> - format: filter_tid config1:0-4 mask:0-4
53 [47416928612288] INFO perfrun.perfcollector <> - format: tid_en config:19 mask:19
53 [47416928612288] INFO perfrun.perfcollector <> - format: thresh config:24-31 mask:24-31
53 [47416928612288] INFO perfrun.perfcollector <> - format: filter_state config1:18-22 mask:18-22
53 [47416928612288] WARN perfrun.perfcollector <> - pmu hwInfo is not set, at file: vcs/perfrun1/plugins/perfcollector/src/controller.cpp:666
53 [47416928612288] INFO perfrun.perfcollector <> - pmu added : family : uncore_cbox , id : 1
53 [47416928612288] INFO perfrun.perfcollector <> - dir found : /sys/bus/event_source/devices/uncore_cbox_2
53 [47416928612288] INFO perfrun.perfcollector <> - format: inv config:23 mask:23
53 [47416928612288] INFO perfrun.perfcollector <> - format: edge config:18 mask:18
54 [47416928612288] INFO perfrun.perfcollector <> - format: event config:0-7 mask:0-7
54 [47416928612288] INFO perfrun.perfcollector <> - format: umask config:8-15 mask:8-15
54 [47416928612288] INFO perfrun.perfcollector <> - format: filter_nid config1:10-17 mask:10-17
54 [47416928612288] INFO perfrun.perfcollector <> - format: filter_opc config1:23-31 mask:23-31
54 [47416928612288] INFO perfrun.perfcollector <> - format: filter_tid config1:0-4 mask:0-4
54 [47416928612288] INFO perfrun.perfcollector <> - format: tid_en config:19 mask:19
54 [47416928612288] INFO perfrun.perfcollector <> - format: thresh config:24-31 mask:24-31
54 [47416928612288] INFO perfrun.perfcollector <> - format: filter_state config1:18-22 mask:18-22
54 [47416928612288] WARN perfrun.perfcollector <> - pmu hwInfo is not set, at file: vcs/perfrun1/plugins/perfcollector/src/controller.cpp:666
54 [47416928612288] INFO perfrun.perfcollector <> - pmu added : family : uncore_cbox , id : 2
54 [47416928612288] INFO perfrun.perfcollector <> - dir found : /sys/bus/event_source/devices/uncore_cbox_3
54 [47416928612288] INFO perfrun.perfcollector <> - format: inv config:23 mask:23
54 [47416928612288] INFO perfrun.perfcollector <> - format: edge config:18 mask:18
54 [47416928612288] INFO perfrun.perfcollector <> - format: event config:0-7 mask:0-7
54 [47416928612288] INFO perfrun.perfcollector <> - format: umask config:8-15 mask:8-15
54 [47416928612288] INFO perfrun.perfcollector <> - format: filter_nid config1:10-17 mask:10-17
54 [47416928612288] INFO perfrun.perfcollector <> - format: filter_opc config1:23-31 mask:23-31
54 [47416928612288] INFO perfrun.perfcollector <> - format: filter_tid config1:0-4 mask:0-4
54 [47416928612288] INFO perfrun.perfcollector <> - format: tid_en config:19 mask:19
55 [47416928612288] INFO perfrun.perfcollector <> - format: thresh config:24-31 mask:24-31
55 [47416928612288] INFO perfrun.perfcollector <> - format: filter_state config1:18-22 mask:18-22
55 [47416928612288] WARN perfrun.perfcollector <> - pmu hwInfo is not set, at file: vcs/perfrun1/plugins/perfcollector/src/controller.cpp:666
55 [47416928612288] INFO perfrun.perfcollector <> - pmu added : family : uncore_cbox , id : 3
55 [47416928612288] INFO perfrun.perfcollector <> - dir found : /sys/bus/event_source/devices/uncore_cbox_4
55 [47416928612288] INFO perfrun.perfcollector <> - format: inv config:23 mask:23
55 [47416928612288] INFO perfrun.perfcollector <> - format: edge config:18 mask:18
55 [47416928612288] INFO perfrun.perfcollector <> - format: event config:0-7 mask:0-7
55 [47416928612288] INFO perfrun.perfcollector <> - format: umask config:8-15 mask:8-15
55 [47416928612288] INFO perfrun.perfcollector <> - format: filter_nid config1:10-17 mask:10-17
55 [47416928612288] INFO perfrun.perfcollector <> - format: filter_opc config1:23-31 mask:23-31
55 [47416928612288] INFO perfrun.perfcollector <> - format: filter_tid config1:0-4 mask:0-4
55 [47416928612288] INFO perfrun.perfcollector <> - format: tid_en config:19 mask:19
55 [47416928612288] INFO perfrun.perfcollector <> - format: thresh config:24-31 mask:24-31
55 [47416928612288] INFO perfrun.perfcollector <> - format: filter_state config1:18-22 mask:18-22
55 [47416928612288] WARN perfrun.perfcollector <> - pmu hwInfo is not set, at file: vcs/perfrun1/plugins/perfcollector/src/controller.cpp:666
55 [47416928612288] INFO perfrun.perfcollector <> - pmu added : family : uncore_cbox , id : 4
55 [47416928612288] INFO perfrun.perfcollector <> - dir found : /sys/bus/event_source/devices/uncore_cbox_5
55 [47416928612288] INFO perfrun.perfcollector <> - format: inv config:23 mask:23
56 [47416928612288] INFO perfrun.perfcollector <> - format: edge config:18 mask:18
56 [47416928612288] INFO perfrun.perfcollector <> - format: event config:0-7 mask:0-7
56 [47416928612288] INFO perfrun.perfcollector <> - format: umask config:8-15 mask:8-15
56 [47416928612288] INFO perfrun.perfcollector <> - format: filter_nid config1:10-17 mask:10-17
56 [47416928612288] INFO perfrun.perfcollector <> - format: filter_opc config1:23-31 mask:23-31
56 [47416928612288] INFO perfrun.perfcollector <> - format: filter_tid config1:0-4 mask:0-4
56 [47416928612288] INFO perfrun.perfcollector <> - format: tid_en config:19 mask:19
56 [47416928612288] INFO perfrun.perfcollector <> - format: thresh config:24-31 mask:24-31
56 [47416928612288] INFO perfrun.perfcollector <> - format: filter_state config1:18-22 mask:18-22
56 [47416928612288] WARN perfrun.perfcollector <> - pmu hwInfo is not set, at file: vcs/perfrun1/plugins/perfcollector/src/controller.cpp:666
56 [47416928612288] INFO perfrun.perfcollector <> - pmu added : family : uncore_cbox , id : 5
56 [47416928612288] INFO perfrun.perfcollector <> - dir found : /sys/bus/event_source/devices/uncore_cbox_6
56 [47416928612288] INFO perfrun.perfcollector <> - format: inv config:23 mask:23
56 [47416928612288] INFO perfrun.perfcollector <> - format: edge config:18 mask:18
56 [47416928612288] INFO perfrun.perfcollector <> - format: event config:0-7 mask:0-7
56 [47416928612288] INFO perfrun.perfcollector <> - format: umask config:8-15 mask:8-15
56 [47416928612288] INFO perfrun.perfcollector <> - format: filter_nid config1:10-17 mask:10-17
56 [47416928612288] INFO perfrun.perfcollector <> - format: filter_opc config1:23-31 mask:23-31
57 [47416928612288] INFO perfrun.perfcollector <> - format: filter_tid config1:0-4 mask:0-4
57 [47416928612288] INFO perfrun.perfcollector <> - format: tid_en config:19 mask:19
57 [47416928612288] INFO perfrun.perfcollector <> - format: thresh config:24-31 mask:24-31
57 [47416928612288] INFO perfrun.perfcollector <> - format: filter_state config1:18-22 mask:18-22
57 [47416928612288] WARN perfrun.perfcollector <> - pmu hwInfo is not set, at file: vcs/perfrun1/plugins/perfcollector/src/controller.cpp:666
57 [47416928612288] INFO perfrun.perfcollector <> - pmu added : family : uncore_cbox , id : 6
57 [47416928612288] INFO perfrun.perfcollector <> - dir found : /sys/bus/event_source/devices/uncore_cbox_7
57 [47416928612288] INFO perfrun.perfcollector <> - format: inv config:23 mask:23
57 [47416928612288] INFO perfrun.perfcollector <> - format: edge config:18 mask:18
57 [47416928612288] INFO perfrun.perfcollector <> - format: event config:0-7 mask:0-7
57 [47416928612288] INFO perfrun.perfcollector <> - format: umask config:8-15 mask:8-15
57 [47416928612288] INFO perfrun.perfcollector <> - format: filter_nid config1:10-17 mask:10-17
57 [47416928612288] INFO perfrun.perfcollector <> - format: filter_opc config1:23-31 mask:23-31
57 [47416928612288] INFO perfrun.perfcollector <> - format: filter_tid config1:0-4 mask:0-4
57 [47416928612288] INFO perfrun.perfcollector <> - format: tid_en config:19 mask:19
57 [47416928612288] INFO perfrun.perfcollector <> - format: thresh config:24-31 mask:24-31
57 [47416928612288] INFO perfrun.perfcollector <> - format: filter_state config1:18-22 mask:18-22
57 [47416928612288] WARN perfrun.perfcollector <> - pmu hwInfo is not set, at file: vcs/perfrun1/plugins/perfcollector/src/controller.cpp:666
57 [47416928612288] INFO perfrun.perfcollector <> - pmu added : family : uncore_cbox , id : 7
57 [47416928612288] INFO perfrun.perfcollector <> - dir found : /sys/bus/event_source/devices/uncore_ha
58 [47416928612288] INFO perfrun.perfcollector <> - format: inv config:23 mask:23
58 [47416928612288] INFO perfrun.perfcollector <> - format: edge config:18 mask:18
58 [47416928612288] INFO perfrun.perfcollector <> - format: event config:0-7 mask:0-7
58 [47416928612288] INFO perfrun.perfcollector <> - format: umask config:8-15 mask:8-15
58 [47416928612288] INFO perfrun.perfcollector <> - format: thresh config:24-31 mask:24-31
58 [47416928612288] WARN perfrun.perfcollector <> - pmu hwInfo is not set, at file: vcs/perfrun1/plugins/perfcollector/src/controller.cpp:666
58 [47416928612288] INFO perfrun.perfcollector <> - pmu added : family : uncore_ha , id : 0
58 [47416928612288] INFO perfrun.perfcollector <> - dir found : /sys/bus/event_source/devices/uncore_r2pcie
58 [47416928612288] INFO perfrun.perfcollector <> - format: inv config:23 mask:23
58 [47416928612288] INFO perfrun.perfcollector <> - format: edge config:18 mask:18
58 [47416928612288] INFO perfrun.perfcollector <> - format: event config:0-7 mask:0-7
58 [47416928612288] INFO perfrun.perfcollector <> - format: umask config:8-15 mask:8-15
58 [47416928612288] INFO perfrun.perfcollector <> - format: thresh config:24-31 mask:24-31
58 [47416928612288] WARN perfrun.perfcollector <> - pmu hwInfo is not set, at file: vcs/perfrun1/plugins/perfcollector/src/controller.cpp:666
58 [47416928612288] INFO perfrun.perfcollector <> - pmu added : family : uncore_r2pcie , id : 0
58 [47416928612288] INFO perfrun.perfcollector <> - dir found : /sys/bus/event_source/devices/uncore_r3qpi_0
58 [47416928612288] INFO perfrun.perfcollector <> - format: inv config:23 mask:23
58 [47416928612288] INFO perfrun.perfcollector <> - format: edge config:18 mask:18
58 [47416928612288] INFO perfrun.perfcollector <> - format: event config:0-7 mask:0-7
59 [47416928612288] INFO perfrun.perfcollector <> - format: umask config:8-15 mask:8-15
59 [47416928612288] INFO perfrun.perfcollector <> - format: thresh config:24-31 mask:24-31
59 [47416928612288] WARN perfrun.perfcollector <> - pmu hwInfo is not set, at file: vcs/perfrun1/plugins/perfcollector/src/controller.cpp:666
59 [47416928612288] INFO perfrun.perfcollector <> - pmu added : family : uncore_r3qpi , id : 0
59 [47416928612288] INFO perfrun.perfcollector <> - dir found : /sys/bus/event_source/devices/uncore_r3qpi_1
59 [47416928612288] INFO perfrun.perfcollector <> - format: inv config:23 mask:23
59 [47416928612288] INFO perfrun.perfcollector <> - format: edge config:18 mask:18
59 [47416928612288] INFO perfrun.perfcollector <> - format: event config:0-7 mask:0-7
59 [47416928612288] INFO perfrun.perfcollector <> - format: umask config:8-15 mask:8-15
59 [47416928612288] INFO perfrun.perfcollector <> - format: thresh config:24-31 mask:24-31
59 [47416928612288] WARN perfrun.perfcollector <> - pmu hwInfo is not set, at file: vcs/perfrun1/plugins/perfcollector/src/controller.cpp:666
59 [47416928612288] INFO perfrun.perfcollector <> - pmu added : family : uncore_r3qpi , id : 1
59 [47416928612288] INFO perfrun.perfcollector <> - dir found : /sys/bus/event_source/devices/intel_bts
59 [47416928612288] WARN perfrun.perfcollector <> - format subdir doesn't exist, at file: vcs/perfrun1/plugins/perfcollector/src/controller.cpp:597
59 [47416928612288] WARN perfrun.perfcollector <> - pmu hwInfo is not set, at file: vcs/perfrun1/plugins/perfcollector/src/controller.cpp:666
59 [47416928612288] INFO perfrun.perfcollector <> - pmu added : family : intel_bts , id : 0
59 [47416928612288] INFO perfrun.perfcollector <> - dir found : /sys/bus/event_source/devices/breakpoint
59 [47416928612288] WARN perfrun.perfcollector <> - format subdir doesn't exist, at file: vcs/perfrun1/plugins/perfcollector/src/controller.cpp:597
59 [47416928612288] WARN perfrun.perfcollector <> - pmu hwInfo is not set, at file: vcs/perfrun1/plugins/perfcollector/src/controller.cpp:666
59 [47416928612288] INFO perfrun.perfcollector <> - pmu added : family : breakpoint , id : 0
59 [47416928612288] INFO perfrun.perfcollector <> - dir found : /sys/bus/event_source/devices/uncore_ubox
59 [47416928612288] INFO perfrun.perfcollector <> - format: inv config:23 mask:23
59 [47416928612288] INFO perfrun.perfcollector <> - format: edge config:18 mask:18
60 [47416928612288] INFO perfrun.perfcollector <> - format: event config:0-7 mask:0-7
60 [47416928612288] INFO perfrun.perfcollector <> - format: umask config:8-15 mask:8-15
60 [47416928612288] INFO perfrun.perfcollector <> - format: thresh config:24-28 mask:24-28
60 [47416928612288] WARN perfrun.perfcollector <> - pmu hwInfo is not set, at file: vcs/perfrun1/plugins/perfcollector/src/controller.cpp:666
60 [47416928612288] INFO perfrun.perfcollector <> - pmu added : family : uncore_ubox , id : 0
60 [47416928612288] TRACE perfrun.perfcollector <> - EXIT:  runtool::perfcollector::Controller::Controller()
60 [47416928612288] INFO perfrun.launcher <> - plugin perf has been added successfully
60 [47416928612288] TRACE perfrun.tpss <> - ENTER: static runtool::sdk::IController *runtool::tpss::IController::create()
60 [47416928612288] TRACE perfrun.tpss <> - ENTER: create tpss controller
60 [47416928612288] TRACE perfrun.tpss <> - EXIT:  create tpss controller
60 [47416928612288] TRACE perfrun.tpss <> - EXIT:  static runtool::sdk::IController *runtool::tpss::IController::create()
60 [47416928612288] INFO perfrun.launcher <> - plugin tpss has been added successfully
60 [47416928612288] DEBUG perfrun.cuscol <> - cuscol controller object has been created
60 [47416928612288] INFO perfrun.launcher <> - plugin cuscol has been added successfully
60 [47416928612288] DEBUG perfrun.exprof <> - exprof controller object has been created
60 [47416928612288] DEBUG perfrun.exprof <> - exprof controller filling command line options
60 [47416928612288] INFO perfrun.launcher <> - plugin exprof has been added successfully
60 [47416928612288] DEBUG perfrun.dpdk <> - dpdk controller object has been created
60 [47416928612288] INFO perfrun.launcher <> - plugin dpdk has been added successfully
60 [47416928612288] TRACE perfrun.media <> - ENTER: static runtool::media::IController *runtool::media::IController::create()
60 [47416928612288] TRACE perfrun.media <> - ENTER: runtool::media::Controller::Controller()
60 [47416928612288] TRACE perfrun.media <> - EXIT:  runtool::media::Controller::Controller()
60 [47416928612288] TRACE perfrun.media <> - EXIT:  static runtool::media::IController *runtool::media::IController::create()
60 [47416928612288] INFO perfrun.launcher <> - plugin media has been added successfully
60 [47416928612288] DEBUG perfrun.commcollector <> - comm controller object has been created
60 [47416928612288] INFO perfrun.launcher <> - plugin commcollector has been added successfully
60 [47416928612288] DEBUG perfrun.cvecollector <> - CVE controller object has been created
60 [47416928612288] INFO perfrun.launcher <> - plugin cve has been added successfully
61 [47416928612288] INFO perfrun.launcher <> - the option was added --interval: Specify an interval of data collection (for example, sampling) in milliseconds.
61 [47416928612288] INFO perfrun.launcher <> - the option was added --follow-child: Profile process with or without children.
61 [47416928612288] INFO perfrun.launcher <> - the option was added --gelding: BADMSG: perfrun1.launcher.plugin_manager::gelding
61 [47416928612288] INFO perfrun.launcher <> - the option was added --time-source: Specify time source for measurement. Possible values: sys - wall clock time; tsc - time stamp counter; ext - time from an external source; auto - auto select accurate time source.
61 [47416928612288] INFO perfrun.launcher <> - the option was added --stack: Enable or disable collection of stacks.
61 [47416928612288] INFO perfrun.launcher <> - the option was added --stack-stitching: Enable or disable the stack stitching algorithm for Intel TBB-based applications.
61 [47416928612288] INFO perfrun.launcher <> - the option was added --type: Specify type of data to be collected. For example, --type cpu:counters,waiting:nostack,io.
62 [47416928612288] INFO perfrun.launcher <> - the option was added --mrte-mode: Specify Java/.NET/other managed runtime collection mode. Possible values: native - collect information only for native code; managed - collect information only for managed code; mixed - collect information for both managed and native code; auto - choose the mode based on binary type.
62 [47416928612288] INFO perfrun.launcher <> - the option was added --mrte-mode-list: List supported Java/.NET/other managed runtime collection modes.
62 [47416928612288] INFO perfrun.launcher <> - the option was added --mrte-type: Specify which managed runtimes to collect. Possible values: java - collect information for Java; dotnet - collect information for .NET; python - collect information for CPython. You can specify several values separated by comma.
62 [47416928612288] INFO perfrun.launcher <> - the option was added --mrte-type-list: List supported Java/.NET/other managed runtime types.
62 [47416928612288] INFO perfrun.launcher <> - the option was added --trace-strategy: Specify how to profile a process tree. <string> can be "<process>:trace:notrace" - profile the process but do not profile its children. Shorthand parameters: t - trace, nt - notrace. For example, "vtunedemo.exe:t:t".
62 [47416928612288] INFO perfrun.launcher <> - the option was added --collector: BADMSG: perfrun1.launcher.plugin_manager::collector
62 [47416928612288] INFO perfrun.launcher <> - the option was added --system-wide: Enable system-wide profiling. This mode may require additional permissions.
62 [47416928612288] INFO perfrun.launcher <> - the option was added --kvm-guest: Enable KVM guest OS profiling.
62 [47416928612288] INFO perfrun.launcher <> - the option was added --kvm-guest-kallsyms: Specify a local path to the /proc/kallsyms file copied from the guest OS for proper symbol resolution.
62 [47416928612288] INFO perfrun.launcher <> - the option was added --kvm-guest-modules: Specify a local path to the /proc/modules file copied from the guest OS for proper symbol resolution.
62 [47416928612288] INFO perfrun.launcher <> - the option was added --dump-vdso: Dump [vdso] to result directory
62 [47416928612288] INFO perfrun.launcher <> - the option was added --bandwidth-limits: Measure bandwidth limits
62 [47416928612288] INFO perfrun.launcher <> - the option was added --bandwidth-strategy: Bandwidth limits determination specific properties (example: --bandwidth-strategy array-size=0,duration=500).
62 [47416928612288] INFO perfrun.launcher <> - the option was added --bandwidth-config: List of benchmarks to run.
62 [47416928612288] INFO perfrun.launcher <> - the option was added --system-collector-config: Specify subcollectors. Possible values: all, vdso, container, device-info, none.
62 [47416928612288] INFO perfrun.launcher <> - the option was added --itt-config: Specify a sub-set of ITT API to collect.
62 [47416928612288] INFO perfrun.launcher <> - the option was added --itt-debug: Set pseudo-breakpoint at ITT API collector's start to enable the debugger to attach early.
62 [47416928612288] INFO perfrun.launcher <> - the option was added --itt-ring-buffer-multiplier: The size of internal ITT API collector ring buffer, in bytes per second
62 [47416928612288] INFO perfrun.launcher <> - the option was added --ptrace: Ptrace collector.
62 [47416928612288] INFO perfrun.launcher <> - the option was added --target-pid: BADMSG: perfrun1.ptracecollector::target-pid
63 [47416928612288] INFO perfrun.launcher <> - the option was added --ptrace-server-pid: BADMSG: perfrun1.ptracecollector::ptrace-server-pid
63 [47416928612288] INFO perfrun.launcher <> - the option was added --ptrace-trace: BADMSG: perfrun1.ptracecollector::ptrace-trace
63 [47416928612288] INFO perfrun.launcher <> - the option was added --ptrace-time-source: BADMSG: perfrun1.ptracecollector::ptrace-time-source
63 [47416928612288] INFO perfrun.launcher <> - the option was added --ptrace-start-type: BADMSG: perfrun1.ptracecollector::ptrace-start-type
63 [47416928612288] INFO perfrun.launcher <> - the option was added --gpu-config: Specify types of GPU data to be collected. Possible values: preset1, preset2.
63 [47416928612288] INFO perfrun.launcher <> - the option was added --gpu-debug: Enable self-testing of the GPGPU profiling collector.
63 [47416928612288] INFO perfrun.launcher <> - the option was added --stdsrc-config: Specify Standard Sources category tag(s).
63 [47416928612288] INFO perfrun.launcher <> - the option was added --ftrace-config-list: List Linux Ftrace category tag(s).
63 [47416928612288] INFO perfrun.launcher <> - the option was added --ftrace-config: Specify Linux Ftrace category tag(s).
63 [47416928612288] INFO perfrun.launcher <> - the option was added --ftrace-function-groups: Enable tracing of specific groups of functions.
63 [47416928612288] INFO perfrun.launcher <> - the option was added --event-info: BADMSG: perfrun1.stdsrc::event-info
63 [47416928612288] INFO perfrun.launcher <> - the option was added --cpu-list: List supported CPUs.
63 [47416928612288] INFO perfrun.launcher <> - the option was added --target-list: List available targets for performing sampling collection.
63 [47416928612288] INFO perfrun.launcher <> - the option was added --event-value-list: Display event information.
63 [47416928612288] INFO perfrun.launcher <> - the option was added --platform-value-list: Display details of supported platforms.
63 [47416928612288] INFO perfrun.launcher <> - the option was added --uncore-event-list: List uncore events for which a sampling data collection can be performed on this platform.
63 [47416928612288] INFO perfrun.launcher <> - the option was added --modifier-list: Specify the event name <string> for which the modifiers list is requested.
63 [47416928612288] INFO perfrun.launcher <> - the option was added --pmu-list: List supported PMUs.
63 [47416928612288] INFO perfrun.launcher <> - the option was added --os-mode-only: Enable sampling data collection for OS-mode processes only.
63 [47416928612288] INFO perfrun.launcher <> - the option was added --user-mode-only: Enable sampling data collection for user-mode processes only.
64 [47416928612288] INFO perfrun.launcher <> - the option was added --target: Specify target for the sampling data collection. All other command line options are applied to the value specified for this option.
64 [47416928612288] INFO perfrun.launcher <> - the option was added --event-config: Perform data collection for the events with <string> configured using the format <event name1>":modifier1=val:modifier2=val/constraint1={:modifier3=val:modifier4=val}...,"<event name2>":... Specify the events(s) to monitor and embed the event names within double quotes("). [:modifier=val] specifies individual event modifiers along with the respective values for a given platform. Note that the modifiers can be generic to an event as well as specific to a constraint (or an event qualifier). The constraint specific special modifiers appear after [/constraint=]. The modifiers can be in decimal or hexadecimal format. Only specific modifiers accept the value as a string. Each event specification is delimited by a comma (,). For a list of supported modifiers and constraints, refer to the documentation.
64 [47416928612288] INFO perfrun.launcher <> - the option was added --chipset-event-config: BADMSG: perfrun1.sep::chipset-event-config
64 [47416928612288] INFO perfrun.launcher <> - the option was added --uncore-event-config: Perform uncore data collection in ebc count mode for the events with <string> configured using the format "<event name1>"...,"<event name2>":... Specify the events(s) to monitor and embed the event names within double quotes(").
64 [47416928612288] INFO perfrun.launcher <> - the option was added --count-emon: Enable counting mode and output the data in EMON format.
64 [47416928612288] INFO perfrun.launcher <> - the option was added --event-based-counts: Enable event-based counting mode. During sampling data collection, event counts data is collected for the list of events specified in -event-config option.
64 [47416928612288] INFO perfrun.launcher <> - the option was added --event-mux-tfactor: Specify the event multiplexing tfactor as <integer> to set the length of the interval between interrupts. The larger the tfactor value, the larger the period between interrupts. Currently this option is only available on Intel platforms codenamed Knights Corner.
64 [47416928612288] INFO perfrun.launcher <> - the option was added --full-pebs-capture: Capture full pebs information.
64 [47416928612288] INFO perfrun.launcher <> - the option was added --last-branch-records: Capture Last Branch Records information.
64 [47416928612288] INFO perfrun.launcher <> - the option was added --pmu-type: Specify the targeted PMU name as <string>.
64 [47416928612288] INFO perfrun.launcher <> - the option was added --platform-type: Specify the targeted platform number as <number>.
64 [47416928612288] INFO perfrun.launcher <> - the option was added --bts-count: Specify the <integer> number of BTS records collected after each sample or context switch (VTSS++ only).
64 [47416928612288] INFO perfrun.launcher <> - the option was added --cpu-mask: Specify which CPU(s) <string> to collect data on. For example, specify "2-8,10,12-14" to sample only CPUs 2 through 8, 10, and 12 through 14.
64 [47416928612288] INFO perfrun.launcher <> - the option was added --event-mux-alg: Specify the event multiplexing algorithm. Possible values: sequence, timer, trigger.
64 [47416928612288] INFO perfrun.launcher <> - the option was added --event-mux-timeslice: Specify the event multiplexing time slice value as <integer>. The time slice specifies the duration between cycles for each event multiplexing group. The default value is 50 milliseconds. This option is valid only for timer-based event multiplexing. Specify the event multiplexing time slice value as <integer>. The time slice specifies the duration between cycles for each event multiplexing group. The default value is 1 millisecond. This option is valid only for timer-based event multiplexing.
64 [47416928612288] INFO perfrun.launcher <> - the option was added --event-mux-factor: Specify the event multiplexing factor as <integer>. It controls the switching of event multiplexing groups. The default factor is 50. This option is valid only for trigger-based event multiplexing. Specify the event multiplexing factor as <integer>. It controls the switching of event multiplexing groups. The default factor is 1. This option is valid only for trigger-based event multiplexing.
64 [47416928612288] INFO perfrun.launcher <> - the option was added --event-mux-trigger: Specify the name of the trigger event for event multiplexing as <string>. This option is valid only for trigger-based event multiplexing. The default trigger is CPU_CLK_UNHALTED.CORE (or CPU_CLK_UNHALTED.THREAD). BADMSG: perfrun1.vtsspp::event-mux-trigger
64 [47416928612288] INFO perfrun.launcher <> - the option was added --pwr-config: BADMSG: perfrun1.vtsspp::pwr-config
64 [47416928612288] INFO perfrun.launcher <> - the option was added --sys-config: BADMSG: perfrun1.vtsspp::sys-config
64 [47416928612288] INFO perfrun.launcher <> - the option was added --pt-mode: BADMSG: perfrun1.vtsspp::pt-mode
65 [47416928612288] INFO perfrun.launcher <> - the option was added --sample-after-multiplier: Specify the sample after multiplier as <double>. This multiplier modifies the sample after value for all the events specified in -event-config option. The values can range from 0.1 to 100.0. SAV multiplier value
65 [47416928612288] INFO perfrun.launcher <> - the option was added --count: Enable counting mode. Enable counting mode
65 [47416928612288] INFO perfrun.launcher <> - the option was added --trace-mpi: Configure collector to trace MPI code.
65 [47416928612288] INFO perfrun.launcher <> - the option was added --raw-perf-config: Specify a verified configuration for the Perf collector in the format: <describer>,<content>. For example: map-events-file,<path_to_map_events_file>.
65 [47416928612288] INFO perfrun.launcher <> - the option was added --stackwalk: Specify stack unwinding method. Possible values: online - unwind stacks during collection; offline - unwind stacks after collection is finished. Specify stack unwinding method. Possible value: lbr - unwind stacks during collection. Specify stack unwinding method. Possible values: online - unwind stacks during collection; offline - unwind stacks after collection is finished; lbr - enable LBR-based call stack collection. Specify stack unwinding method. Possible values: online - unwind stacks during collection; offline - unwind stacks after collection is finished. Specify stack unwinding method. Possible values: online - unwind stacks during collection; offline - unwind stacks after collection is finished.
65 [47416928612288] INFO perfrun.launcher <> - the option was added --filter-include: Filter data during collection. Possible values: contended=<on|off> - filter out uncontended events; contended_nostack=<time> - filter out stacks for contended events that take less than <time> microseconds; wait=<time> - ignore transitions and blocks with wait time less than <time> microseconds; wait_nostack=<time> - filter out stacks for waits that take less than <time> microseconds.
65 [47416928612288] INFO perfrun.launcher <> - the option was added --debug-pin: Debug PIN tool and runtime.
65 [47416928612288] INFO perfrun.launcher <> - the option was added --debug-exception: Disallow the application to set own abnormal termination handler.
65 [47416928612288] INFO perfrun.launcher <> - the option was added --trace-type: Specify the trace file granularity. Possible values: per-thread - per-thread trace file generation; per-process - per-process trace file generation.
65 [47416928612288] INFO perfrun.launcher <> - the option was added --instrumentation-type: Specify type of instrumentation.
65 [47416928612288] INFO perfrun.launcher <> - the option was added --altstack: Enable or disable usage of altstacks for profiling signal handlers.
65 [47416928612288] INFO perfrun.launcher <> - the option was added --profiling-signal: BADMSG: perfrun1.ptracecollector::profiling-signal Alternate profiling signal.
65 [47416928612288] INFO perfrun.launcher <> - the option was added --memory-strategy: Specify a minimal memory object size to be traced and a hash table size for faster objects search; for example: --memory-strategy obj-size-min=1024,hash-table-size=4096.
65 [47416928612288] INFO perfrun.launcher <> - the option was added --gpu-profiling-config: Specify a type of deep GPU profiling applied for all kernels and a comma-separated list of GPU kernel names and invocations in the following format: profiling_type[@kernel_name[:start_idx:step:stop_idx]], where profiling_type is one of following: none, bblatency, memlatency; kernel_name is the name of GPU kernel; start_idx is the number of the first invocation; and stop_idx is the number of the last invocation to be profiled.
65 [47416928612288] INFO perfrun.launcher <> - the option was added --custom-collector: Allows to provide arbitrary command line to be run on collection steps.
65 [47416928612288] INFO perfrun.launcher <> - the option was added --exprof-com-list: List available COM ports.
65 [47416928612288] INFO perfrun.launcher <> - the option was added --exprof-dvc-list: List available DvC IDs.
65 [47416928612288] INFO perfrun.launcher <> - the option was added --exprof-trace-channel: BADMSG: perfrun1.exprof::exprof-trace-channel
65 [47416928612288] INFO perfrun.launcher <> - the option was added --exprof-event-config: Specify ExactProfiling Event Classes.
66 [47416928612288] INFO perfrun.launcher <> - the option was added --analyze-dpdk: analyze-dpdk
66 [47416928612288] INFO perfrun.launcher <> - the option was added --network-sampling-interval: network-sampling-interval
66 [47416928612288] INFO perfrun.launcher <> - the option was added --dpdk-file-prefix: dpdk-file-prefix
66 [47416928612288] INFO perfrun.launcher <> - the option was added --target-system: BADMSG: perfrun1.launcher.plugin_manager::target-system
66 [47416928612288] TRACE perfrun.launcher <> - Update configuration: tmp directory = /tmp/amplxe-tmp-pvelesko
66 [47416928612288] TRACE perfrun.launcher <> - EXIT:  Initialize the launcher
67 [47416928612288] TRACE perfrun.launcher <> - ENTER: void runtool::CmdLineParser::parseOptionFile(const std::basic_string<char, std::char_traits<char>, std::allocator<char>> &)
68 [47416928612288] TRACE perfrun.launcher <> - EXIT:  void runtool::CmdLineParser::parseOptionFile(const std::basic_string<char, std::char_traits<char>, std::allocator<char>> &)
69 [47416928612288] INFO perfrun.launcher <> - create msngr2::ICliToolContext
69 [47416928612288] TRACE perfrun.launcher <> - ENTER: void runtool::CmdLineParser::validateParseResult() const
69 [47416928612288] TRACE perfrun.launcher <> - EXIT:  void runtool::CmdLineParser::validateParseResult() const
69 [47416928612288] TRACE perfrun.launcher <> - ENTER: void runtool::CmdLineParser::populate(runtool::IConfiguration *) const
69 [47416928612288] TRACE perfrun.launcher <> - Update configuration: action = start
69 [47416928612288] TRACE perfrun.launcher <> - Update configuration: collection type = launcher
69 [47416928612288] TRACE perfrun.launcher <> - Update configuration: compression level = 2
69 [47416928612288] TRACE perfrun.launcher <> - Update configuration: duration = 0 sec
69 [47416928612288] TRACE perfrun.launcher <> - Update configuration: data limit = 524288000 bytes
69 [47416928612288] TRACE perfrun.launcher <> - Update configuration: disc space limit = 0 bytes
69 [47416928612288] TRACE perfrun.launcher <> - Update configuration: return-app-exitcode = false
69 [47416928612288] TRACE perfrun.launcher <> - Update configuration: result directory = /gpfs/jlse-fs0/users/pvelesko/testing/python_openmp_vtune/r003hs
69 [47416928612288] TRACE perfrun.launcher <> - Update configuration: application = python
69 [47416928612288] TRACE perfrun.launcher <> - Update configuration: application argument = ./driver.py
69 [47416928612288] TRACE perfrun.launcher <> - [IN] option = interval; value = 10 !u32_t
69 [47416928612288] TRACE perfrun.launcher <> - [IN] option = follow-child; value = true !bool
69 [47416928612288] TRACE perfrun.launcher <> - [IN] option = gelding; value = false !bool
69 [47416928612288] TRACE perfrun.launcher <> - [IN] option = time-source; value = auto !ustring
69 [47416928612288] TRACE perfrun.launcher <> - [IN] option = stack; value = true !bool
69 [47416928612288] TRACE perfrun.launcher <> - [IN] option = stack-stitching; value = true !bool
69 [47416928612288] TRACE perfrun.launcher <> - [IN] option = type; value = cpu:counters:nostack !ustring
69 [47416928612288] TRACE perfrun.launcher <> - [IN] option = type; value = cpu:stack !ustring
69 [47416928612288] TRACE perfrun.launcher <> - [IN] option = mrte-mode; value = auto !ustring
69 [47416928612288] TRACE perfrun.launcher <> - [IN] option = mrte-type; value = java !ustring
69 [47416928612288] TRACE perfrun.launcher <> - [IN] option = mrte-type; value = python !ustring
69 [47416928612288] TRACE perfrun.launcher <> - [IN] option = collector; value = sep !ustring
69 [47416928612288] TRACE perfrun.launcher <> - [IN] option = system-wide; value = false !bool
69 [47416928612288] TRACE perfrun.launcher <> - [IN] option = kvm-guest; value = false !bool
69 [47416928612288] TRACE perfrun.launcher <> - [IN] option = bandwidth-limits; value = false !bool
69 [47416928612288] TRACE perfrun.launcher <> - [IN] option = system-collector-config; value = all !ustring
69 [47416928612288] TRACE perfrun.launcher <> - [IN] option = itt-config; value = frame !ustring
69 [47416928612288] TRACE perfrun.launcher <> - [IN] option = itt-ring-buffer-multiplier; value = 10485760 !s32_t
69 [47416928612288] TRACE perfrun.launcher <> - [IN] option = pmu-type; value = core !ustring
69 [47416928612288] TRACE perfrun.launcher <> - [IN] option = stackwalk; value = offline !ustring
69 [47416928612288] TRACE perfrun.launcher <> - [IN] option = trace-type; value = per-thread !ustring
69 [47416928612288] TRACE perfrun.launcher <> - [IN] option = instrumentation-type; value = pin !ustring
69 [47416928612288] TRACE perfrun.launcher <> - [IN] option = altstack; value = true !bool
69 [47416928612288] TRACE perfrun.launcher <> - [IN] option = gpu-profiling-config; value = none !ustring
69 [47416928612288] TRACE perfrun.launcher <> - EXIT:  void runtool::CmdLineParser::populate(runtool::IConfiguration *) const
69 [47417046624000] TRACE perfrun.tpss <> - ENTER: void runtool::tpss::Controller::setMessageChannel(runtool::sdk::IMessageChannel *)
69 [47417046624000] TRACE perfrun.tpss <> - EXIT:  void runtool::tpss::Controller::setMessageChannel(runtool::sdk::IMessageChannel *)
70 [47416928612288] INFO perfrun.launcher <> - create file finder object
70 [47417046624000] TRACE perfrun.itt <> - ENTER: void runtool::itt::Controller::setRequestHandler(runtool::sdk::IRequestHandler *)
70 [47417046624000] TRACE perfrun.itt <> - EXIT:  void runtool::itt::Controller::setRequestHandler(runtool::sdk::IRequestHandler *)
70 [47417046624000] TRACE perfrun.tpss <> - ENTER: void runtool::tpss::Controller::setRequestHandler(runtool::sdk::IRequestHandler *)
70 [47417046624000] TRACE perfrun.tpss <> - EXIT:  void runtool::tpss::Controller::setRequestHandler(runtool::sdk::IRequestHandler *)
70 [47416928612288] TRACE perfrun.launcher <> - Handle the user request: action = 0
70 [47416928612288] TRACE perfrun.launcher <> - ENTER: int runtool::Launcher::doStart()
70 [47416928612288] TRACE perfrun.launcher <> - ENTER: void runtool::Launcher::prepareLaunch()
70 [47416928612288] TRACE perfrun.launcher <> - ENTER: void runtool::Launcher::prepareResultDirectory()
70 [47416928612288] INFO perfrun.launcher <> - create a result directory: pattern = /gpfs/jlse-fs0/users/pvelesko/testing/python_openmp_vtune/r003hs pid = 4294967295
71 [47416928612288] TRACE perfrun.sdk <> - ENTER: bool runtool::sdk::DirectoryInfo::isLocal() const
71 [47416928612288] INFO perfrun.sdk <> - checked that the directory /gpfs/jlse-fs0/users/pvelesko/testing/python_openmp_vtune/r003hs is a local directory
72 [47416928612288] INFO perfrun.sdk <> - the directory /gpfs/jlse-fs0/users/pvelesko/testing/python_openmp_vtune/r003hs is located on a share or its FS ID is unknown 1196443219
72 [47416928612288] TRACE perfrun.sdk <> - EXIT:  bool runtool::sdk::DirectoryInfo::isLocal() const
72 [47416928612288] INFO perfrun.launcher <> - Create a local result directory /tmp/amplxe-tmp-pvelesko/amplxe-res-26054-4363425959699490 due to the user result path /gpfs/jlse-fs0/users/pvelesko/testing/python_openmp_vtune/r003hs is located on a share
72 [47416928612288] TRACE perfrun.launcher <> - Update configuration: result directory = /tmp/amplxe-tmp-pvelesko/amplxe-res-26054-4363425959699490
73 [47416928612288] INFO perfrun.launcher <> - create data directory = /tmp/amplxe-tmp-pvelesko/amplxe-res-26054-4363425959699490/data.0
74 [47416928612288] INFO perfrun.launcher <> - create data directory = /gpfs/jlse-fs0/users/pvelesko/testing/python_openmp_vtune/r003hs/data.0
74 [47416928612288] TRACE perfrun.launcher <> - Update configuration: data directory = /tmp/amplxe-tmp-pvelesko/amplxe-res-26054-4363425959699490/data.0
74 [47416928612288] TRACE perfrun.launcher <> - EXIT:  void runtool::Launcher::prepareResultDirectory()
76 [47416928612288] TRACE perfrun.launcher <> - IMessenger: send collection state with state = 11
76 [47417046624000] TRACE perfrun.launcher <> - Update configuration: follow child = 1
80 [47417046624000] TRACE perfrun.launcher <> - Update configuration: time source = 0
80 [47417046624000] TRACE perfrun.launcher <> - Update configuration: stack = 1
80 [47417046624000] TRACE perfrun.launcher <> - Update configuration: gelding = 0
80 [47417046624000] TRACE perfrun.launcher <> - Update configuration: stack stitching = 1
80 [47417046624000] TRACE perfrun.system <> - ENTER: int runtool::system::Controller::initialize(runtool::sdk::IConfiguration *)
80 [47417046624000] TRACE perfrun.system <> - ENTER: int runtool::system::TraceWriter::initialize(runtool::sdk::IConfiguration *, runtool::system::TraceWriter::Settings *)
80 [47417046624000] TRACE perfrun.sdk <> - 0xc510802
85 [47417046624000] TRACE perfrun.sdk <> - ENTER: runtool::sdk::TraceFile::TraceFile(tpss_tmu_creator *, unsigned int, const std::basic_string<char, std::char_traits<char>, std::allocator<char>> &, bool)
85 [47417046624000] INFO perfrun.sdk <> - Allocating TMU :/tmp/amplxe-tmp-pvelesko/amplxe-res-26054-4363425959699490/data.0/systemcollector-26054-jlselogin1.sc
85 [47417046624000] TRACE perfrun.sdk <> - EXIT:  runtool::sdk::TraceFile::TraceFile(tpss_tmu_creator *, unsigned int, const std::basic_string<char, std::char_traits<char>, std::allocator<char>> &, bool)
85 [47417046624000] TRACE perfrun.system <> - EXIT:  int runtool::system::TraceWriter::initialize(runtool::sdk::IConfiguration *, runtool::system::TraceWriter::Settings *)
85 [47417046624000] TRACE perfrun.system <> - ENTER: int runtool::system::ContainerMapping::initialize(runtool::sdk::IConfiguration *, runtool::system::TraceWriter *, const std::basic_string<char, std::char_traits<char>, std::allocator<char>> &, boost::intrusive_ptr<runtool::sdk::IMessageChannel>, boost::intrusive_ptr<runtool::sdk::IMessageCatalog>)
85 [47417046624000] TRACE perfrun.system <> - EXIT:  int runtool::system::ContainerMapping::initialize(runtool::sdk::IConfiguration *, runtool::system::TraceWriter *, const std::basic_string<char, std::char_traits<char>, std::allocator<char>> &, boost::intrusive_ptr<runtool::sdk::IMessageChannel>, boost::intrusive_ptr<runtool::sdk::IMessageCatalog>)
85 [47417046624000] TRACE perfrun.system <> - EXIT:  int runtool::system::Controller::initialize(runtool::sdk::IConfiguration *)
85 [47417046624000] TRACE perfrun.itt <> - ENTER: int runtool::itt::Controller::initialize(runtool::sdk::IConfiguration *)
85 [47417046624000] TRACE perfrun.itt <> - EXIT:  int runtool::itt::Controller::initialize(runtool::sdk::IConfiguration *)
85 [47417046624000] INFO perfrun.launcher <> - plugin [ptracecollector] was disabled because it doesn't support the given collection type.
85 [47417046624000] TRACE perfrun.gpu <> - ENTER: int runtool::gpu::Controller::initialize(runtool::sdk::IConfiguration *)
85 [47417046624000] TRACE perfrun.gpu <> - EXIT:  int runtool::gpu::Controller::initialize(runtool::sdk::IConfiguration *)
85 [47417046624000] INFO perfrun.launcher <> - plugin [gpu] was disabled because it doesn't support the given collection type.
85 [47417046624000] INFO perfrun.launcher <> - plugin [] was disabled because it doesn't support the given collection type.
85 [47417046624000] INFO perfrun.launcher <> - plugin [] was disabled because it doesn't support the given collection type.
85 [47417046624000] INFO perfrun.launcher <> - plugin [] was disabled because it doesn't support the given collection type.
85 [47417046624000] TRACE perfrun.mrte <> - ENTER: int runtool::mrte::Controller::initialize(runtool::sdk::IConfiguration *)
85 [47417046624000] TRACE perfrun.mrte <> - EXIT:  int runtool::mrte::Controller::initialize(runtool::sdk::IConfiguration *)
85 [47417046624000] INFO perfrun.launcher <> - plugin [mrte] was disabled because it doesn't support the given collection type.
85 [47417046624000] TRACE perfrun.emon <> - ENTER: int runtool::emon::Controller::initialize(runtool::sdk::IConfiguration *)
85 [47417046624000] TRACE perfrun.emon <> - EXIT:  int runtool::emon::Controller::initialize(runtool::sdk::IConfiguration *)
85 [47417046624000] INFO perfrun.launcher <> - plugin [emon] was disabled because it doesn't support the given collection type.
85 [47417046624000] TRACE perfrun.stdsrc <> - ENTER: int runtool::stdsrc::Controller::initialize(runtool::sdk::IConfiguration *)
85 [47417046624000] TRACE perfrun.stdsrc <> - No request to enable stdsrc events
85 [47417046624000] TRACE perfrun.stdsrc <> - EXIT:  int runtool::stdsrc::Controller::initialize(runtool::sdk::IConfiguration *)
85 [47417046624000] INFO perfrun.launcher <> - plugin [stdsrc] was disabled because it doesn't support the given collection type.
85 [47417046624000] TRACE perfrun.sep <> - ENTER: int runtool::sep::SdkController::initialize(runtool::sdk::IConfiguration *)
85 [47417046624000] DEBUG perfrun.sep <> - not supported parameter in stackwalk: offline
86 [47417046624000] DEBUG perfrun.sep <> - enable event multiplexing
86 [47417046624000] DEBUG perfrun.sep <> - collection isn't enabled
86 [47417046624000] TRACE perfrun.sep <> - EXIT:  int runtool::sep::SdkController::initialize(runtool::sdk::IConfiguration *)
86 [47417046624000] INFO perfrun.launcher <> - plugin [sep] was disabled because it doesn't support the given collection type.
86 [47417046624000] TRACE perfrun.vtsspp <> - ENTER: int runtool::vtsspp::Controller::initialize(runtool::sdk::IConfiguration *)
86 [47417046624000] DEBUG perfrun.vtsspp <> - VTSS++ driver is not available
86 [47417046624000] TRACE perfrun.vtsspp <> - EXIT:  int runtool::vtsspp::Controller::initialize(runtool::sdk::IConfiguration *)
86 [47417046624000] INFO perfrun.launcher <> - plugin [vtsspp] was disabled because it doesn't support the given collection type.
86 [47417046624000] TRACE perfrun.perfcollector <> - ENTER: int runtool::perfcollector::Controller::initialize(runtool::sdk::IConfiguration *)
86 [47417046624000] TRACE perfrun.perfcollector <> - EXIT:  int runtool::perfcollector::Controller::initialize(runtool::sdk::IConfiguration *)
86 [47417046624000] INFO perfrun.launcher <> - plugin [perf] was disabled because it doesn't support the given collection type.
86 [47417046624000] TRACE perfrun.tpss <> - ENTER: int runtool::tpss::Controller::initialize(runtool::sdk::IConfiguration *)
86 [47417046624000] INFO perfrun.tpss <> - initialize tpss controller
86 [47417046624000] TRACE perfrun.tpss <> - ENTER: bool runtool::tpss::Controller::configureCollectionMode(const std::basic_string<char, std::char_traits<char>, std::allocator<char>> &)
86 [47417046624000] INFO perfrun.tpss <> - configure collection mode: value = cpu:counters:nostack
86 [47417046624000] TRACE perfrun.tpss <> - EXIT:  bool runtool::tpss::Controller::configureCollectionMode(const std::basic_string<char, std::char_traits<char>, std::allocator<char>> &)
86 [47417046624000] TRACE perfrun.tpss <> - ENTER: bool runtool::tpss::Controller::configureCollectionMode(const std::basic_string<char, std::char_traits<char>, std::allocator<char>> &)
86 [47417046624000] INFO perfrun.tpss <> - configure collection mode: value = cpu:stack
86 [47417046624000] TRACE perfrun.tpss <> - EXIT:  bool runtool::tpss::Controller::configureCollectionMode(const std::basic_string<char, std::char_traits<char>, std::allocator<char>> &)
86 [47417046624000] TRACE perfrun.tpss <> - ENTER: tpss::trace_file_t runtool::tpss::castTraceFileType(const gen_helpers2::variant_t &)
86 [47417046624000] TRACE perfrun.tpss <> - EXIT:  tpss::trace_file_t runtool::tpss::castTraceFileType(const gen_helpers2::variant_t &)
86 [47417046624000] INFO perfrun.tpss <> - default obj-size-min=1024
86 [47417046624000] INFO perfrun.tpss <> - default hash-table-size=0
167 [47417046624000] TRACE perfrun.tpss <> - EXIT:  int runtool::tpss::Controller::initialize(runtool::sdk::IConfiguration *)
167 [47417046624000] TRACE perfrun.cuscol <> - ENTER: int runtool::cuscol::Controller::initialize(runtool::sdk::IConfiguration *)
167 [47417046624000] TRACE perfrun.cuscol <> - No custom collections
167 [47417046624000] TRACE perfrun.cuscol <> - EXIT:  int runtool::cuscol::Controller::initialize(runtool::sdk::IConfiguration *)
167 [47417046624000] INFO perfrun.launcher <> - plugin [cuscol] was disabled because it doesn't support the given collection type.
167 [47417046624000] TRACE perfrun.exprof <> - Missing target system for ExactProfiling
167 [47417046624000] INFO perfrun.launcher <> - plugin [exprof] was disabled because it doesn't support the given collection type.
167 [47417046624000] INFO perfrun.launcher <> - plugin [dpdk] was disabled because it doesn't support the given collection type.
167 [47417046624000] TRACE perfrun.media <> - ENTER: int runtool::media::Controller::initialize(runtool::sdk::IConfiguration *)
167 [47417046624000] DEBUG perfrun.media <> - Requested mode tracing mode for Media SDK: 0
167 [47417046624000] DEBUG perfrun.media <> - Full path to .mfx_trace file: '/home/pvelesko/.mfx_trace'
167 [47417046624000] TRACE perfrun.media <> - EXIT:  int runtool::media::Controller::initialize(runtool::sdk::IConfiguration *)
167 [47417046624000] TRACE perfrun.commcollector <> - ENTER: int runtool::commcollector::Controller::initialize(runtool::sdk::IConfiguration *)
167 [47417046624000] INFO perfrun.commcollector <> - Disabling commcollector because remote-host is not specified
167 [47417046624000] TRACE perfrun.commcollector <> - EXIT:  int runtool::commcollector::Controller::initialize(runtool::sdk::IConfiguration *)
167 [47417046624000] INFO perfrun.launcher <> - plugin [commcollector] was disabled because it doesn't support the given collection type.
167 [47417046624000] TRACE perfrun.cvecollector <> - ENTER: int runtool::cvecollector::Controller::initialize(runtool::sdk::IConfiguration *)
167 [47417046624000] TRACE perfrun.cvecollector <> - EXIT:  int runtool::cvecollector::Controller::initialize(runtool::sdk::IConfiguration *)
167 [47417046624000] INFO perfrun.launcher <> - plugin [cve] was disabled because it doesn't support the given collection type.
167 [47417046624000] TRACE perfrun.cvecollector <> - ENTER: runtool::cvecollector::Controller::~Controller()
167 [47417046624000] TRACE perfrun.cvecollector <> - EXIT:  runtool::cvecollector::Controller::~Controller()
167 [47416928612288] INFO perfrun.launcher <> - set environment variable: LD_LIBRARY_PATH = /soft/compilers/intel/vtune_amplifier_2018.1.0.535340/lib32/runtime:/soft/compilers/intel/vtune_amplifier_2018.1.0.535340/lib64/runtime:/soft/compilers/intel/itac/2018.1.017/intel64/slib:/soft/compilers/intel/compilers_and_libraries_2018.1.163/linux/compiler/lib/intel64:/soft/compilers/intel/compilers_and_libraries_2018.1.163/linux/compiler/lib/intel64_lin:/soft/compilers/intel/compilers_and_libraries_2018.1.163/linux/mpi/intel64/lib:/soft/compilers/intel/compilers_and_libraries_2018.1.163/linux/mpi/mic/lib:/soft/compilers/intel/compilers_and_libraries_2018.1.163/linux/ipp/lib/intel64:/soft/compilers/intel/compilers_and_libraries_2018.1.163/linux/compiler/lib/intel64_lin:/soft/compilers/intel/compilers_and_libraries_2018.1.163/linux/mkl/lib/intel64_lin:/soft/compilers/intel/compilers_and_libraries_2018.1.163/linux/tbb/lib/intel64/gcc4.7:/soft/compilers/intel/compilers_and_libraries_2018.1.163/linux/tbb/lib/intel64/gcc4.7:/soft/compilers/intel/debugger_2018/iga/lib:/soft/compilers/intel/debugger_2018/libipt/intel64/lib:/soft/compilers/intel/compilers_and_libraries_2018.1.163/linux/daal/lib/intel64_lin:/soft/compilers/intel/itac/2018.1.017/intel64/slib:/soft/compilers/intel/compilers_and_libraries_2018.1.163/linux/compiler/lib/intel64:/soft/compilers/intel/compilers_and_libraries_2018.1.163/linux/compiler/lib/intel64_lin:/soft/compilers/intel/compilers_and_libraries_2018.1.163/linux/mpi/intel64/lib:/soft/compilers/intel/compilers_and_libraries_2018.1.163/linux/mpi/mic/lib:/soft/compilers/intel/compilers_and_libraries_2018.1.163/linux/ipp/lib/intel64:/soft/compilers/intel/compilers_and_libraries_2018.1.163/linux/compiler/lib/intel64_lin:/soft/compilers/intel/compilers_and_libraries_2018.1.163/linux/mkl/lib/intel64_lin:/soft/compilers/intel/compilers_and_libraries_2018.1.163/linux/tbb/lib/intel64/gcc4.7:/soft/compilers/intel/compilers_and_libraries_2018.1.163/linux/tbb/lib/intel64/gcc4.7:/soft/compilers/intel/debugger_2018/iga/lib:/soft/compilers/intel/debugger_2018/libipt/intel64/lib:/soft/compilers/intel/compilers_and_libraries_2018.1.163/linux/daal/lib/intel64_lin:/soft/compilers/intel/compilers_and_libraries_2018.1.163/linux/daal/../tbb/lib/intel64_lin/gcc4.4
167 [47416928612288] INFO perfrun.launcher <> - set environment variable: INTEL_LIBITTNOTIFY32 = /soft/compilers/intel/vtune_amplifier_2018.1.0.535340/lib32/runtime/libittnotify_collector.so
167 [47416928612288] INFO perfrun.launcher <> - set environment variable: INTEL_LIBITTNOTIFY64 = /soft/compilers/intel/vtune_amplifier_2018.1.0.535340/lib64/runtime/libittnotify_collector.so
167 [47416928612288] INFO perfrun.launcher <> - set environment variable: INTEL_ITTNOTIFY_GROUPS = 
167 [47416928612288] INFO perfrun.launcher <> - set environment variable: INTEL_JIT_PROFILER32 = /soft/compilers/intel/vtune_amplifier_2018.1.0.535340/lib32/runtime/libittnotify_collector.so
167 [47416928612288] INFO perfrun.launcher <> - set environment variable: INTEL_JIT_PROFILER64 = /soft/compilers/intel/vtune_amplifier_2018.1.0.535340/lib64/runtime/libittnotify_collector.so
168 [47416928612288] INFO perfrun.launcher <> - set environment variable: VS_PROFILER = libittnotify_collector.so
168 [47416928612288] INFO perfrun.launcher <> - set environment variable: ENABLE_JITPROFILING = 1
168 [47416928612288] INFO perfrun.launcher <> - set environment variable: CL_CONFIG_USE_VTUNE = True
168 [47416928612288] INFO perfrun.launcher <> - set environment variable: __OCL_MIC_INTEL_LIBITTNOTIFY64 = /amplxe/results/libittnotify_collector.so
168 [47416928612288] INFO perfrun.launcher <> - set environment variable: __OCL_MIC_INTEL_JIT_PROFILER64 = /amplxe/results/libittnotify_collector.so
168 [47416928612288] INFO perfrun.launcher <> - set environment variable: KMP_FORKJOIN_FRAMES = 0
168 [47416928612288] INFO perfrun.launcher <> - set environment variable: KMP_FORKJOIN_FRAMES_MODE = 0
168 [47416928612288] TRACE perfrun.launcher <> - RpcServer was created for IPC filename = /gpfs/jlse-fs0/users/pvelesko/testing/python_openmp_vtune/r003hs/runtool.26054.ipc
168 [47416928612288] TRACE perfrun.launcher <> - RpcServer: setup all handlers at once
168 [47416928612288] TRACE perfrun.launcher <> - RpcServer: setup a handler for ICancelRequest
168 [47416928612288] TRACE perfrun.launcher <> - RpcServer: setup a handler for IPauseRequest
168 [47416928612288] TRACE perfrun.launcher <> - RpcServer: setup a handler for IResumeRequest
168 [47416928612288] TRACE perfrun.launcher <> - RpcServer: setup a handler for IStopRequest
168 [47416928612288] TRACE perfrun.launcher <> - RpcServer: setup a handler for IStatusRequest
168 [47416928612288] TRACE perfrun.launcher <> - RpcServer: setup a handler for IDetachRequest
168 [47416928612288] TRACE perfrun.launcher <> - RpcServer: setup a handler for IMarkRequest
168 [47416928612288] INFO perfrun.launcher <> - RpcServer: run RPC server to handle requests
169 [47416928612288] DEBUG perfrun.launcher <> - RpcServer: wrote information about the RPC server into the IPC file
169 [47416928612288] TRACE perfrun.launcher <> - IMessenger: send collection state with state = 1
169 [47417089394432] TRACE perfrun.launcher <> - ENTER: RpcServer: the main loop handles RPC requests  from clients
169 [47416928612288] TRACE perfrun.launcher <> - EXIT:  void runtool::Launcher::prepareLaunch()
169 [47416928612288] INFO perfrun.launcher <> - Launcher: command line to start before modification = python ./driver.py
169 [47417046624000] TRACE perfrun.tpss <> - ENTER: void runtool::tpss::Controller::modifyCommandLine(std::basic_string<char, std::char_traits<char>, std::allocator<char>> &) const
170 [47417046624000] TRACE perfrun.tpss <> - EXIT:  void runtool::tpss::Controller::modifyCommandLine(std::basic_string<char, std::char_traits<char>, std::allocator<char>> &) const
170 [47416928612288] INFO perfrun.launcher <> - Launcher: command line to start after modification = /soft/compilers/intel/vtune_amplifier_2018.1.0.535340/bin64/pin -error_file /tmp/amplxe-tmp-pvelesko/amplxe-res-26054-4363425959699490/data.0/pinerr.tpsslog -detach_reattach -follow_execv -tool_load_option deepbind -t64 /soft/compilers/intel/vtune_amplifier_2018.1.0.535340/lib64/libtpsstool.so -t /soft/compilers/intel/vtune_amplifier_2018.1.0.535340/lib32/libtpsstool.so -server_name tpss_ipc.26054 -prd_dir /soft/compilers/intel/vtune_amplifier_2018.1.0.535340 -- python ./driver.py
170 [47416928612288] INFO perfrun.launcher <> - ProcessCreator object was created
170 [47416928612288] TRACE perfrun.launcher <> - ENTER: unsigned int runtool::ProcessCreator::start(bool)
171 [47416928612288] TRACE perfrun.launcher <> - EXIT:  unsigned int runtool::ProcessCreator::start(bool)
171 [47416928612288] INFO perfrun.launcher <> - Launcher: the process was started in suspend mode
171 [47417046624000] TRACE perfrun.system <> - ENTER: void runtool::system::Controller::onEvent(runtool::sdk::collection_state_t)
171 [47417046624000] TRACE perfrun.system <> - EXIT:  void runtool::system::Controller::onEvent(runtool::sdk::collection_state_t)
172 [47417046624000] TRACE perfrun.system <> - ENTER: bool runtool::system::Controller::start(unsigned int)
292 [47417046624000] INFO perfrun.system <> - Helper runtool '/soft/compilers/intel/vtune_amplifier_2018.1.0.535340/bin32/amplxe-runss -dump-vdso -r /tmp/amplxe-tmp-pvelesko/amplxe-res-26054-4363425959699490 --tmp-dir /tmp/amplxe-tmp-pvelesko' returned 0
400 [47417046624000] INFO perfrun.system <> - Helper runtool '/soft/compilers/intel/vtune_amplifier_2018.1.0.535340/bin64/amplxe-runss -dump-vdso -r /tmp/amplxe-tmp-pvelesko/amplxe-res-26054-4363425959699490 --tmp-dir /tmp/amplxe-tmp-pvelesko' returned 0
404 [47417046624000] TRACE perfrun.system <> - ENTER: bool runtool::system::getVideoAdapters(std::vector<runtool::system::gpu_adapter_t, std::allocator<runtool::system::gpu_adapter_t>> &)
404 [47417046624000] TRACE perfrun.system <> - EXIT:  bool runtool::system::getVideoAdapters(std::vector<runtool::system::gpu_adapter_t, std::allocator<runtool::system::gpu_adapter_t>> &)
404 [47417046624000] TRACE perfrun.sdk <> - ENTER: bool runtool::sdk::runSystemCmd(const std::basic_string<char, std::char_traits<char>, std::allocator<char>> &, std::basic_string<char, std::char_traits<char>, std::allocator<char>> *, bool, const std::basic_string<char, std::char_traits<char>, std::allocator<char>> &)
404 [47417046624000] WARN perfrun.sdk <> - Failed to find xl binary on any of the system paths: /bin, /sbin, /usr/bin, /usr/sbin., at file: vcs/perfrun1/sdk/src/utils.cpp:423
404 [47417046624000] TRACE perfrun.sdk <> - EXIT:  bool runtool::sdk::runSystemCmd(const std::basic_string<char, std::char_traits<char>, std::allocator<char>> &, std::basic_string<char, std::char_traits<char>, std::allocator<char>> *, bool, const std::basic_string<char, std::char_traits<char>, std::allocator<char>> &)
404 [47417046624000] TRACE perfrun.system <> - ENTER: bool runtool::system::ContainerMapping::start(unsigned int)
404 [47417046624000] TRACE perfrun.system <> - EXIT:  bool runtool::system::ContainerMapping::start(unsigned int)
404 [47417046624000] WARN perfrun.system <> - Could not start ContainerMapping collector, at file: vcs/perfrun1/plugins/system/src/controller.cpp:415
409 [47417046624000] TRACE perfrun.system <> - EXIT:  bool runtool::system::Controller::start(unsigned int)
409 [47417046624000] TRACE perfrun.itt <> - ENTER: bool runtool::itt::Controller::start(unsigned int)
409 [47417046624000] INFO perfrun.itt <> - start itt controller for pid #26060
410 [47417046624000] TRACE perfrun.itt <> - EXIT:  bool runtool::itt::Controller::start(unsigned int)
410 [47417046624000] TRACE perfrun.tpss <> - ENTER: bool runtool::tpss::Controller::start(unsigned int)
410 [47417046624000] INFO perfrun.tpss <> - start tpss controller for pid #26060
460 [47417046624000] TRACE perfrun.tpss <> - EXIT:  bool runtool::tpss::Controller::start(unsigned int)
460 [47417046624000] TRACE perfrun.media <> - ENTER: bool runtool::media::Controller::start(unsigned int)
460 [47417046624000] TRACE perfrun.media <> - EXIT:  bool runtool::media::Controller::start(unsigned int)
460 [47417046624000] TRACE perfrun.system <> - ENTER: void runtool::system::Controller::onEvent(runtool::sdk::collection_state_t)
460 [47417046624000] TRACE perfrun.system <> - EXIT:  void runtool::system::Controller::onEvent(runtool::sdk::collection_state_t)
460 [47416928612288] INFO perfrun.launcher <> - Launcher: all plugins were started
460 [47416928612288] INFO perfrun.launcher <> - DirectoryMonitor object was created
460 [47416928612288] INFO perfrun.launcher <> - DirectoryMonitor: a callback was added
460 [47416928612288] INFO perfrun.launcher <> - DirectoryMonitor was started with pingTime = 1000
461 [47416928612288] INFO perfrun.launcher <> - DeadlineTimer is going to be constructed
461 [47416928612288] INFO perfrun.launcher <> - DeadlineTimer: a callback was added
463 [47416928612288] TRACE perfrun.launcher <> - ENTER: void runtool::ProcessCreator::resume()
463 [47416928612288] DEBUG perfrun.launcher <> - ProcessCreator: the process with pid = 26060 is resumed
464 [47416928612288] TRACE perfrun.launcher <> - EXIT:  void runtool::ProcessCreator::resume()
465 [47416928612288] INFO perfrun.launcher <> - Launcher: resume the profiled application and  wait its termination or stop command
465 [47416928612288] TRACE perfrun.launcher <> - ENTER: int runtool::ProcessCreator::wait()
1461 [47417095698176] TRACE perfrun.launcher <> - ENTER: void runtool::DeadlineTimer::notify(const boost::system::error_code &)
1461 [47417095698176] TRACE perfrun.launcher <> - ENTER: void runtool::DirectoryMonitor::notifyAll()
1461 [47417095698176] TRACE perfrun.sdk <> - ENTER: void runtool::sdk::getFilesFromDirectoryByExt(const std::basic_string<char, std::char_traits<char>, std::allocator<char>> &, const std::basic_string<char, std::char_traits<char>, std::allocator<char>> &, std::list<std::basic_string<char, std::char_traits<char>, std::allocator<char>>, std::allocator<std::basic_string<char, std::char_traits<char>, std::allocator<char>>>> &)
1462 [47417095698176] TRACE perfrun.sdk <> - EXIT:  void runtool::sdk::getFilesFromDirectoryByExt(const std::basic_string<char, std::char_traits<char>, std::allocator<char>> &, const std::basic_string<char, std::char_traits<char>, std::allocator<char>> &, std::list<std::basic_string<char, std::char_traits<char>, std::allocator<char>>, std::allocator<std::basic_string<char, std::char_traits<char>, std::allocator<char>>>> &)
1462 [47417095698176] DEBUG perfrun.launcher <> - DirectoryInfo: total size of monitored paths is 134 bytes
1462 [47417095698176] TRACE perfrun.launcher <> - EXIT:  void runtool::DirectoryMonitor::notifyAll()
1462 [47417095698176] TRACE perfrun.launcher <> - EXIT:  void runtool::DeadlineTimer::notify(const boost::system::error_code &)
2463 [47417095698176] TRACE perfrun.launcher <> - ENTER: void runtool::DeadlineTimer::notify(const boost::system::error_code &)
2463 [47417095698176] TRACE perfrun.launcher <> - ENTER: void runtool::DirectoryMonitor::notifyAll()
2463 [47417095698176] TRACE perfrun.sdk <> - ENTER: void runtool::sdk::getFilesFromDirectoryByExt(const std::basic_string<char, std::char_traits<char>, std::allocator<char>> &, const std::basic_string<char, std::char_traits<char>, std::allocator<char>> &, std::list<std::basic_string<char, std::char_traits<char>, std::allocator<char>>, std::allocator<std::basic_string<char, std::char_traits<char>, std::allocator<char>>>> &)
2464 [47417095698176] TRACE perfrun.sdk <> - EXIT:  void runtool::sdk::getFilesFromDirectoryByExt(const std::basic_string<char, std::char_traits<char>, std::allocator<char>> &, const std::basic_string<char, std::char_traits<char>, std::allocator<char>> &, std::list<std::basic_string<char, std::char_traits<char>, std::allocator<char>>, std::allocator<std::basic_string<char, std::char_traits<char>, std::allocator<char>>>> &)
2464 [47417095698176] DEBUG perfrun.launcher <> - DirectoryInfo: total size of monitored paths is 36736 bytes
2464 [47417095698176] TRACE perfrun.launcher <> - EXIT:  void runtool::DirectoryMonitor::notifyAll()
2464 [47417095698176] TRACE perfrun.launcher <> - EXIT:  void runtool::DeadlineTimer::notify(const boost::system::error_code &)
2498 [47417097799424] TRACE perfrun.launcher <> - IMessenger: send message with severity = 2 and msg = Cannot stop posix timer: __NR_timer_settime() system call returned -1.
2499 [47417097799424] WARN perfrun.launcher <> - Messenger::say: Cannot stop posix timer: __NR_timer_settime() system call returned -1.
2523 [47416928612288] TRACE perfrun.launcher <> - EXIT:  int runtool::ProcessCreator::wait()
2524 [47416928612288] INFO perfrun.launcher <> - Launcher: the profiled application was terminated  with exit code = 0
2524 [47416928612288] TRACE perfrun.sdk <> - ENTER: void runtool::sdk::getFilesFromDirectoryByExt(const std::basic_string<char, std::char_traits<char>, std::allocator<char>> &, const std::basic_string<char, std::char_traits<char>, std::allocator<char>> &, std::list<std::basic_string<char, std::char_traits<char>, std::allocator<char>>, std::allocator<std::basic_string<char, std::char_traits<char>, std::allocator<char>>>> &)
2525 [47416928612288] TRACE perfrun.sdk <> - EXIT:  void runtool::sdk::getFilesFromDirectoryByExt(const std::basic_string<char, std::char_traits<char>, std::allocator<char>> &, const std::basic_string<char, std::char_traits<char>, std::allocator<char>> &, std::list<std::basic_string<char, std::char_traits<char>, std::allocator<char>>, std::allocator<std::basic_string<char, std::char_traits<char>, std::allocator<char>>>> &)
2525 [47417046624000] TRACE perfrun.system <> - ENTER: void runtool::system::Controller::onEvent(runtool::sdk::collection_state_t)
2525 [47417046624000] TRACE perfrun.system <> - EXIT:  void runtool::system::Controller::onEvent(runtool::sdk::collection_state_t)
2525 [47417046624000] TRACE perfrun.system <> - ENTER: bool runtool::system::Controller::stop()
2525 [47417046624000] TRACE perfrun.system <> - ENTER: bool runtool::system::ContainerMapping::stop()
2525 [47417046624000] TRACE perfrun.system <> - EXIT:  bool runtool::system::ContainerMapping::stop()
2537 [47417046624000] TRACE perfrun.system <> - EXIT:  bool runtool::system::Controller::stop()
2537 [47417046624000] TRACE perfrun.itt <> - ENTER: bool runtool::itt::Controller::stop()
2537 [47417046624000] INFO perfrun.itt <> - stop itt controller
2537 [47417046624000] TRACE perfrun.itt <> - ENTER: bool runtool::itt::Controller::detach()
2537 [47417046624000] INFO perfrun.itt <> - detach itt controller
2537 [47417046624000] TRACE perfrun.itt <> - EXIT:  bool runtool::itt::Controller::detach()
2537 [47417046624000] TRACE perfrun.itt <> - EXIT:  bool runtool::itt::Controller::stop()
2537 [47417046624000] TRACE perfrun.tpss <> - ENTER: bool runtool::tpss::Controller::stop()
2537 [47417046624000] INFO perfrun.tpss <> - stop tpss controller
2538 [47417046624000] TRACE perfrun.tpss <> - EXIT:  bool runtool::tpss::Controller::stop()
2538 [47417046624000] TRACE perfrun.media <> - ENTER: bool runtool::media::Controller::stop()
2538 [47417046624000] TRACE perfrun.media <> - EXIT:  bool runtool::media::Controller::stop()
2538 [47417046624000] ERROR perfrun.launcher <> - media can not perform an operation and will be disabled., at file: vcs/perfrun1/launcher/src/plugin_manager_impl.hpp:433
2538 [47417046624000] TRACE perfrun.system <> - ENTER: void runtool::system::Controller::onEvent(runtool::sdk::collection_state_t)
2538 [47417046624000] TRACE perfrun.sdk <> - ENTER: void runtool::sdk::TraceFile::close(boost::system::error_code &)
2538 [47417046624000] INFO perfrun.sdk <> - De-allocating TMU: /tmp/amplxe-tmp-pvelesko/amplxe-res-26054-4363425959699490/data.0/systemcollector-26054-jlselogin1.sc
2538 [47417046624000] TRACE perfrun.sdk <> - EXIT:  void runtool::sdk::TraceFile::close(boost::system::error_code &)
2538 [47417046624000] INFO perfrun.system <> - closed the system trace file: /tmp/amplxe-tmp-pvelesko/amplxe-res-26054-4363425959699490/data.0/systemcollector-26054-jlselogin1.sc
2538 [47417046624000] TRACE perfrun.system <> - EXIT:  void runtool::system::Controller::onEvent(runtool::sdk::collection_state_t)
2538 [47416928612288] TRACE perfrun.launcher <> - ENTER: void runtool::ProcessSetMonitor<T>::stop() [with T = unsigned int]
2538 [47416928612288] TRACE perfrun.launcher <> - EXIT:  void runtool::ProcessSetMonitor<T>::stop() [with T = unsigned int]
2538 [47416928612288] TRACE perfrun.launcher <> - ENTER: void runtool::ProcessCreator::stop()
2538 [47416928612288] TRACE perfrun.launcher <> - EXIT:  void runtool::ProcessCreator::stop()
2538 [47416928612288] INFO perfrun.launcher <> - Launcher: all plugins were stopped.
2538 [47416928612288] INFO perfrun.launcher <> - DeadlineTimer is going to be destroyed
2539 [47416928612288] INFO perfrun.launcher <> - DirectoryMonitor object was destroyed
2539 [47416928612288] WARN perfrun.launcher <> - Stop command is ignored because it is received when collection is already stopped, at file: vcs/perfrun1/launcher/src/command_handler.cpp:201
2539 [47416928612288] TRACE perfrun.launcher <> - ENTER: void runtool::Launcher::shutdownLaunch()
2540 [47416928612288] TRACE perfrun.launcher <> - ENTER: Send RPC request
2540 [47417089394432] TRACE perfrun.launcher <> - ENTER: Receive RPC request
2540 [47416928612288] TRACE perfrun.launcher <> - header and body of the message was send: header = 22 serialization::archive 10 0 0 8 0 0 0 0; body = 22 serialization::archive 10 0 0 8 0 0 0 0
2540 [47416928612288] TRACE perfrun.launcher <> - EXIT:  Send RPC request
2540 [47417089394432] TRACE perfrun.launcher <> - header of the message was received: size = 8; message =       2a
2540 [47417089394432] TRACE perfrun.launcher <> - body of the message was received: size = 42; message = 22 serialization::archive 10 0 0 8 0 0 0 0
2540 [47417089394432] TRACE perfrun.launcher <> - EXIT:  Receive RPC request
2540 [47417089394432] TRACE perfrun.launcher <> - EXIT:  RpcServer: the main loop handles RPC requests  from clients
2601 [47416928612288] TRACE perfrun.sdk <> - ENTER: void runtool::sdk::getFilesFromDirectoryByExt(const std::basic_string<char, std::char_traits<char>, std::allocator<char>> &, const std::basic_string<char, std::char_traits<char>, std::allocator<char>> &, std::list<std::basic_string<char, std::char_traits<char>, std::allocator<char>>, std::allocator<std::basic_string<char, std::char_traits<char>, std::allocator<char>>>> &)
2605 [47416928612288] TRACE perfrun.sdk <> - EXIT:  void runtool::sdk::getFilesFromDirectoryByExt(const std::basic_string<char, std::char_traits<char>, std::allocator<char>> &, const std::basic_string<char, std::char_traits<char>, std::allocator<char>> &, std::list<std::basic_string<char, std::char_traits<char>, std::allocator<char>>, std::allocator<std::basic_string<char, std::char_traits<char>, std::allocator<char>>>> &)
2605 [47416928612288] TRACE perfrun.launcher <> - EXIT:  void runtool::Launcher::shutdownLaunch()
2605 [47416928612288] TRACE perfrun.launcher <> - EXIT:  int runtool::Launcher::doStart()
2605 [47416928612288] TRACE perfrun.launcher <> - IMessenger: send collection state with state = 3
2605 [47416928612288] INFO perfrun.launcher <> - Application exit code: 0
2605 [47416928612288] INFO perfrun.launcher <> - Exit code: 0
2605 [47416928612288] TRACE perfrun.launcher <> - EXIT:  Start the collection
2605 [47416928612288] TRACE perfrun.launcher <> - ENTER: Destroy the launcher...
2605 [47416928612288] TRACE perfrun.launcher <> - EXIT:  Destroy the launcher...
2605 [47416928612288] TRACE perfrun.launcher <> - ENTER: runtool::ProcessCreator::~ProcessCreator()
2605 [47416928612288] TRACE perfrun.launcher <> - ENTER: void runtool::ProcessCreator::stop()
2605 [47416928612288] TRACE perfrun.launcher <> - EXIT:  void runtool::ProcessCreator::stop()
2605 [47416928612288] TRACE perfrun.launcher <> - EXIT:  runtool::ProcessCreator::~ProcessCreator()
2605 [47416928612288] TRACE perfrun.launcher <> - PluginManagerProxy::doOperation thread was terminated.
2610 [47416928612288] TRACE perfrun.launcher <> - EXIT:  int main(int, char **)
